<?xml version="1.0" encoding="utf-8"?><testsuites name="pytest tests"><testsuite name="pytest" errors="0" failures="0" skipped="0" tests="14" time="7.411" timestamp="2026-04-06T04:25:33.153013+00:00" hostname="agent-env-e0110833-59f8-4495-a175-30c9c4d6d9d1"><testcase classname="backend.tests.test_company_profile.TestCompanyProfileAPI" name="test_get_all_company_profiles" time="0.408" /><testcase classname="backend.tests.test_company_profile.TestCompanyProfileAPI" name="test_get_active_company_profile" time="0.376" /><testcase classname="backend.tests.test_company_profile.TestCompanyProfileAPI" name="test_create_company_profile" time="0.820" /><testcase classname="backend.tests.test_company_profile.TestCompanyProfileAPI" name="test_update_company_profile" time="0.507" /><testcase classname="backend.tests.test_company_profile.TestCompanyProfileAPI" name="test_toggle_active_profile" time="0.518" /><testcase classname="backend.tests.test_company_profile.TestCompanyProfileAPI" name="test_delete_company_profile" time="0.464" /><testcase classname="backend.tests.test_company_profile.TestCompanyProfileAPI" name="test_cannot_delete_active_profile" time="0.591" /><testcase classname="backend.tests.test_company_profile.TestCompanyProfileAPI" name="test_upload_logo" time="0.728" /><testcase classname="backend.tests.test_company_profile.TestCompanyProfileAPI" name="test_upload_logo_rejects_non_image" time="0.725" /><testcase classname="backend.tests.test_company_profile.TestCompanyProfileAPI" name="test_company_profile_requires_auth" time="0.508" /><testcase classname="backend.tests.test_company_profile.TestCompanyProfileAPI" name="test_active_profile_public_access" time="0.453" /><testcase classname="backend.tests.test_company_profile.TestTermsAndConditionsAPI" name="test_get_active_terms" time="0.412" /><testcase classname="backend.tests.test_company_profile.TestProjectPDFIntegration" name="test_approved_project_has_cost_estimation" time="0.401" /><testcase classname="backend.tests.test_company_profile.TestProjectPDFIntegration" name="test_project_details_endpoint" time="0.410" /></testsuite></testsuites>