<?xml version="1.0" encoding="utf-8"?><testsuites name="pytest tests"><testsuite name="pytest" errors="0" failures="0" skipped="0" tests="8" time="2.337" timestamp="2026-05-22T14:43:15.799987+00:00" hostname="agent-env-86a396a4-eee6-43cf-95a4-609aa1e6ecd9"><testcase classname="backend.tests.test_iteration33.TestNotesCreateAndGet" name="test_create_with_notes_returns_notes_and_empty_history" time="0.618" /><testcase classname="backend.tests.test_iteration33.TestNotesAppendEndpoint" name="test_append_note_succeeds_and_persists" time="0.296" /><testcase classname="backend.tests.test_iteration33.TestNotesAppendEndpoint" name="test_append_empty_text_returns_400" time="0.223" /><testcase classname="backend.tests.test_iteration33.TestNotesOnlyPutOnCompleted" name="test_notes_only_put_allowed_on_completed" time="0.365" /><testcase classname="backend.tests.test_iteration33.TestNotesOnlyPutOnCompleted" name="test_customer_put_on_completed_rejected_with_400" time="0.210" /><testcase classname="backend.tests.test_iteration33.TestLegacyShadowNotesMigration" name="test_legacy_shadow_notes_migrate_into_notes_on_get" time="0.202" /><testcase classname="backend.tests.test_iteration33.TestRegressionTermsAndDashboard" name="test_terms_id_persists_on_create" time="0.210" /><testcase classname="backend.tests.test_iteration33.TestRegressionTermsAndDashboard" name="test_dashboard_stats_conversion_rate" time="0.072" /></testsuite></testsuites>