<?xml version="1.0" encoding="utf-8"?><testsuites name="pytest tests"><testsuite name="pytest" errors="0" failures="0" skipped="0" tests="5" time="1.363" timestamp="2026-05-06T20:30:37.878481+00:00" hostname="agent-env-86a396a4-eee6-43cf-95a4-609aa1e6ecd9"><testcase classname="backend.tests.test_gst_accounts.TestAccountsSummary" name="test_summary_contains_gst_keys" time="0.818" /><testcase classname="backend.tests.test_gst_accounts.TestGstPaidEntry" name="test_create_gst_paid_entry" time="0.095" /><testcase classname="backend.tests.test_gst_accounts.TestGstPaidEntry" name="test_summary_reflects_gst_paid" time="0.093" /><testcase classname="backend.tests.test_gst_accounts.TestGstPaidEntry" name="test_cleanup_gst_entry" time="0.088" /><testcase classname="backend.tests.test_gst_accounts.TestGstInputEntry" name="test_create_and_delete_gst_input" time="0.203" /></testsuite></testsuites>