<?xml version="1.0" encoding="utf-8"?><testsuites name="pytest tests"><testsuite name="pytest" errors="0" failures="0" skipped="0" tests="6" time="1.230" timestamp="2026-08-16T16:41:02.218654+00:00" hostname="agent-env-86a396a4-eee6-43cf-95a4-609aa1e6ecd9"><testcase classname="backend.tests.test_iter43_api" name="test_create_marketing_expense_persists_attribution" time="0.521" /><testcase classname="backend.tests.test_iter43_api" name="test_marketing_summary_endpoint" time="0.071" /><testcase classname="backend.tests.test_iter43_api" name="test_subsidy_upsert_merge_preserves_dates_and_computes_days" time="0.216" /><testcase classname="backend.tests.test_iter43_api" name="test_subsidy_status_only_update_preserves_amounts" time="0.206" /><testcase classname="backend.tests.test_iter43_api" name="test_cac_report_wide_window" time="0.068" /><testcase classname="backend.tests.test_iter43_api" name="test_subsidy_analytics_ok" time="0.072" /></testsuite></testsuites>