<?xml version="1.0" encoding="utf-8"?><testsuites name="pytest tests"><testsuite name="pytest" errors="0" failures="0" skipped="0" tests="8" time="1.366" timestamp="2026-08-16T06:14:43.705289+00:00" hostname="agent-env-86a396a4-eee6-43cf-95a4-609aa1e6ecd9"><testcase classname="backend.tests.test_iteration39" name="test_create_project_with_null_drive_link" time="0.564" /><testcase classname="backend.tests.test_iteration39" name="test_create_project_with_empty_string_drive_link" time="0.092" /><testcase classname="backend.tests.test_iteration39" name="test_projects_list_no_sentinel_leak" time="0.056" /><testcase classname="backend.tests.test_iteration38" name="test_login_success" time="0.325" /><testcase classname="backend.tests.test_iteration38" name="test_auth_me" time="0.044" /><testcase classname="backend.tests.test_iteration38" name="test_projects_list" time="0.085" /><testcase classname="backend.tests.test_iteration38" name="test_dashboard_stats" time="0.048" /><testcase classname="backend.tests.test_iteration38" name="test_jwt_secret_stable_across_calls" time="0.087" /></testsuite></testsuites>