<?xml version="1.0" encoding="utf-8"?><testsuites name="pytest tests"><testsuite name="pytest" errors="0" failures="0" skipped="0" tests="10" time="5.278" timestamp="2026-04-11T14:02:05.586146+00:00" hostname="agent-env-3bde87a5-d7d9-4410-94cc-20fcf40ce8a1"><testcase classname="backend.tests.test_iteration10_site_measurements.TestSiteMeasurementsAPI" name="test_01_create_project_with_full_site_measurements" time="0.567" /><testcase classname="backend.tests.test_iteration10_site_measurements.TestSiteMeasurementsAPI" name="test_02_create_project_with_empty_site_measurements" time="0.463" /><testcase classname="backend.tests.test_iteration10_site_measurements.TestSiteMeasurementsAPI" name="test_03_update_project_site_measurements" time="0.517" /><testcase classname="backend.tests.test_iteration10_site_measurements.TestSiteMeasurementsAPI" name="test_04_get_existing_project_with_site_measurements" time="0.385" /><testcase classname="backend.tests.test_iteration10_site_measurements.TestSiteMeasurementsAPI" name="test_05_roof_type_dropdown_values" time="0.698" /><testcase classname="backend.tests.test_iteration10_site_measurements.TestSiteMeasurementsAPI" name="test_06_orientation_direction_values" time="0.744" /><testcase classname="backend.tests.test_iteration10_site_measurements.TestSiteMeasurementsAPI" name="test_07_shadow_sources_multi_select" time="0.468" /><testcase classname="backend.tests.test_iteration10_site_measurements.TestSiteMeasurementsAPI" name="test_08_obstructions_dynamic_rows" time="0.421" /><testcase classname="backend.tests.test_iteration10_site_measurements.TestSiteMeasurementsAPI" name="test_09_connection_type_values" time="0.462" /><testcase classname="backend.tests.test_iteration10_site_measurements.TestSiteMeasurementsAPI" name="test_10_access_type_values" time="0.470" /></testsuite></testsuites>