<?xml version="1.0" encoding="utf-8"?><testsuites name="pytest tests"><testsuite name="pytest" errors="0" failures="0" skipped="0" tests="35" time="8.810" timestamp="2026-08-25T21:00:37.364323+00:00" hostname="agent-env-86a396a4-eee6-43cf-95a4-609aa1e6ecd9"><testcase classname="tests.test_iter45_api.TestInventoryImport" name="test_preview_with_aliased_headers" time="1.010" /><testcase classname="tests.test_iter45_api.TestInventoryImport" name="test_preview_missing_required_returns_needs_mapping" time="0.101" /><testcase classname="tests.test_iter45_api.TestInventoryImport" name="test_preview_duplicate_sku_flagged" time="0.107" /><testcase classname="tests.test_iter45_api.TestInventoryImport" name="test_dry_run_does_not_write" time="0.206" /><testcase classname="tests.test_iter45_api.TestInventoryImport" name="test_real_import_then_update_quantity" time="0.405" /><testcase classname="tests.test_iter45_api.TestPurchaseInbound" name="test_full_inbound_flow_and_idempotency_and_edit_and_reverse" time="1.349" /><testcase classname="tests.test_iter45_api.TestPurchaseInbound" name="test_inbound_approval_queue_empty_for_admin" time="0.078" /><testcase classname="tests.test_iter45_api.TestReconciliation" name="test_get_draft" time="0.158" /><testcase classname="tests.test_iter45_api.TestReconciliation" name="test_submit_and_verify_and_report" time="0.525" /><testcase classname="tests.test_iter45_api.TestReconciliation" name="test_alerts" time="0.084" /><testcase classname="tests.test_iter45_api.TestReconciliation" name="test_excess_material_report_tile_endpoint" time="0.075" /><testcase classname="tests.test_iter45_api.TestAssets" name="test_list_and_detail" time="0.223" /><testcase classname="tests.test_iter45_api.TestAssets" name="test_issue_double_issue_and_return" time="0.402" /><testcase classname="tests.test_iter45_api.TestAssets" name="test_maintenance_log" time="0.160" /><testcase classname="tests.test_iter45_api.TestAssets" name="test_compliance" time="0.075" /><testcase classname="tests.test_iter45_api.TestAssets" name="test_seven_reports[register]" time="0.075" /><testcase classname="tests.test_iter45_api.TestAssets" name="test_seven_reports[issue_log]" time="0.073" /><testcase classname="tests.test_iter45_api.TestAssets" name="test_seven_reports[maintenance]" time="0.076" /><testcase classname="tests.test_iter45_api.TestAssets" name="test_seven_reports[compliance]" time="0.076" /><testcase classname="tests.test_iter45_api.TestAssets" name="test_seven_reports[utilisation]" time="0.075" /><testcase classname="tests.test_iter45_api.TestAssets" name="test_seven_reports[depreciation]" time="0.076" /><testcase classname="tests.test_iter45_api.TestAssets" name="test_seven_reports[writeoff]" time="0.069" /><testcase classname="tests.test_iter45_api.TestAssets" name="test_update_and_delete" time="0.322" /><testcase classname="tests.test_iter45_api.TestAMC" name="test_list_and_detail" time="0.264" /><testcase classname="tests.test_iter45_api.TestAMC" name="test_dashboard_real_numbers" time="0.075" /><testcase classname="tests.test_iter45_api.TestAMC" name="test_visit_schedule_and_complete" time="0.242" /><testcase classname="tests.test_iter45_api.TestAMC" name="test_from_completed_project" time="0.240" /><testcase classname="tests.test_iter45_api.TestAMC" name="test_renew_and_cancel" time="0.393" /><testcase classname="tests.test_iter45_api.TestAMC" name="test_recurring_revenue_report" time="0.079" /><testcase classname="tests.test_iter45_api.TestLocations" name="test_list_contains" time="0.156" /><testcase classname="tests.test_iter45_api.TestLocations" name="test_update" time="0.153" /><testcase classname="tests.test_iter45_api.TestLocations" name="test_update_missing_404" time="0.074" /><testcase classname="tests.test_iter45_api.TestLocations" name="test_user_location_assignment_persists" time="0.333" /><testcase classname="tests.test_iter45_api.TestLocations" name="test_delete_blocked_when_in_use_then_delete" time="0.495" /><testcase classname="tests.test_iter45_api.TestBranchEdit" name="test_create_update_delete_branch" time="0.397" /></testsuite></testsuites>