<?xml version="1.0" encoding="utf-8"?><testsuites name="pytest tests"><testsuite name="pytest" errors="0" failures="0" skipped="0" tests="5" time="0.713" timestamp="2026-08-16T06:10:32.718828+00:00" hostname="agent-env-86a396a4-eee6-43cf-95a4-609aa1e6ecd9"><testcase classname="backend.tests.test_iteration38" name="test_login_success" time="0.392" /><testcase classname="backend.tests.test_iteration38" name="test_auth_me" time="0.052" /><testcase classname="backend.tests.test_iteration38" name="test_projects_list" time="0.072" /><testcase classname="backend.tests.test_iteration38" name="test_dashboard_stats" time="0.048" /><testcase classname="backend.tests.test_iteration38" name="test_jwt_secret_stable_across_calls" time="0.088" /></testsuite></testsuites>