<?xml version="1.0" encoding="utf-8"?><testsuites name="pytest tests"><testsuite name="pytest" errors="9" failures="0" skipped="1" tests="10" time="0.696" timestamp="2026-08-16T12:24:10.534366+00:00" hostname="agent-env-86a396a4-eee6-43cf-95a4-609aa1e6ecd9"><testcase classname="backend.tests.test_iter42_api" name="test_ceo_dashboard_has_health_score" time="0.470"><error message="failed on setup with &quot;KeyError: 'access_token'&quot;">backend/tests/test_iter42_api.py:14: in admin_token
    return r.json()["access_token"]
           ^^^^^^^^^^^^^^^^^^^^^^^^
E   KeyError: 'access_token'</error></testcase><testcase classname="backend.tests.test_iter42_api" name="test_health_config_get_and_put" time="0.000"><error message="failed on setup with &quot;KeyError: 'access_token'&quot;">backend/tests/test_iter42_api.py:14: in admin_token
    return r.json()["access_token"]
           ^^^^^^^^^^^^^^^^^^^^^^^^
E   KeyError: 'access_token'</error></testcase><testcase classname="backend.tests.test_iter42_api" name="test_health_snapshot_idempotent" time="0.000"><error message="failed on setup with &quot;KeyError: 'access_token'&quot;">backend/tests/test_iter42_api.py:14: in admin_token
    return r.json()["access_token"]
           ^^^^^^^^^^^^^^^^^^^^^^^^
E   KeyError: 'access_token'</error></testcase><testcase classname="backend.tests.test_iter42_api" name="test_health_history" time="0.000"><error message="failed on setup with &quot;KeyError: 'access_token'&quot;">backend/tests/test_iter42_api.py:14: in admin_token
    return r.json()["access_token"]
           ^^^^^^^^^^^^^^^^^^^^^^^^
E   KeyError: 'access_token'</error></testcase><testcase classname="backend.tests.test_iter42_api" name="test_expansion_overview" time="0.000"><error message="failed on setup with &quot;KeyError: 'access_token'&quot;">backend/tests/test_iter42_api.py:14: in admin_token
    return r.json()["access_token"]
           ^^^^^^^^^^^^^^^^^^^^^^^^
E   KeyError: 'access_token'</error></testcase><testcase classname="backend.tests.test_iter42_api" name="test_expansion_overview_state_filter" time="0.000"><error message="failed on setup with &quot;KeyError: 'access_token'&quot;">backend/tests/test_iter42_api.py:14: in admin_token
    return r.json()["access_token"]
           ^^^^^^^^^^^^^^^^^^^^^^^^
E   KeyError: 'access_token'</error></testcase><testcase classname="backend.tests.test_iter42_api" name="test_expansion_simulate" time="0.000"><error message="failed on setup with &quot;KeyError: 'access_token'&quot;">backend/tests/test_iter42_api.py:14: in admin_token
    return r.json()["access_token"]
           ^^^^^^^^^^^^^^^^^^^^^^^^
E   KeyError: 'access_token'</error></testcase><testcase classname="backend.tests.test_iter42_api" name="test_expansion_config_get_put" time="0.000"><error message="failed on setup with &quot;KeyError: 'access_token'&quot;">backend/tests/test_iter42_api.py:14: in admin_token
    return r.json()["access_token"]
           ^^^^^^^^^^^^^^^^^^^^^^^^
E   KeyError: 'access_token'</error></testcase><testcase classname="backend.tests.test_iter42_api" name="test_expansion_branches_crud" time="0.000"><error message="failed on setup with &quot;KeyError: 'access_token'&quot;">backend/tests/test_iter42_api.py:14: in admin_token
    return r.json()["access_token"]
           ^^^^^^^^^^^^^^^^^^^^^^^^
E   KeyError: 'access_token'</error></testcase><testcase classname="backend.tests.test_iter42_api" name="test_staff_forbidden_on_expansion" time="0.112"><skipped type="pytest.skip" message="no staff account available">/app/backend/tests/test_iter42_api.py:137: no staff account available</skipped></testcase></testsuite></testsuites>