<?xml version="1.0" encoding="utf-8"?><testsuites name="pytest tests"><testsuite name="pytest" errors="0" failures="0" skipped="0" tests="30" time="6.067" timestamp="2026-05-02T18:12:08.080656+00:00" hostname="agent-env-750e74f7-fe8f-41c5-8b3d-8678a6c32146"><testcase classname="backend.tests.test_iteration15_new_reports.TestAuth" name="test_login_success" time="0.387" /><testcase classname="backend.tests.test_iteration15_new_reports.TestNewReportTypes" name="test_expense_report" time="0.494" /><testcase classname="backend.tests.test_iteration15_new_reports.TestNewReportTypes" name="test_inbound_report" time="0.149" /><testcase classname="backend.tests.test_iteration15_new_reports.TestNewReportTypes" name="test_outbound_report" time="0.151" /><testcase classname="backend.tests.test_iteration15_new_reports.TestNewReportTypes" name="test_low_stock_report" time="0.112" /><testcase classname="backend.tests.test_iteration15_new_reports.TestNewReportTypes" name="test_excess_materials_report" time="0.113" /><testcase classname="backend.tests.test_iteration15_new_reports.TestNewReportTypes" name="test_scrap_report" time="0.103" /><testcase classname="backend.tests.test_iteration15_new_reports.TestNewReportTypes" name="test_price_fluctuation_report" time="0.116" /><testcase classname="backend.tests.test_iteration15_new_reports.TestNewReportTypes" name="test_technical_om_merged_report" time="0.104" /><testcase classname="backend.tests.test_iteration15_new_reports.TestAllReportTypes" name="test_report_type_exists[sales]" time="0.427" /><testcase classname="backend.tests.test_iteration15_new_reports.TestAllReportTypes" name="test_report_type_exists[profit]" time="0.108" /><testcase classname="backend.tests.test_iteration15_new_reports.TestAllReportTypes" name="test_report_type_exists[expense]" time="0.151" /><testcase classname="backend.tests.test_iteration15_new_reports.TestAllReportTypes" name="test_report_type_exists[execution]" time="0.108" /><testcase classname="backend.tests.test_iteration15_new_reports.TestAllReportTypes" name="test_report_type_exists[inventory]" time="0.116" /><testcase classname="backend.tests.test_iteration15_new_reports.TestAllReportTypes" name="test_report_type_exists[inbound]" time="0.148" /><testcase classname="backend.tests.test_iteration15_new_reports.TestAllReportTypes" name="test_report_type_exists[outbound]" time="0.108" /><testcase classname="backend.tests.test_iteration15_new_reports.TestAllReportTypes" name="test_report_type_exists[low_stock]" time="0.136" /><testcase classname="backend.tests.test_iteration15_new_reports.TestAllReportTypes" name="test_report_type_exists[excess]" time="0.110" /><testcase classname="backend.tests.test_iteration15_new_reports.TestAllReportTypes" name="test_report_type_exists[scrap]" time="0.120" /><testcase classname="backend.tests.test_iteration15_new_reports.TestAllReportTypes" name="test_report_type_exists[price_fluctuation]" time="0.112" /><testcase classname="backend.tests.test_iteration15_new_reports.TestAllReportTypes" name="test_report_type_exists[technical_om]" time="0.106" /><testcase classname="backend.tests.test_iteration15_new_reports.TestAllReportTypes" name="test_report_type_exists[compliance]" time="0.108" /><testcase classname="backend.tests.test_iteration15_new_reports.TestAllReportTypes" name="test_report_type_exists[hr]" time="0.100" /><testcase classname="backend.tests.test_iteration15_new_reports.TestAllReportTypes" name="test_report_type_exists[marketing]" time="0.132" /><testcase classname="backend.tests.test_iteration15_new_reports.TestAllReportTypes" name="test_report_type_exists[customer]" time="0.137" /><testcase classname="backend.tests.test_iteration15_new_reports.TestAllReportTypes" name="test_unknown_report_type_returns_404" time="0.148" /><testcase classname="backend.tests.test_iteration15_new_reports.TestAutoSaveDraft" name="test_create_draft_project" time="0.541" /><testcase classname="backend.tests.test_iteration15_new_reports.TestAutoSaveDraft" name="test_update_draft_project" time="0.398" /><testcase classname="backend.tests.test_iteration15_new_reports.TestDashboardStats" name="test_dashboard_stats" time="0.462" /><testcase classname="backend.tests.test_iteration15_new_reports.TestCeoDashboard" name="test_ceo_dashboard" time="0.446" /></testsuite></testsuites>