<?xml version="1.0" encoding="utf-8"?><testsuites name="pytest tests"><testsuite name="pytest" errors="0" failures="0" skipped="0" tests="28" time="4.251" timestamp="2026-05-03T12:11:59.920139+00:00" hostname="agent-env-750e74f7-fe8f-41c5-8b3d-8678a6c32146"><testcase classname="backend.tests.test_iteration17_alerts_reports.TestAuth" name="test_admin_login" time="0.492" /><testcase classname="backend.tests.test_iteration17_alerts_reports.TestAlertsDashboard" name="test_alerts_dashboard_returns_required_fields" time="0.386" /><testcase classname="backend.tests.test_iteration17_alerts_reports.TestAlertsDashboard" name="test_alerts_dashboard_top_risks_structure" time="0.052" /><testcase classname="backend.tests.test_iteration17_alerts_reports.TestAlertsDashboard" name="test_alerts_dashboard_thresholds_structure" time="0.053" /><testcase classname="backend.tests.test_iteration17_alerts_reports.TestProjectAlerts" name="test_project_alerts_returns_risk_data" time="0.502" /><testcase classname="backend.tests.test_iteration17_alerts_reports.TestThresholdsAPI" name="test_get_thresholds" time="0.382" /><testcase classname="backend.tests.test_iteration17_alerts_reports.TestThresholdsAPI" name="test_update_thresholds" time="0.253" /><testcase classname="backend.tests.test_iteration17_alerts_reports.TestConsolidatedReports" name="test_sales_revenue_report" time="0.376" /><testcase classname="backend.tests.test_iteration17_alerts_reports.TestConsolidatedReports" name="test_sales_revenue_lead_sources_tab" time="0.045" /><testcase classname="backend.tests.test_iteration17_alerts_reports.TestConsolidatedReports" name="test_profit_leakage_report" time="0.047" /><testcase classname="backend.tests.test_iteration17_alerts_reports.TestConsolidatedReports" name="test_profit_leakage_material_variance_tab" time="0.047" /><testcase classname="backend.tests.test_iteration17_alerts_reports.TestConsolidatedReports" name="test_project_execution_report" time="0.047" /><testcase classname="backend.tests.test_iteration17_alerts_reports.TestConsolidatedReports" name="test_inventory_material_report" time="0.047" /><testcase classname="backend.tests.test_iteration17_alerts_reports.TestConsolidatedReports" name="test_inventory_material_usage_tab" time="0.047" /><testcase classname="backend.tests.test_iteration17_alerts_reports.TestConsolidatedReports" name="test_customer_credit_report" time="0.047" /><testcase classname="backend.tests.test_iteration17_alerts_reports.TestConsolidatedReports" name="test_team_performance_report" time="0.046" /><testcase classname="backend.tests.test_iteration17_alerts_reports.TestConsolidatedReports" name="test_compliance_tax_report" time="0.045" /><testcase classname="backend.tests.test_iteration17_alerts_reports.TestConsolidatedReports" name="test_customer_satisfaction_report" time="0.045" /><testcase classname="backend.tests.test_iteration17_alerts_reports.TestOldReportTypes404" name="test_old_sales_report_404" time="0.387" /><testcase classname="backend.tests.test_iteration17_alerts_reports.TestOldReportTypes404" name="test_old_profit_report_404" time="0.051" /><testcase classname="backend.tests.test_iteration17_alerts_reports.TestOldReportTypes404" name="test_old_expense_report_404" time="0.053" /><testcase classname="backend.tests.test_iteration17_alerts_reports.TestOldReportTypes404" name="test_old_inventory_report_404" time="0.052" /><testcase classname="backend.tests.test_iteration17_alerts_reports.TestOldReportTypes404" name="test_old_execution_report_404" time="0.053" /><testcase classname="backend.tests.test_iteration17_alerts_reports.TestReportFilters" name="test_report_with_date_filter" time="0.375" /><testcase classname="backend.tests.test_iteration17_alerts_reports.TestReportFilters" name="test_report_with_system_type_filter" time="0.049" /><testcase classname="backend.tests.test_iteration17_alerts_reports.TestReportFilters" name="test_report_with_status_filter" time="0.044" /><testcase classname="backend.tests.test_iteration17_alerts_reports.TestReportFilters" name="test_report_with_customer_filter" time="0.051" /><testcase classname="backend.tests.test_iteration17_alerts_reports.TestReportFilters" name="test_report_with_staff_filter" time="0.048" /></testsuite></testsuites>