<?xml version="1.0" encoding="utf-8"?><testsuites name="pytest tests"><testsuite name="pytest" errors="0" failures="1" skipped="0" tests="9" time="2.273" timestamp="2026-05-06T19:41:07.294601+00:00" hostname="agent-env-86a396a4-eee6-43cf-95a4-609aa1e6ecd9"><testcase classname="backend.tests.test_iteration24_accounts_expenses.TestAccountTypes" name="test_post_operational_expense" time="0.660" /><testcase classname="backend.tests.test_iteration24_accounts_expenses.TestAccountTypes" name="test_post_gst_input" time="0.146" /><testcase classname="backend.tests.test_iteration24_accounts_expenses.TestAccountTypes" name="test_post_meter_reading_rejected" time="0.070" /><testcase classname="backend.tests.test_iteration24_accounts_expenses.TestAccountTypes" name="test_post_unknown_type_rejected" time="0.079" /><testcase classname="backend.tests.test_iteration24_accounts_expenses.TestAccountTypes" name="test_cleanup" time="0.146" /><testcase classname="backend.tests.test_iteration24_accounts_expenses.TestAccountsSummary" name="test_summary_has_four_types" time="0.649" /><testcase classname="backend.tests.test_iteration24_accounts_expenses.TestAccountsSummary" name="test_summary_no_meter_reading" time="0.050" /><testcase classname="backend.tests.test_iteration24_accounts_expenses.TestAccountsSummary" name="test_summary_has_mtd_keys" time="0.257"><failure message="AssertionError: Missing operational_expense_mtd: ['gst_input', 'cash_on_hand', 'operational_expense', 'account_balance']&#10;assert 'operational_expense_mtd' in {'account_balance': {'amount': 150000.0, 'description': 'TEST_IT24 bal_mtd', 'entered_by': 'System Admin', 'entry_date': '2026-05-06', ...}, 'cash_on_hand': {'amount': 99000.0, 'description': 'TEST_IT24 cash_mtd', 'entered_by': 'System Admin', 'entry_date': '2026-05-06', ...}, 'gst_input': {'amount': 5000.0, 'description': 'TEST_IT24 gst_mtd', 'entered_by': 'System Admin', 'entry_date': '2026-05-06', ...}, 'operational_expense': {'amount': 12000.0, 'description': 'TEST_IT24 op_mtd', 'entered_by': 'System Admin', 'entry_date': '2026-05-06', ...}}">backend/tests/test_iteration24_accounts_expenses.py:123: in test_summary_has_mtd_keys
    assert "operational_expense_mtd" in j, f"Missing operational_expense_mtd: {list(j.keys())}"
E   AssertionError: Missing operational_expense_mtd: ['gst_input', 'cash_on_hand', 'operational_expense', 'account_balance']
E   assert 'operational_expense_mtd' in {'account_balance': {'amount': 150000.0, 'description': 'TEST_IT24 bal_mtd', 'entered_by': 'System Admin', 'entry_date': '2026-05-06', ...}, 'cash_on_hand': {'amount': 99000.0, 'description': 'TEST_IT24 cash_mtd', 'entered_by': 'System Admin', 'entry_date': '2026-05-06', ...}, 'gst_input': {'amount': 5000.0, 'description': 'TEST_IT24 gst_mtd', 'entered_by': 'System Admin', 'entry_date': '2026-05-06', ...}, 'operational_expense': {'amount': 12000.0, 'description': 'TEST_IT24 op_mtd', 'entered_by': 'System Admin', 'entry_date': '2026-05-06', ...}}</failure></testcase><testcase classname="backend.tests.test_iteration24_accounts_expenses.TestCeoDashboardAccounts" name="test_ceo_has_mtd_and_netflow" time="0.125" /></testsuite></testsuites>