<?xml version="1.0" encoding="utf-8"?><testsuites name="pytest tests"><testsuite name="pytest" errors="0" failures="1" skipped="0" tests="10" time="1.428" timestamp="2026-08-16T06:37:06.673481+00:00" hostname="agent-env-86a396a4-eee6-43cf-95a4-609aa1e6ecd9"><testcase classname="backend.tests.test_iteration40_material_kits.TestMaterialKits" name="test_list_all_kits_has_at_least_8" time="0.509" /><testcase classname="backend.tests.test_iteration40_material_kits.TestMaterialKits" name="test_filter_by_solar_pump" time="0.044" /><testcase classname="backend.tests.test_iteration40_material_kits.TestMaterialKits" name="test_seed_starter_idempotent" time="0.178" /><testcase classname="backend.tests.test_iteration40_material_kits.TestMaterialKits" name="test_match_within_range" time="0.044" /><testcase classname="backend.tests.test_iteration40_material_kits.TestMaterialKits" name="test_match_out_of_range_returns_nearest" time="0.045" /><testcase classname="backend.tests.test_iteration40_material_kits.TestMaterialKits" name="test_crud_flow" time="0.299" /><testcase classname="backend.tests.test_iteration40_material_kits.TestProjectsSolarPump" name="test_list_projects" time="0.084" /><testcase classname="backend.tests.test_iteration40_material_kits.TestProjectsSolarPump" name="test_create_project_solar_pump" time="0.044" /><testcase classname="backend.tests.test_iteration40_material_kits.TestInventoryRegression" name="test_inventory_list" time="0.043"><failure message="assert 404 == 200&#10; +  where 404 = &lt;Response [404]&gt;.status_code">backend/tests/test_iteration40_material_kits.py:151: in test_inventory_list
    assert r.status_code == 200
E   assert 404 == 200
E    +  where 404 = &lt;Response [404]&gt;.status_code</failure></testcase><testcase classname="backend.tests.test_iteration40_material_kits.TestInventoryRegression" name="test_inventory_alerts" time="0.044" /></testsuite></testsuites>