<?xml version="1.0" encoding="utf-8"?><testsuites name="pytest tests"><testsuite name="pytest" errors="0" failures="0" skipped="0" tests="14" time="3.422" timestamp="2026-05-21T18:42:44.867149+00:00" hostname="agent-env-86a396a4-eee6-43cf-95a4-609aa1e6ecd9"><testcase classname="backend.tests.test_iteration31_inventory_import_export.TestInventoryTemplate" name="test_template_ok" time="0.801" /><testcase classname="backend.tests.test_iteration31_inventory_import_export.TestInventoryTemplate" name="test_template_unauth" time="0.180" /><testcase classname="backend.tests.test_iteration31_inventory_import_export.TestInventoryImport" name="test_import_missing_file" time="0.082" /><testcase classname="backend.tests.test_iteration31_inventory_import_export.TestInventoryImport" name="test_import_empty_file" time="0.073" /><testcase classname="backend.tests.test_iteration31_inventory_import_export.TestInventoryImport" name="test_import_missing_columns" time="0.199" /><testcase classname="backend.tests.test_iteration31_inventory_import_export.TestInventoryImport" name="test_import_valid_template_creates_or_updates" time="0.165" /><testcase classname="backend.tests.test_iteration31_inventory_import_export.TestInventoryImport" name="test_import_invalid_rows_recorded" time="0.153" /><testcase classname="backend.tests.test_iteration31_inventory_import_export.TestInventoryImport" name="test_import_too_large" time="0.837" /><testcase classname="backend.tests.test_iteration31_inventory_import_export.TestInventoryExport" name="test_export_xlsx" time="0.085" /><testcase classname="backend.tests.test_iteration31_inventory_import_export.TestInventoryExport" name="test_export_pdf" time="0.219" /><testcase classname="backend.tests.test_iteration31_inventory_import_export.TestInventoryExport" name="test_export_invalid_format" time="0.073" /><testcase classname="backend.tests.test_iteration31_inventory_import_export.TestInventoryItemRouteRegression" name="test_get_item_by_id" time="0.150" /><testcase classname="backend.tests.test_iteration31_inventory_import_export.TestPreviousSmoke" name="test_auth_me" time="0.072" /><testcase classname="backend.tests.test_iteration31_inventory_import_export.TestPreviousSmoke" name="test_solar_sizing" time="0.079" /></testsuite></testsuites>