<?xml version="1.0" encoding="utf-8"?><testsuites name="pytest tests"><testsuite name="pytest" errors="0" failures="0" skipped="0" tests="4" time="1.660" timestamp="2026-05-21T18:23:17.492796+00:00" hostname="agent-env-86a396a4-eee6-43cf-95a4-609aa1e6ecd9"><testcase classname="backend.tests.test_iteration30_solar_refactor.TestSolarReportRoundtrip" name="test_create_get_put_solar_report" time="0.742" /><testcase classname="backend.tests.test_iteration30_solar_refactor.TestSolarSizing" name="test_sizing_with_irradiation" time="0.074" /><testcase classname="backend.tests.test_iteration30_solar_refactor.TestCompleteProjectRegression" name="test_complete_missing_drive_link_400" time="0.365" /><testcase classname="backend.tests.test_iteration30_solar_refactor.TestCompleteProjectRegression" name="test_complete_valid_with_inverter_login" time="0.406" /></testsuite></testsuites>