<?xml version="1.0" encoding="utf-8"?><testsuites name="pytest tests"><testsuite name="pytest" errors="0" failures="0" skipped="0" tests="9" time="3.118" timestamp="2026-05-23T05:04:21.601900+00:00" hostname="agent-env-86a396a4-eee6-43cf-95a4-609aa1e6ecd9"><testcase classname="backend.tests.test_iteration36.TestInventoryHSN" name="test_create_item_with_hsn" time="1.846" /><testcase classname="backend.tests.test_iteration36.TestInventoryHSN" name="test_seeded_hsn_item" time="0.051" /><testcase classname="backend.tests.test_iteration36.TestInventoryTemplate" name="test_template_has_hsn_column" time="0.475" /><testcase classname="backend.tests.test_iteration36.TestProjectDates" name="test_dates_persist_on_create" time="0.145" /><testcase classname="backend.tests.test_iteration36.TestProjectDates" name="test_dates_update_via_put" time="0.197" /><testcase classname="backend.tests.test_iteration36.TestTillDateMetrics" name="test_reference_candidates_includes_till_date" time="0.053" /><testcase classname="backend.tests.test_iteration36.TestTillDateMetrics" name="test_seeded_project_till_date" time="0.061" /><testcase classname="backend.tests.test_iteration36.TestTillDateMetrics" name="test_reference_summary_has_till_date" time="0.095" /><testcase classname="backend.tests.test_iteration36.TestNotesOnlyOnCompleted" name="test_notes_only_update_on_completed" time="0.112" /></testsuite></testsuites>