<?xml version="1.0" encoding="utf-8"?><testsuites name="pytest tests"><testsuite name="pytest" errors="0" failures="0" skipped="0" tests="12" time="5.998" timestamp="2026-05-03T16:07:56.306432+00:00" hostname="agent-env-750e74f7-fe8f-41c5-8b3d-8678a6c32146"><testcase classname="backend.tests.test_iteration19_reports_updates.TestIteration19" name="test_inbound_report_returns_po_data" time="0.511" /><testcase classname="backend.tests.test_iteration19_reports_updates.TestIteration19" name="test_outbound_report_returns_delivery_data" time="0.387" /><testcase classname="backend.tests.test_iteration19_reports_updates.TestIteration19" name="test_audit_report_returns_audit_data" time="0.403" /><testcase classname="backend.tests.test_iteration19_reports_updates.TestIteration19" name="test_marketing_report_returns_leads_aggregation" time="0.430" /><testcase classname="backend.tests.test_iteration19_reports_updates.TestIteration19" name="test_reports_accept_4_filters_only" time="0.416" /><testcase classname="backend.tests.test_iteration19_reports_updates.TestIteration19" name="test_ceo_dashboard_returns_credit_data" time="0.381" /><testcase classname="backend.tests.test_iteration19_reports_updates.TestIteration19" name="test_create_leads_daily_update" time="0.503" /><testcase classname="backend.tests.test_iteration19_reports_updates.TestIteration19" name="test_create_invoicing_daily_update" time="0.451" /><testcase classname="backend.tests.test_iteration19_reports_updates.TestIteration19" name="test_daily_updates_list_includes_leads_and_invoicing" time="0.436" /><testcase classname="backend.tests.test_iteration19_reports_updates.TestIteration19" name="test_inventory_item_with_new_fields" time="0.484" /><testcase classname="backend.tests.test_iteration19_reports_updates.TestIteration19" name="test_inventory_item_update_new_fields" time="0.534" /><testcase classname="backend.tests.test_iteration19_reports_updates.TestIteration19" name="test_all_12_reports_accessible" time="0.989" /></testsuite></testsuites>