<?xml version="1.0" encoding="utf-8"?><testsuites name="pytest tests"><testsuite name="pytest" errors="0" failures="0" skipped="0" tests="7" time="1.595" timestamp="2026-09-09T06:07:54.619996+00:00" hostname="agent-env-86a396a4-eee6-43cf-95a4-609aa1e6ecd9"><testcase classname="backend.tests.test_iter51_grand_total.TestGrandTotalIncludesBaseSystem" name="test_stored_cost_estimation" time="0.716" /><testcase classname="backend.tests.test_iter51_grand_total.TestGrandTotalIncludesBaseSystem" name="test_ceo_revenue_and_project_list_see_the_same_number" time="0.110" /><testcase classname="backend.tests.test_iter51_grand_total.TestGrandTotalIncludesBaseSystem" name="test_invoice_totals_match" time="0.082" /><testcase classname="backend.tests.test_iter51_grand_total.TestGrandTotalIncludesBaseSystem" name="test_profit_calculator_uses_corrected_total" time="0.065" /><testcase classname="backend.tests.test_iter51_grand_total.TestGrandTotalIncludesBaseSystem" name="test_updating_calculator_result_recomputes_total" time="0.127" /><testcase classname="backend.tests.test_iter51_grand_total.TestGrandTotalIncludesBaseSystem" name="test_project_without_calculator_result_still_sums_addons" time="0.249" /><testcase classname="backend.tests.test_iter51_grand_total.TestHistoricalAudit" name="test_audit_endpoint_reports_counts" time="0.182" /></testsuite></testsuites>