<?xml version="1.0" encoding="utf-8"?><testsuites name="pytest tests"><testsuite name="pytest" errors="0" failures="0" skipped="0" tests="11" time="5.825" timestamp="2026-04-11T16:53:26.931460+00:00" hostname="agent-env-750e74f7-fe8f-41c5-8b3d-8678a6c32146"><testcase classname="backend.tests.test_iteration13_editable_system_tabs.TestEditableSystemTabs" name="test_01_get_all_tabs_returns_8_tabs" time="0.509" /><testcase classname="backend.tests.test_iteration13_editable_system_tabs.TestEditableSystemTabs" name="test_02_system_tabs_have_edit_toggle_delete_buttons" time="0.396" /><testcase classname="backend.tests.test_iteration13_editable_system_tabs.TestEditableSystemTabs" name="test_03_edit_system_tab_customer_rename" time="0.555" /><testcase classname="backend.tests.test_iteration13_editable_system_tabs.TestEditableSystemTabs" name="test_04_add_field_to_system_tab_customer" time="0.565" /><testcase classname="backend.tests.test_iteration13_editable_system_tabs.TestEditableSystemTabs" name="test_05_toggle_system_tab_location_inactive" time="0.586" /><testcase classname="backend.tests.test_iteration13_editable_system_tabs.TestEditableSystemTabs" name="test_06_add_required_select_field_to_materials" time="0.650" /><testcase classname="backend.tests.test_iteration13_editable_system_tabs.TestEditableSystemTabs" name="test_07_system_tab_slug_preserved_on_rename" time="0.528" /><testcase classname="backend.tests.test_iteration13_editable_system_tabs.TestEditableSystemTabs" name="test_08_delete_system_tab_works" time="0.605" /><testcase classname="backend.tests.test_iteration13_editable_system_tabs.TestEditableSystemTabs" name="test_09_reorder_tabs_custom_above_system" time="0.548" /><testcase classname="backend.tests.test_iteration13_editable_system_tabs.TestFormTabsAPIValidation" name="test_10_update_nonexistent_tab_returns_404" time="0.396" /><testcase classname="backend.tests.test_iteration13_editable_system_tabs.TestFormTabsAPIValidation" name="test_11_delete_nonexistent_tab_returns_404" time="0.401" /></testsuite></testsuites>