<?xml version="1.0" encoding="utf-8"?><testsuites name="pytest tests"><testsuite name="pytest" errors="0" failures="0" skipped="0" tests="9" time="4.276" timestamp="2026-04-11T05:26:59.580940+00:00" hostname="agent-env-3bde87a5-d7d9-4410-94cc-20fcf40ce8a1"><testcase classname="backend.tests.test_iteration9_site_docs.TestSiteDocumentation" name="test_create_project_with_drive_fields" time="0.428" /><testcase classname="backend.tests.test_iteration9_site_docs.TestSiteDocumentation" name="test_get_project_returns_drive_fields" time="0.637" /><testcase classname="backend.tests.test_iteration9_site_docs.TestSiteDocumentation" name="test_update_project_drive_fields" time="0.570" /><testcase classname="backend.tests.test_iteration9_site_docs.TestSiteDocumentation" name="test_existing_project_has_drive_fields" time="0.413" /><testcase classname="backend.tests.test_iteration9_site_docs.TestSiteDocumentation" name="test_company_profile_no_drive_settings" time="0.405" /><testcase classname="backend.tests.test_iteration9_site_docs.TestSiteDocumentation" name="test_drive_settings_endpoint_exists" time="0.420" /><testcase classname="backend.tests.test_iteration9_site_docs.TestSiteDocumentation" name="test_create_project_without_drive_fields" time="0.458" /><testcase classname="backend.tests.test_iteration9_site_docs.TestSiteDocumentation" name="test_drive_link_validation_format" time="0.436" /><testcase classname="backend.tests.test_iteration9_site_docs.TestProjectListWithDriveFields" name="test_projects_list_endpoint" time="0.446" /></testsuite></testsuites>