<?xml version="1.0" encoding="utf-8"?><testsuites name="pytest tests"><testsuite name="pytest" errors="0" failures="0" skipped="0" tests="19" time="2.767" timestamp="2026-05-21T16:15:51.169662+00:00" hostname="agent-env-86a396a4-eee6-43cf-95a4-609aa1e6ecd9"><testcase classname="backend.tests.test_iteration26_solar_report.TestTnebFetch" name="test_fetch_no_provider_configured_returns_manual_fallback" time="0.667" /><testcase classname="backend.tests.test_iteration26_solar_report.TestTnebFetch" name="test_fetch_short_service_number_returns_400" time="0.076" /><testcase classname="backend.tests.test_iteration26_solar_report.TestTnebFetch" name="test_fetch_invalid_phone_returns_400" time="0.077" /><testcase classname="backend.tests.test_iteration26_solar_report.TestTnebFetch" name="test_fetch_requires_auth" time="0.150" /><testcase classname="backend.tests.test_iteration26_solar_report.TestSolarIrradiation" name="test_irradiation_chennai" time="0.471" /><testcase classname="backend.tests.test_iteration26_solar_report.TestSolarIrradiation" name="test_irradiation_invalid_lat" time="0.074" /><testcase classname="backend.tests.test_iteration26_solar_report.TestSolarIrradiation" name="test_irradiation_invalid_lng" time="0.069" /><testcase classname="backend.tests.test_iteration26_solar_report.TestSolarSizing" name="test_typical_residential" time="0.072" /><testcase classname="backend.tests.test_iteration26_solar_report.TestSolarSizing" name="test_commercial_no_subsidy" time="0.069" /><testcase classname="backend.tests.test_iteration26_solar_report.TestSolarSizing" name="test_offgrid_has_battery" time="0.082" /><testcase classname="backend.tests.test_iteration26_solar_report.TestSolarSizing" name="test_tiny_consumption_min_kwp" time="0.110" /><testcase classname="backend.tests.test_iteration26_solar_report.TestSolarSizing" name="test_sizing_requires_auth" time="0.130" /><testcase classname="backend.tests.test_iteration26_solar_report.TestPdfMerge" name="test_merge_prepend" time="0.116" /><testcase classname="backend.tests.test_iteration26_solar_report.TestPdfMerge" name="test_merge_append" time="0.086" /><testcase classname="backend.tests.test_iteration26_solar_report.TestPdfMerge" name="test_merge_missing_files" time="0.076" /><testcase classname="backend.tests.test_iteration26_solar_report.TestPdfMerge" name="test_merge_empty_pdf" time="0.076" /><testcase classname="backend.tests.test_iteration26_solar_report.TestPdfMerge" name="test_merge_requires_auth" time="0.120" /><testcase classname="backend.tests.test_iteration26_solar_report.TestRegressionIter25" name="test_auth_me_works" time="0.072" /><testcase classname="backend.tests.test_iteration26_solar_report.TestRegressionIter25" name="test_accounts_list" time="0.075" /></testsuite></testsuites>