<?xml version="1.0" encoding="utf-8"?><testsuites name="pytest tests"><testsuite name="pytest" errors="0" failures="0" skipped="0" tests="13" time="7.208" timestamp="2026-04-11T15:10:56.838385+00:00" hostname="agent-env-750e74f7-fe8f-41c5-8b3d-8678a6c32146"><testcase classname="backend.tests.test_iteration11_form_tabs.TestFormTabsAPI" name="test_01_get_form_tabs_returns_list" time="0.638" /><testcase classname="backend.tests.test_iteration11_form_tabs.TestFormTabsAPI" name="test_02_existing_tabs_have_correct_structure" time="0.420" /><testcase classname="backend.tests.test_iteration11_form_tabs.TestFormTabsAPI" name="test_03_create_new_tab" time="0.550" /><testcase classname="backend.tests.test_iteration11_form_tabs.TestFormTabsAPI" name="test_04_update_tab_name_and_fields" time="0.627" /><testcase classname="backend.tests.test_iteration11_form_tabs.TestFormTabsAPI" name="test_05_toggle_tab_active_status" time="0.685" /><testcase classname="backend.tests.test_iteration11_form_tabs.TestFormTabsAPI" name="test_06_reorder_tabs" time="0.577" /><testcase classname="backend.tests.test_iteration11_form_tabs.TestFormTabsAPI" name="test_07_delete_tab" time="0.588" /><testcase classname="backend.tests.test_iteration11_form_tabs.TestFormTabsAPI" name="test_08_duplicate_tab_name_rejected" time="0.565" /><testcase classname="backend.tests.test_iteration11_form_tabs.TestFormTabsAPI" name="test_09_update_nonexistent_tab_returns_404" time="0.454" /><testcase classname="backend.tests.test_iteration11_form_tabs.TestFormTabsAPI" name="test_10_delete_nonexistent_tab_returns_404" time="0.487" /><testcase classname="backend.tests.test_iteration11_form_tabs.TestFormTabsInProject" name="test_11_project_with_custom_fields" time="0.513" /><testcase classname="backend.tests.test_iteration11_form_tabs.TestFormTabsInProject" name="test_12_project_update_custom_fields" time="0.528" /><testcase classname="backend.tests.test_iteration11_form_tabs.TestSiteMeasurementsAndSmartSuggestions" name="test_13_project_with_site_measurements" time="0.483" /></testsuite></testsuites>