<?xml version="1.0" encoding="utf-8"?><testsuites name="pytest tests"><testsuite name="pytest" errors="0" failures="0" skipped="0" tests="9" time="0.019" timestamp="2026-08-16T12:23:39.760993+00:00" hostname="agent-env-86a396a4-eee6-43cf-95a4-609aa1e6ecd9"><testcase classname="backend.tests.test_health_and_expansion" name="test_health_returns_5_pillars" time="0.000" /><testcase classname="backend.tests.test_health_and_expansion" name="test_health_composite_matches_weighted_sum" time="0.000" /><testcase classname="backend.tests.test_health_and_expansion" name="test_health_dragging_lists_lowest_metrics" time="0.000" /><testcase classname="backend.tests.test_health_and_expansion" name="test_health_high_overdue_lowers_cash_score" time="0.000" /><testcase classname="backend.tests.test_health_and_expansion" name="test_expansion_returns_district_scores" time="0.000" /><testcase classname="backend.tests.test_health_and_expansion" name="test_expansion_score_within_0_to_100" time="0.000" /><testcase classname="backend.tests.test_health_and_expansion" name="test_expansion_travel_score_when_branch_nearby" time="0.000" /><testcase classname="backend.tests.test_health_and_expansion" name="test_breakeven_gap_is_negative_when_run_rate_high" time="0.000" /><testcase classname="backend.tests.test_health_and_expansion" name="test_breakeven_no_viability_when_run_rate_low" time="0.000" /></testsuite></testsuites>