<?xml version="1.0" encoding="utf-8"?><testsuites name="pytest tests"><testsuite name="pytest" errors="0" failures="0" skipped="0" tests="38" time="7.253" timestamp="2026-09-03T12:34:09.217142+00:00" hostname="agent-env-86a396a4-eee6-43cf-95a4-609aa1e6ecd9"><testcase classname="tests.test_iter46_partners_ecommerce.TestPartners" name="test_list_partners" time="0.713" /><testcase classname="tests.test_iter46_partners_ecommerce.TestPartners" name="test_create_partner_with_rate_card" time="0.182" /><testcase classname="tests.test_iter46_partners_ecommerce.TestPartners" name="test_partner_appears_in_list" time="0.086" /><testcase classname="tests.test_iter46_partners_ecommerce.TestPartners" name="test_invalid_partner_id_400" time="0.082" /><testcase classname="tests.test_iter46_partners_ecommerce.TestAssignments" name="test_pick_project" time="0.236" /><testcase classname="tests.test_iter46_partners_ecommerce.TestAssignments" name="test_project_scope_hint" time="0.098" /><testcase classname="tests.test_iter46_partners_ecommerce.TestAssignments" name="test_create_assignment_pricing" time="0.115" /><testcase classname="tests.test_iter46_partners_ecommerce.TestAssignments" name="test_assignment_bad_activity_400" time="0.092" /><testcase classname="tests.test_iter46_partners_ecommerce.TestAssignments" name="test_by_project_endpoint" time="0.089" /><testcase classname="tests.test_iter46_partners_ecommerce.TestAssignments" name="test_by_project_unknown_project_returns_empty" time="0.101" /><testcase classname="tests.test_iter46_partners_ecommerce.TestAssignments" name="test_assignment_shows_on_partner_detail" time="0.086" /><testcase classname="tests.test_iter46_partners_ecommerce.TestPayments" name="test_record_advance_payment" time="0.181" /><testcase classname="tests.test_iter46_partners_ecommerce.TestPayments" name="test_payment_listed" time="0.080" /><testcase classname="tests.test_iter46_partners_ecommerce.TestPayments" name="test_payment_posts_into_account_entries" time="0.095" /><testcase classname="tests.test_iter46_partners_ecommerce.TestPayments" name="test_retention_release_blocked_without_commissioning" time="0.096" /><testcase classname="tests.test_iter46_partners_ecommerce.TestPayments" name="test_retention_payment_type_rejected_on_payments_endpoint" time="0.092" /><testcase classname="tests.test_iter46_partners_ecommerce.TestEcommerce" name="test_platforms_list" time="0.097" /><testcase classname="tests.test_iter46_partners_ecommerce.TestEcommerce" name="test_create_platform" time="0.077" /><testcase classname="tests.test_iter46_partners_ecommerce.TestEcommerce" name="test_pick_inventory_item" time="0.097" /><testcase classname="tests.test_iter46_partners_ecommerce.TestEcommerce" name="test_create_listing" time="0.173" /><testcase classname="tests.test_iter46_partners_ecommerce.TestEcommerce" name="test_create_order_computes_and_decrements_stock" time="0.172" /><testcase classname="tests.test_iter46_partners_ecommerce.TestEcommerce" name="test_order_listed" time="0.101" /><testcase classname="tests.test_iter46_partners_ecommerce.TestEcommerce" name="test_duplicate_platform_order_id_rejected" time="0.194" /><testcase classname="tests.test_iter46_partners_ecommerce.TestEcommerce" name="test_insufficient_stock_rejected" time="0.091" /><testcase classname="tests.test_iter46_partners_ecommerce.TestEcommerce" name="test_return_restores_stock" time="0.215" /><testcase classname="tests.test_iter46_partners_ecommerce.TestEcommerce" name="test_double_return_does_not_double_restore" time="0.186" /><testcase classname="tests.test_iter46_partners_ecommerce.TestEcommerce" name="test_reconciliation" time="0.087" /><testcase classname="tests.test_iter46_partners_ecommerce.TestReportsAndCeo" name="test_partner_performance_report" time="0.096" /><testcase classname="tests.test_iter46_partners_ecommerce.TestReportsAndCeo" name="test_ecommerce_report" time="0.114" /><testcase classname="tests.test_iter46_partners_ecommerce.TestReportsAndCeo" name="test_ceo_dashboard_ecommerce_section" time="0.108" /><testcase classname="tests.test_iter46_partners_ecommerce.TestTerms" name="test_active_terms_per_category[quotation]" time="0.101" /><testcase classname="tests.test_iter46_partners_ecommerce.TestTerms" name="test_active_terms_per_category[invoice]" time="0.106" /><testcase classname="tests.test_iter46_partners_ecommerce.TestTerms" name="test_active_terms_per_category[amc]" time="0.091" /><testcase classname="tests.test_iter46_partners_ecommerce.TestTerms" name="test_terms_list_has_category" time="0.129" /><testcase classname="tests.test_iter46_partners_ecommerce.TestTerms" name="test_create_activate_invoice_template_changes_active" time="0.460" /><testcase classname="tests.test_iter46_partners_ecommerce.TestRbac" name="test_unauthenticated_blocked" time="0.414" /><testcase classname="tests.test_iter46_partners_ecommerce.TestRbac" name="test_staff_cannot_create_partner" time="1.124" /><testcase classname="tests.test_iter46_partners_ecommerce" name="test_zz_cleanup" time="0.463" /></testsuite></testsuites>