<?xml version="1.0" encoding="utf-8"?><testsuites name="pytest tests"><testsuite name="pytest" errors="0" failures="0" skipped="0" tests="6" time="4.328" timestamp="2026-09-22T07:24:21.090401+00:00" hostname="agent-env-86a396a4-eee6-43cf-95a4-609aa1e6ecd9"><testcase classname="backend.tests.test_iter55_adhoc.TestAdhocParity" name="test_adhoc_line_calculates_like_a_normal_line" time="0.941" /><testcase classname="backend.tests.test_iter55_adhoc.TestAdhocParity" name="test_draft_project_cannot_promote" time="0.147" /><testcase classname="backend.tests.test_iter55_adhoc.TestPromotion" name="test_promote_creates_zero_stock_item_and_locks_price" time="0.846" /><testcase classname="backend.tests.test_iter55_adhoc.TestPromotion" name="test_near_duplicate_warns_and_links_instead" time="0.692" /><testcase classname="backend.tests.test_iter55_adhoc.TestPromotion" name="test_promote_all_and_add_to_kit_optional" time="0.773" /><testcase classname="backend.tests.test_iter55_adhoc.TestPromotion" name="test_staff_cannot_promote" time="0.854" /></testsuite></testsuites>