<?xml version="1.0" encoding="utf-8"?><testsuites name="pytest tests"><testsuite name="pytest" errors="0" failures="0" skipped="0" tests="36" time="5.994" timestamp="2026-05-21T16:48:17.656157+00:00" hostname="agent-env-86a396a4-eee6-43cf-95a4-609aa1e6ecd9"><testcase classname="backend.tests.test_iteration28_solar_full_report.TestSolarSizingYearlyBreakdown" name="test_sizing_returns_25_yearly_entries" time="0.541" /><testcase classname="backend.tests.test_iteration28_solar_full_report.TestSolarSizingYearlyBreakdown" name="test_sizing_cumulative_monotonically_increasing" time="0.080" /><testcase classname="backend.tests.test_iteration28_solar_full_report.TestSolarSizingYearlyBreakdown" name="test_sizing_year1_year25_positive_savings" time="0.079" /><testcase classname="backend.tests.test_iteration28_solar_full_report.TestSolarReportRoundtrip" name="test_create_project_with_full_solar_report" time="0.078" /><testcase classname="backend.tests.test_iteration28_solar_full_report.TestSolarReportRoundtrip" name="test_get_project_returns_intact_solar_report" time="0.587" /><testcase classname="backend.tests.test_iteration28_solar_full_report.TestRegression" name="test_auth_me" time="0.076" /><testcase classname="backend.tests.test_iteration28_solar_full_report.TestRegression" name="test_accounts_list" time="0.079" /><testcase classname="backend.tests.test_iteration27_project_solar_report.TestProjectWithSolarReport" name="test_create_project_without_solar_report" time="0.474" /><testcase classname="backend.tests.test_iteration27_project_solar_report.TestProjectWithSolarReport" name="test_create_project_with_solar_report_dict" time="0.105" /><testcase classname="backend.tests.test_iteration27_project_solar_report.TestProjectWithSolarReport" name="test_put_project_updates_solar_report" time="0.168" /><testcase classname="backend.tests.test_iteration27_project_solar_report.TestProjectWithSolarReport" name="test_put_project_solar_report_null_does_not_clear" time="0.932" /><testcase classname="backend.tests.test_iteration27_project_solar_report.TestRegressionIter26" name="test_tneb_fetch_manual_fallback" time="0.058" /><testcase classname="backend.tests.test_iteration27_project_solar_report.TestRegressionIter26" name="test_irradiation_endpoint" time="0.399" /><testcase classname="backend.tests.test_iteration27_project_solar_report.TestRegressionIter26" name="test_sizing_residential" time="0.055" /><testcase classname="backend.tests.test_iteration27_project_solar_report.TestRegressionIter26" name="test_merge_pdf_route_exists" time="0.053" /><testcase classname="backend.tests.test_iteration27_project_solar_report.TestRegressionIter25" name="test_auth_me" time="0.055" /><testcase classname="backend.tests.test_iteration27_project_solar_report.TestRegressionIter25" name="test_accounts_list" time="0.055" /><testcase classname="backend.tests.test_iteration26_solar_report.TestTnebFetch" name="test_fetch_no_provider_configured_returns_manual_fallback" time="0.388" /><testcase classname="backend.tests.test_iteration26_solar_report.TestTnebFetch" name="test_fetch_short_service_number_returns_400" time="0.053" /><testcase classname="backend.tests.test_iteration26_solar_report.TestTnebFetch" name="test_fetch_invalid_phone_returns_400" time="0.051" /><testcase classname="backend.tests.test_iteration26_solar_report.TestTnebFetch" name="test_fetch_requires_auth" time="0.122" /><testcase classname="backend.tests.test_iteration26_solar_report.TestSolarIrradiation" name="test_irradiation_chennai" time="0.367" /><testcase classname="backend.tests.test_iteration26_solar_report.TestSolarIrradiation" name="test_irradiation_invalid_lat" time="0.050" /><testcase classname="backend.tests.test_iteration26_solar_report.TestSolarIrradiation" name="test_irradiation_invalid_lng" time="0.051" /><testcase classname="backend.tests.test_iteration26_solar_report.TestSolarSizing" name="test_typical_residential" time="0.050" /><testcase classname="backend.tests.test_iteration26_solar_report.TestSolarSizing" name="test_commercial_no_subsidy" time="0.050" /><testcase classname="backend.tests.test_iteration26_solar_report.TestSolarSizing" name="test_offgrid_has_battery" time="0.051" /><testcase classname="backend.tests.test_iteration26_solar_report.TestSolarSizing" name="test_tiny_consumption_min_kwp" time="0.054" /><testcase classname="backend.tests.test_iteration26_solar_report.TestSolarSizing" name="test_sizing_requires_auth" time="0.185" /><testcase classname="backend.tests.test_iteration26_solar_report.TestPdfMerge" name="test_merge_prepend" time="0.099" /><testcase classname="backend.tests.test_iteration26_solar_report.TestPdfMerge" name="test_merge_append" time="0.054" /><testcase classname="backend.tests.test_iteration26_solar_report.TestPdfMerge" name="test_merge_missing_files" time="0.052" /><testcase classname="backend.tests.test_iteration26_solar_report.TestPdfMerge" name="test_merge_empty_pdf" time="0.052" /><testcase classname="backend.tests.test_iteration26_solar_report.TestPdfMerge" name="test_merge_requires_auth" time="0.130" /><testcase classname="backend.tests.test_iteration26_solar_report.TestRegressionIter25" name="test_auth_me_works" time="0.103" /><testcase classname="backend.tests.test_iteration26_solar_report.TestRegressionIter25" name="test_accounts_list" time="0.055" /></testsuite></testsuites>