<?xml version="1.0" encoding="utf-8"?><testsuites name="pytest tests"><testsuite name="pytest" errors="0" failures="1" skipped="1" tests="123" time="23.592" timestamp="2026-09-03T19:32:10.769724+00:00" hostname="agent-env-86a396a4-eee6-43cf-95a4-609aa1e6ecd9"><testcase classname="tests.test_iter46_partners_ecommerce.TestPartners" name="test_list_partners" time="0.499" /><testcase classname="tests.test_iter46_partners_ecommerce.TestPartners" name="test_create_partner_with_rate_card" time="0.173" /><testcase classname="tests.test_iter46_partners_ecommerce.TestPartners" name="test_partner_appears_in_list" time="0.079" /><testcase classname="tests.test_iter46_partners_ecommerce.TestPartners" name="test_invalid_partner_id_400" time="0.096" /><testcase classname="tests.test_iter46_partners_ecommerce.TestAssignments" name="test_pick_project" time="0.119" /><testcase classname="tests.test_iter46_partners_ecommerce.TestAssignments" name="test_project_scope_hint" time="0.084" /><testcase classname="tests.test_iter46_partners_ecommerce.TestAssignments" name="test_create_assignment_pricing" time="0.080" /><testcase classname="tests.test_iter46_partners_ecommerce.TestAssignments" name="test_assignment_bad_activity_400" time="0.105" /><testcase classname="tests.test_iter46_partners_ecommerce.TestAssignments" name="test_by_project_endpoint" time="0.090" /><testcase classname="tests.test_iter46_partners_ecommerce.TestAssignments" name="test_by_project_unknown_project_returns_empty" time="0.078" /><testcase classname="tests.test_iter46_partners_ecommerce.TestAssignments" name="test_assignment_shows_on_partner_detail" time="0.077" /><testcase classname="tests.test_iter46_partners_ecommerce.TestPayments" name="test_record_advance_payment" time="0.152" /><testcase classname="tests.test_iter46_partners_ecommerce.TestPayments" name="test_payment_listed" time="0.074" /><testcase classname="tests.test_iter46_partners_ecommerce.TestPayments" name="test_payment_posts_into_account_entries" time="0.076" /><testcase classname="tests.test_iter46_partners_ecommerce.TestPayments" name="test_retention_release_blocked_without_commissioning" time="0.074" /><testcase classname="tests.test_iter46_partners_ecommerce.TestPayments" name="test_retention_payment_type_rejected_on_payments_endpoint" time="0.081" /><testcase classname="tests.test_iter46_partners_ecommerce.TestEcommerce" name="test_platforms_list" time="0.078" /><testcase classname="tests.test_iter46_partners_ecommerce.TestEcommerce" name="test_create_platform" time="0.082" /><testcase classname="tests.test_iter46_partners_ecommerce.TestEcommerce" name="test_pick_inventory_item" time="0.081" /><testcase classname="tests.test_iter46_partners_ecommerce.TestEcommerce" name="test_create_listing" time="0.204" /><testcase classname="tests.test_iter46_partners_ecommerce.TestEcommerce" name="test_create_order_computes_and_decrements_stock" time="0.162" /><testcase classname="tests.test_iter46_partners_ecommerce.TestEcommerce" name="test_order_listed" time="0.083" /><testcase classname="tests.test_iter46_partners_ecommerce.TestEcommerce" name="test_duplicate_platform_order_id_rejected" time="0.162" /><testcase classname="tests.test_iter46_partners_ecommerce.TestEcommerce" name="test_insufficient_stock_rejected" time="0.077" /><testcase classname="tests.test_iter46_partners_ecommerce.TestEcommerce" name="test_return_restores_stock" time="0.174" /><testcase classname="tests.test_iter46_partners_ecommerce.TestEcommerce" name="test_double_return_does_not_double_restore" time="0.173" /><testcase classname="tests.test_iter46_partners_ecommerce.TestEcommerce" name="test_reconciliation" time="0.084" /><testcase classname="tests.test_iter46_partners_ecommerce.TestReportsAndCeo" name="test_partner_performance_report" time="0.087" /><testcase classname="tests.test_iter46_partners_ecommerce.TestReportsAndCeo" name="test_ecommerce_report" time="0.123" /><testcase classname="tests.test_iter46_partners_ecommerce.TestReportsAndCeo" name="test_ceo_dashboard_ecommerce_section" time="0.095" /><testcase classname="tests.test_iter46_partners_ecommerce.TestReportsAndCeo" name="test_partner_performance_filters_by_speciality_and_district" time="0.170" /><testcase classname="tests.test_iter46_partners_ecommerce.TestReportsAndCeo" name="test_ecommerce_report_summary_is_flat" time="0.087" /><testcase classname="tests.test_iter46_partners_ecommerce.TestReportsAndCeo" name="test_ecommerce_report_has_monthly_and_platform_breakdown" time="0.096" /><testcase classname="tests.test_iter46_partners_ecommerce.TestReportsAndCeo" name="test_ecommerce_report_platform_filter" time="0.088" /><testcase classname="tests.test_iter46_partners_ecommerce.TestTerms" name="test_active_terms_per_category[quotation]" time="0.075" /><testcase classname="tests.test_iter46_partners_ecommerce.TestTerms" name="test_active_terms_per_category[invoice]" time="0.086" /><testcase classname="tests.test_iter46_partners_ecommerce.TestTerms" name="test_active_terms_per_category[amc]" time="0.089" /><testcase classname="tests.test_iter46_partners_ecommerce.TestTerms" name="test_terms_list_has_category" time="0.076" /><testcase classname="tests.test_iter46_partners_ecommerce.TestTerms" name="test_create_activate_invoice_template_changes_active" time="0.391" /><testcase classname="tests.test_iter46_partners_ecommerce.TestRbac" name="test_unauthenticated_blocked" time="0.338" /><testcase classname="tests.test_iter46_partners_ecommerce.TestRbac" name="test_staff_cannot_create_partner" time="1.157" /><testcase classname="tests.test_iter46_partners_ecommerce" name="test_zz_cleanup" time="0.468" /><testcase classname="tests.test_iter47_revamp.TestPartnerEditGuards" name="test_create_partner_with_rate" time="0.435" /><testcase classname="tests.test_iter47_revamp.TestPartnerEditGuards" name="test_edit_partner_basic" time="0.078" /><testcase classname="tests.test_iter47_revamp.TestPartnerEditGuards" name="test_edit_rate_card_row_in_place" time="0.061" /><testcase classname="tests.test_iter47_revamp.TestPartnerEditGuards" name="test_add_versioned_rate" time="0.062" /><testcase classname="tests.test_iter47_revamp.TestPartnerTags" name="test_create_tag" time="0.067" /><testcase classname="tests.test_iter47_revamp.TestPartnerTags" name="test_list_tags" time="0.067" /><testcase classname="tests.test_iter47_revamp.TestPartnerTags" name="test_tag_combo_filter" time="0.191" /><testcase classname="tests.test_iter47_revamp.TestPartnerTags" name="test_retire_tag" time="0.080" /><testcase classname="tests.test_iter47_revamp.TestVendorFilters" name="test_create_and_filter" time="0.197" /><testcase classname="tests.test_iter47_revamp.TestVendorFilters" name="test_sort_options" time="0.191" /><testcase classname="tests.test_iter47_revamp.TestSupportTickets" name="test_dashboard_empty_state" time="0.075" /><testcase classname="tests.test_iter47_revamp.TestSupportTickets" name="test_create_and_status_workflow" time="0.199" /><testcase classname="tests.test_iter47_revamp.TestSupportTickets" name="test_close_with_csat_feeds_technician" time="0.132" /><testcase classname="tests.test_iter47_revamp.TestSupportTickets" name="test_csat_out_of_range_rejected" time="0.153" /><testcase classname="tests.test_iter47_revamp.TestSupportTickets" name="test_customer_support_report" time="0.078" /><testcase classname="tests.test_iter47_revamp.TestEcommerceIter47" name="test_live_listing_requires_commission" time="0.341" /><testcase classname="tests.test_iter47_revamp.TestHardDelete" name="test_hard_delete_requires_reason" time="0.102"><skipped type="pytest.skip" message="no active sale to test with">/app/backend/tests/test_iter47_revamp.py:202: no active sale to test with</skipped></testcase><testcase classname="tests.test_iter47_revamp.TestHardDelete" name="test_hard_delete_invalid_id" time="0.067" /><testcase classname="tests.test_iter51_new_gaps.TestPartnerPerformanceFilters" name="test_seed_partner" time="0.697" /><testcase classname="tests.test_iter51_new_gaps.TestPartnerPerformanceFilters" name="test_report_unfiltered_contains_partner" time="0.106" /><testcase classname="tests.test_iter51_new_gaps.TestPartnerPerformanceFilters" name="test_speciality_filter_keeps_matching_partner" time="0.125" /><testcase classname="tests.test_iter51_new_gaps.TestPartnerPerformanceFilters" name="test_speciality_filter_excludes_non_matching" time="0.089" /><testcase classname="tests.test_iter51_new_gaps.TestPartnerPerformanceFilters" name="test_district_filter_matches" time="0.099" /><testcase classname="tests.test_iter51_new_gaps.TestPartnerPerformanceFilters" name="test_unknown_district_returns_zero_rows_not_error" time="0.091" /><testcase classname="tests.test_iter51_new_gaps.TestPartnerPerformanceFilters" name="test_combined_district_and_speciality" time="0.273" /><testcase classname="tests.test_iter51_new_gaps.TestEcommerceOrderLifecycle" name="test_setup_platform_listing" time="0.304" /><testcase classname="tests.test_iter51_new_gaps.TestEcommerceOrderLifecycle" name="test_create_order_sets_movement_reference_id" time="0.271" /><testcase classname="tests.test_iter51_new_gaps.TestEcommerceOrderLifecycle" name="test_payment_status_settled_sets_settlement_date" time="0.179" /><testcase classname="tests.test_iter51_new_gaps.TestEcommerceOrderLifecycle" name="test_cancelled_restores_stock_and_movement_ref" time="0.298" /><testcase classname="tests.test_iter51_new_gaps.TestEcommerceOrderLifecycle" name="test_cancel_then_second_cancel_no_double_restore" time="0.213" /><testcase classname="tests.test_iter51_new_gaps.TestEcommerceReport" name="test_summary_all_scalar" time="0.110" /><testcase classname="tests.test_iter51_new_gaps.TestEcommerceReport" name="test_breakdown_tables_present" time="0.104" /><testcase classname="tests.test_iter51_new_gaps.TestEcommerceReport" name="test_platform_filter_narrows_breakdowns" time="0.101" /><testcase classname="tests.test_iter51_new_gaps.TestEcommerceReport" name="test_category_filter" time="0.205" /><testcase classname="tests.test_iter51_new_gaps.TestTermsTemplates" name="test_active_invoice_template_is_standard_not_test" time="0.118" /><testcase classname="tests.test_iter51_new_gaps.TestTermsTemplates" name="test_no_test_templates_remain" time="0.124" /><testcase classname="tests.test_iter51_new_gaps.TestTermsTemplates" name="test_active_quotation_template_exists" time="0.114" /><testcase classname="tests.test_iter51_new_gaps.TestTermsTemplates" name="test_active_endpoint_matches_per_category" time="0.252" /><testcase classname="tests.test_iter51_new_gaps.TestCleanup" name="test_cleanup" time="0.509" /><testcase classname="tests.test_iter46_terms_categories.TestTermsCategorySeed" name="test_default_templates_seeded_per_category" time="0.587" /><testcase classname="tests.test_iter46_terms_categories.TestTermsCategorySeed" name="test_category_filter_excludes_other_categories" time="0.059" /><testcase classname="tests.test_iter46_terms_categories.TestTermsCategorySeed" name="test_active_endpoint_respects_category" time="0.131" /><testcase classname="tests.test_iter46_terms_categories.TestTermsVersioningPerCategory" name="test_version_numbering_scoped_to_category" time="0.262" /><testcase classname="tests.test_iter46_terms_categories.TestTermsVersioningPerCategory" name="test_activation_does_not_deactivate_other_category" time="0.406" /><testcase classname="tests.test_iter46_terms_categories.TestTermsById" name="test_get_by_id_includes_category" time="0.128" /><testcase classname="tests.test_iter47_edge_cases.TestSLAConfig" name="test_get_sla_config_has_four_priorities" time="0.415" /><testcase classname="tests.test_iter47_edge_cases.TestSLAConfig" name="test_update_sla_config_persists" time="0.301" /><testcase classname="tests.test_iter47_edge_cases.TestTicketLifecycle" name="test_create_ticket_defaults_and_sla_stamp" time="0.077" /><testcase classname="tests.test_iter47_edge_cases.TestTicketLifecycle" name="test_get_ticket_persisted" time="0.161" /><testcase classname="tests.test_iter47_edge_cases.TestTicketLifecycle" name="test_get_ticket_bad_id_400_and_404" time="0.148" /><testcase classname="tests.test_iter47_edge_cases.TestTicketLifecycle" name="test_assign_sets_first_response_and_assigned_date" time="0.152" /><testcase classname="tests.test_iter47_edge_cases.TestTicketLifecycle" name="test_invalid_status_transition_rejected" time="0.155" /><testcase classname="tests.test_iter47_edge_cases.TestTicketLifecycle" name="test_valid_transition_chain" time="0.281" /><testcase classname="tests.test_iter47_edge_cases.TestTicketLifecycle" name="test_reopen_increments_counter_and_clears_resolved" time="0.289" /><testcase classname="tests.test_iter47_edge_cases.TestTicketLifecycle" name="test_close_with_csat" time="0.352" /><testcase classname="tests.test_iter47_edge_cases.TestTicketLifecycle" name="test_close_twice_rejected" time="0.205" /><testcase classname="tests.test_iter47_edge_cases.TestTicketLifecycle" name="test_csat_out_of_range_rejected[0]" time="0.142" /><testcase classname="tests.test_iter47_edge_cases.TestTicketLifecycle" name="test_csat_out_of_range_rejected[6]" time="0.137" /><testcase classname="tests.test_iter47_edge_cases.TestTicketLifecycle" name="test_csat_out_of_range_rejected[-1]" time="0.140" /><testcase classname="tests.test_iter47_edge_cases.TestTicketLifecycle" name="test_list_filters" time="0.359" /><testcase classname="tests.test_iter47_edge_cases.TestTicketLifecycle" name="test_dashboard_shape" time="0.068" /><testcase classname="tests.test_iter47_edge_cases.TestTicketLifecycle" name="test_unauthenticated_blocked" time="0.152" /><testcase classname="tests.test_iter47_edge_cases.TestCustomerSupportReport" name="test_report_shape" time="0.077" /><testcase classname="tests.test_iter47_edge_cases.TestListingCommission" name="test_live_without_commission_rejected" time="0.207" /><testcase classname="tests.test_iter47_edge_cases.TestListingCommission" name="test_live_with_commission_ok_then_cleanup" time="0.510" /><testcase classname="tests.test_iter47_edge_cases.TestListingCommission" name="test_bulk_status_live_bypass_check" time="0.419"><failure message="AssertionError: bulk-status bypasses the commission-before-live guard&#10;assert not True">self = &lt;test_iter47_edge_cases.TestListingCommission object at 0xf9ed3573d750&gt;
client = &lt;requests.sessions.Session object at 0xf9ed3566b050&gt;

    def test_bulk_status_live_bypass_check(self, client):
        """Known gap probe: bulk-status may set a commission-less listing live."""
        items = client.get(f"{BASE}/inventory/items", params={"limit": 5}, timeout=30).json()
        items = items if isinstance(items, list) else items.get("items", [])
        plats = client.get(f"{BASE}/ecommerce/platforms", timeout=30).json()
        if not items or not plats:
            pytest.skip("missing prerequisites")
        d = client.post(f"{BASE}/ecommerce/listings", json={
            "platform_id": plats[0]["id"], "inventory_item_id": items[0]["id"],
            "platform_sku": "TEST_EDGE_SKU4", "listing_title": "TEST_ bulk probe",
            "listed_price": 500, "status": "draft"}, timeout=30)
        assert d.status_code == 200, d.text
        did = d.json()["id"]
        client.post(f"{BASE}/ecommerce/listings/bulk-status",
                    json={"listing_ids": [did], "status": "live"}, timeout=30)
        after = [x for x in client.get(f"{BASE}/ecommerce/listings", timeout=30).json() if x["id"] == did]
        went_live = bool(after) and after[0]["status"] == "live" and after[0].get("platform_commission_pct") is None
        client.delete(f"{BASE}/ecommerce/listings/{did}", timeout=30)
&gt;       assert not went_live, "bulk-status bypasses the commission-before-live guard"
E       AssertionError: bulk-status bypasses the commission-before-live guard
E       assert not True

tests/test_iter47_edge_cases.py:280: AssertionError</failure></testcase><testcase classname="tests.test_iter47_edge_cases.TestVendorFilters" name="test_create_vendor_with_district_and_terms" time="0.076" /><testcase classname="tests.test_iter47_edge_cases.TestVendorFilters" name="test_search_by_name_and_gstin" time="0.149" /><testcase classname="tests.test_iter47_edge_cases.TestVendorFilters" name="test_district_and_category_filter" time="0.167" /><testcase classname="tests.test_iter47_edge_cases.TestVendorFilters" name="test_stats_and_sorts" time="0.182" /><testcase classname="tests.test_iter47_edge_cases.TestVendorFilters" name="test_status_filter_inactive" time="0.211" /><testcase classname="tests.test_iter47_edge_cases.TestPartnerTagsAndGuard" name="test_tag_crud" time="0.426" /><testcase classname="tests.test_iter47_edge_cases.TestPartnerTagsAndGuard" name="test_combo_tag_and_filter" time="0.220" /><testcase classname="tests.test_iter47_edge_cases.TestPartnerTagsAndGuard" name="test_min_rating_and_sort" time="0.146" /><testcase classname="tests.test_iter47_edge_cases.TestPartnerTagsAndGuard" name="test_rate_card_edit_in_place" time="0.211" /><testcase classname="tests.test_iter47_edge_cases.TestPartnerTagsAndGuard" name="test_status_guard_with_active_assignment" time="0.700" /><testcase classname="tests.test_iter47_edge_cases.TestHardDelete" name="test_empty_reason_400" time="0.156" /><testcase classname="tests.test_iter47_edge_cases.TestHardDelete" name="test_nonexistent_404" time="0.069" /><testcase classname="tests.test_iter47_edge_cases.TestHardDelete" name="test_po_and_delivery_reason_validation" time="0.153" /><testcase classname="tests.test_iter47_edge_cases.TestHardDelete" name="test_unauthenticated_blocked" time="0.180" /><testcase classname="tests.test_iter47_edge_cases.TestHardDelete" name="test_full_hard_delete_sale_roundtrip" time="0.290" /></testsuite></testsuites>