<?xml version="1.0" encoding="utf-8"?><testsuites name="pytest tests"><testsuite name="pytest" errors="0" failures="0" skipped="1" tests="53" time="10.976" timestamp="2026-09-06T18:47:03.087220+00:00" hostname="agent-env-86a396a4-eee6-43cf-95a4-609aa1e6ecd9"><testcase classname="backend.tests.test_iter49_ecommerce_v2.TestMigration" name="test_migration_marker_present" time="0.565" /><testcase classname="backend.tests.test_iter49_ecommerce_v2.TestMigration" name="test_no_active_duplicate_platform_item_pairs" time="0.072" /><testcase classname="backend.tests.test_iter49_ecommerce_v2.TestMigration" name="test_products_view_matches_listings" time="0.148" /><testcase classname="backend.tests.test_iter49_ecommerce_v2.TestProducts" name="test_add_product_on_platform" time="0.225" /><testcase classname="backend.tests.test_iter49_ecommerce_v2.TestProducts" name="test_products_grid_has_row_and_platform_column" time="0.075" /><testcase classname="backend.tests.test_iter49_ecommerce_v2.TestProducts" name="test_inline_upsert_updates_price" time="0.163" /><testcase classname="backend.tests.test_iter49_ecommerce_v2.TestProducts" name="test_upsert_does_not_create_duplicate" time="0.073" /><testcase classname="backend.tests.test_iter49_ecommerce_v2.TestProducts" name="test_live_requires_commission" time="0.300" /><testcase classname="backend.tests.test_iter49_ecommerce_v2.TestProducts" name="test_new_listing_requires_price" time="0.074" /><testcase classname="backend.tests.test_iter49_ecommerce_v2.TestProducts" name="test_filters" time="0.153" /><testcase classname="backend.tests.test_iter49_ecommerce_v2.TestProducts" name="test_order_uses_listing_commission" time="0.154" /><testcase classname="backend.tests.test_iter49_ecommerce_v2.TestProducts" name="test_delist_product" time="0.226" /><testcase classname="backend.tests.test_iter49_ecommerce_v2.TestProducts" name="test_staff_cannot_write" time="0.219"><skipped type="pytest.skip" message="no staff account">/app/backend/tests/test_iter49_ecommerce_v2.py:143: no staff account</skipped></testcase><testcase classname="backend.tests.test_iter49_batch1.TestPartnerLocation" name="test_multi_district_filter_is_or" time="0.607" /><testcase classname="backend.tests.test_iter49_batch1.TestPartnerLocation" name="test_district_sort" time="0.073" /><testcase classname="backend.tests.test_iter49_batch1.TestPartnerLocation" name="test_districts_meta_endpoint" time="0.071" /><testcase classname="backend.tests.test_iter49_batch1.TestPartnerLocation" name="test_vendor_location_sort" time="0.068" /><testcase classname="backend.tests.test_iter49_batch1.TestPartnerTypeSwitch" name="test_internal_to_external_requires_gstin_and_company" time="0.194" /><testcase classname="backend.tests.test_iter49_batch1.TestPartnerTypeSwitch" name="test_external_to_internal_retains_fields" time="0.132" /><testcase classname="backend.tests.test_iter49_batch1.TestPartnerTypeSwitch" name="test_type_switch_is_audited" time="0.067" /><testcase classname="backend.tests.test_iter49_batch1.TestBrandReturnsReport" name="test_shape_and_ranking" time="0.067" /><testcase classname="backend.tests.test_iter49_batch1.TestBrandReturnsReport" name="test_supplier_and_date_filters" time="0.132" /><testcase classname="backend.tests.test_iter49_batch1.TestBrandReturnsReport" name="test_staff_forbidden" time="0.143" /><testcase classname="backend.tests.test_iter49_batch1.TestReportUsage" name="test_view_is_logged_and_export_post_logged" time="0.326" /><testcase classname="backend.tests.test_iter49_batch1.TestReportUsage" name="test_usage_report_does_not_log_itself" time="0.198" /><testcase classname="backend.tests.test_iter49_batch1.TestReportUsage" name="test_user_filter" time="0.270" /><testcase classname="backend.tests.test_iter49_log_archive" name="test_purge_refused_without_archive" time="0.412" /><testcase classname="backend.tests.test_iter49_log_archive" name="test_failed_archive_blocks_purge" time="0.159" /><testcase classname="backend.tests.test_iter49_log_archive" name="test_successful_archive_then_purge" time="1.648" /><testcase classname="backend.tests.test_iter49_log_archive" name="test_recent_quarter_never_purgeable" time="0.074" /><testcase classname="backend.tests.test_iter49_log_archive" name="test_config_roundtrip_and_guard" time="0.225" /><testcase classname="backend.tests.test_iter49_log_archive" name="test_run_due_is_idempotent" time="0.225" /><testcase classname="backend.tests.test_iter51_new_gaps.TestPartnerPerformanceFilters" name="test_seed_partner" time="0.667" /><testcase classname="backend.tests.test_iter51_new_gaps.TestPartnerPerformanceFilters" name="test_report_unfiltered_contains_partner" time="0.084" /><testcase classname="backend.tests.test_iter51_new_gaps.TestPartnerPerformanceFilters" name="test_speciality_filter_keeps_matching_partner" time="0.086" /><testcase classname="backend.tests.test_iter51_new_gaps.TestPartnerPerformanceFilters" name="test_speciality_filter_excludes_non_matching" time="0.082" /><testcase classname="backend.tests.test_iter51_new_gaps.TestPartnerPerformanceFilters" name="test_district_filter_matches" time="0.080" /><testcase classname="backend.tests.test_iter51_new_gaps.TestPartnerPerformanceFilters" name="test_unknown_district_returns_zero_rows_not_error" time="0.081" /><testcase classname="backend.tests.test_iter51_new_gaps.TestPartnerPerformanceFilters" name="test_combined_district_and_speciality" time="0.163" /><testcase classname="backend.tests.test_iter51_new_gaps.TestEcommerceOrderLifecycle" name="test_setup_platform_listing" time="0.234" /><testcase classname="backend.tests.test_iter51_new_gaps.TestEcommerceOrderLifecycle" name="test_create_order_sets_movement_reference_id" time="0.160" /><testcase classname="backend.tests.test_iter51_new_gaps.TestEcommerceOrderLifecycle" name="test_payment_status_settled_sets_settlement_date" time="0.153" /><testcase classname="backend.tests.test_iter51_new_gaps.TestEcommerceOrderLifecycle" name="test_cancelled_restores_stock_and_movement_ref" time="0.144" /><testcase classname="backend.tests.test_iter51_new_gaps.TestEcommerceOrderLifecycle" name="test_cancel_then_second_cancel_no_double_restore" time="0.151" /><testcase classname="backend.tests.test_iter51_new_gaps.TestEcommerceReport" name="test_summary_all_scalar" time="0.089" /><testcase classname="backend.tests.test_iter51_new_gaps.TestEcommerceReport" name="test_breakdown_tables_present" time="0.083" /><testcase classname="backend.tests.test_iter51_new_gaps.TestEcommerceReport" name="test_platform_filter_narrows_breakdowns" time="0.079" /><testcase classname="backend.tests.test_iter51_new_gaps.TestEcommerceReport" name="test_category_filter" time="0.169" /><testcase classname="backend.tests.test_iter51_new_gaps.TestTermsTemplates" name="test_active_invoice_template_is_standard_not_test" time="0.077" /><testcase classname="backend.tests.test_iter51_new_gaps.TestTermsTemplates" name="test_no_test_templates_remain" time="0.080" /><testcase classname="backend.tests.test_iter51_new_gaps.TestTermsTemplates" name="test_active_quotation_template_exists" time="0.073" /><testcase classname="backend.tests.test_iter51_new_gaps.TestTermsTemplates" name="test_active_endpoint_matches_per_category" time="0.149" /><testcase classname="backend.tests.test_iter51_new_gaps.TestCleanup" name="test_cleanup" time="0.369" /></testsuite></testsuites>