<?xml version="1.0" encoding="utf-8"?><testsuites name="pytest tests"><testsuite name="pytest" errors="0" failures="0" skipped="0" tests="4" time="1.433" timestamp="2026-05-03T17:43:02.359727+00:00" hostname="agent-env-86a396a4-eee6-43cf-95a4-609aa1e6ecd9"><testcase classname="backend.tests.test_iteration22_retest" name="test_summary_unfiltered_when_filter_slow" time="0.966" /><testcase classname="backend.tests.test_iteration22_retest" name="test_summary_unfiltered_when_filter_fast" time="0.059" /><testcase classname="backend.tests.test_iteration22_retest" name="test_summary_no_filter_all" time="0.058" /><testcase classname="backend.tests.test_iteration22_retest" name="test_summary_consistent_across_filters" time="0.283" /></testsuite></testsuites>