<?xml version="1.0" encoding="utf-8"?><testsuites name="pytest tests"><testsuite name="pytest" errors="0" failures="1" skipped="0" tests="8" time="3.622" timestamp="2026-08-25T20:46:16.266400+00:00" hostname="agent-env-86a396a4-eee6-43cf-95a4-609aa1e6ecd9"><testcase classname="tests.test_iter45_api.TestInventoryImport" name="test_preview_with_aliased_headers" time="1.077" /><testcase classname="tests.test_iter45_api.TestInventoryImport" name="test_preview_missing_required_returns_needs_mapping" time="0.107" /><testcase classname="tests.test_iter45_api.TestInventoryImport" name="test_preview_duplicate_sku_flagged" time="0.099" /><testcase classname="tests.test_iter45_api.TestInventoryImport" name="test_dry_run_does_not_write" time="0.195" /><testcase classname="tests.test_iter45_api.TestInventoryImport" name="test_real_import_then_update_quantity" time="0.403" /><testcase classname="tests.test_iter45_api.TestPurchaseInbound" name="test_full_inbound_flow_and_idempotency_and_edit_and_reverse" time="1.048"><failure message="AssertionError: assert 10.0 == (0 + 14)&#10; +  where 10.0 = _qty(&lt;requests.sessions.Session object at 0xfa1ad8b2ef50&gt;, '6a8dff1a728c9b33bbb2f2c0')&#10; +    where _qty = &lt;test_iter45_api.TestPurchaseInbound object at 0xfa1ad8b4e6d0&gt;._qty">tests/test_iter45_api.py:185: in test_full_inbound_flow_and_idempotency_and_edit_and_reverse
    assert self._qty(client, inv_item) == start + 14
E   AssertionError: assert 10.0 == (0 + 14)
E    +  where 10.0 = _qty(&lt;requests.sessions.Session object at 0xfa1ad8b2ef50&gt;, '6a8dff1a728c9b33bbb2f2c0')
E    +    where _qty = &lt;test_iter45_api.TestPurchaseInbound object at 0xfa1ad8b4e6d0&gt;._qty</failure></testcase><testcase classname="tests.test_iter45_api.TestPurchaseInbound" name="test_inbound_approval_queue_empty_for_admin" time="0.082" /><testcase classname="tests.test_iter45_api.TestBranchEdit" name="test_create_update_delete_branch" time="0.427" /></testsuite></testsuites>