<?xml version="1.0" encoding="utf-8"?><testsuites name="pytest tests"><testsuite name="pytest" errors="0" failures="1" skipped="0" tests="18" time="5.454" timestamp="2026-08-30T16:41:48.313034+00:00" hostname="agent-env-86a396a4-eee6-43cf-95a4-609aa1e6ecd9"><testcase classname="tests.test_iter46_iter43_features.TestDirectSalesLifecycle" name="test_sale_full_lifecycle_delta_stock" time="1.092" /><testcase classname="tests.test_iter46_iter43_features.TestDirectSalesLifecycle" name="test_edit_cancelled_sale_rejected" time="0.218" /><testcase classname="tests.test_iter46_iter43_features.TestDirectSalesLifecycle" name="test_negative_stock_guard_on_edit" time="0.299" /><testcase classname="tests.test_iter46_iter43_features.TestDirectSalesLifecycle" name="test_manager_cancel_creates_approval_request" time="1.243" /><testcase classname="tests.test_iter46_iter43_features.TestDeliveryEditCancel" name="test_edit_delivery_persists" time="0.243" /><testcase classname="tests.test_iter46_iter43_features.TestDeliveryEditCancel" name="test_admin_cancel_delivery" time="0.242" /><testcase classname="tests.test_iter46_iter43_features.TestDeliveryEditCancel" name="test_manager_cancel_delivery_pending_then_approve" time="0.279" /><testcase classname="tests.test_iter46_iter43_features.TestDeliveryEditCancel" name="test_manager_reject_delivery_cancel" time="0.382" /><testcase classname="tests.test_iter46_iter43_features.TestAssetsEditArchive" name="test_edit_asset" time="0.220" /><testcase classname="tests.test_iter46_iter43_features.TestAssetsEditArchive" name="test_admin_archive_asset" time="0.181" /><testcase classname="tests.test_iter46_iter43_features.TestAssetsEditArchive" name="test_manager_archive_pending_then_approve" time="0.287" /><testcase classname="tests.test_iter46_iter43_features.TestPONumbering" name="test_create_po_has_po_number" time="0.177" /><testcase classname="tests.test_iter46_iter43_features.TestCompanyProfileFields" name="test_profile_state_and_location_persist" time="0.185"><failure message="AssertionError: state not persisted: None&#10;assert None == 'Karnataka'&#10; +  where None = &lt;built-in method get of dict object at 0xfb00d422a040&gt;('state')&#10; +    where &lt;built-in method get of dict object at 0xfb00d422a040&gt; = {'address': '1 Test Street, Chennai', 'authorized_signatory': None, 'bank_details': None, 'company_name': 'TEST_ITER46 Co', ...}.get">E   AssertionError: state not persisted: None
    assert None == 'Karnataka'
     +  where None = &lt;built-in method get of dict object at 0xfb00d422a040&gt;('state')
     +    where &lt;built-in method get of dict object at 0xfb00d422a040&gt; = {'address': '1 Test Street, Chennai', 'authorized_signatory': None, 'bank_details': None, 'company_name': 'TEST_ITER46 Co', ...}.get</failure></testcase><testcase classname="tests.test_iter46_iter43_features.TestNewReports" name="test_report_returns_summary_and_rows[amc]" time="0.068" /><testcase classname="tests.test_iter46_iter43_features.TestNewReports" name="test_report_returns_summary_and_rows[assets]" time="0.071" /><testcase classname="tests.test_iter46_iter43_features.TestNewReports" name="test_report_returns_summary_and_rows[tools]" time="0.071" /><testcase classname="tests.test_iter46_iter43_features.TestNewReports" name="test_report_returns_summary_and_rows[expenses]" time="0.055" /><testcase classname="tests.test_iter46_iter43_features.TestNewReports" name="test_unknown_report_type" time="0.056" /></testsuite></testsuites>