<?xml version="1.0" encoding="utf-8"?><testsuites name="pytest tests"><testsuite name="pytest" errors="0" failures="0" skipped="0" tests="99" time="20.903" timestamp="2026-09-03T17:19:14.999530+00:00" hostname="agent-env-86a396a4-eee6-43cf-95a4-609aa1e6ecd9"><testcase classname="tests.test_iter51_new_gaps.TestPartnerPerformanceFilters" name="test_seed_partner" time="0.680" /><testcase classname="tests.test_iter51_new_gaps.TestPartnerPerformanceFilters" name="test_report_unfiltered_contains_partner" time="0.081" /><testcase classname="tests.test_iter51_new_gaps.TestPartnerPerformanceFilters" name="test_speciality_filter_keeps_matching_partner" time="0.080" /><testcase classname="tests.test_iter51_new_gaps.TestPartnerPerformanceFilters" name="test_speciality_filter_excludes_non_matching" time="0.084" /><testcase classname="tests.test_iter51_new_gaps.TestPartnerPerformanceFilters" name="test_district_filter_matches" time="0.079" /><testcase classname="tests.test_iter51_new_gaps.TestPartnerPerformanceFilters" name="test_unknown_district_returns_zero_rows_not_error" time="0.077" /><testcase classname="tests.test_iter51_new_gaps.TestPartnerPerformanceFilters" name="test_combined_district_and_speciality" time="0.159" /><testcase classname="tests.test_iter51_new_gaps.TestEcommerceOrderLifecycle" name="test_setup_platform_listing" time="0.245" /><testcase classname="tests.test_iter51_new_gaps.TestEcommerceOrderLifecycle" name="test_create_order_sets_movement_reference_id" time="0.155" /><testcase classname="tests.test_iter51_new_gaps.TestEcommerceOrderLifecycle" name="test_payment_status_settled_sets_settlement_date" time="0.157" /><testcase classname="tests.test_iter51_new_gaps.TestEcommerceOrderLifecycle" name="test_cancelled_restores_stock_and_movement_ref" time="0.181" /><testcase classname="tests.test_iter51_new_gaps.TestEcommerceOrderLifecycle" name="test_cancel_then_second_cancel_no_double_restore" time="0.154" /><testcase classname="tests.test_iter51_new_gaps.TestEcommerceReport" name="test_summary_all_scalar" time="0.080" /><testcase classname="tests.test_iter51_new_gaps.TestEcommerceReport" name="test_breakdown_tables_present" time="0.078" /><testcase classname="tests.test_iter51_new_gaps.TestEcommerceReport" name="test_platform_filter_narrows_breakdowns" time="0.080" /><testcase classname="tests.test_iter51_new_gaps.TestEcommerceReport" name="test_category_filter" time="0.161" /><testcase classname="tests.test_iter51_new_gaps.TestTermsTemplates" name="test_active_invoice_template_is_standard_not_test" time="0.071" /><testcase classname="tests.test_iter51_new_gaps.TestTermsTemplates" name="test_no_test_templates_remain" time="0.084" /><testcase classname="tests.test_iter51_new_gaps.TestTermsTemplates" name="test_active_quotation_template_exists" time="0.084" /><testcase classname="tests.test_iter51_new_gaps.TestTermsTemplates" name="test_active_endpoint_matches_per_category" time="0.168" /><testcase classname="tests.test_iter51_new_gaps.TestCleanup" name="test_cleanup" time="0.376" /><testcase classname="tests.test_iter46_partners_ecommerce.TestPartners" name="test_list_partners" time="0.565" /><testcase classname="tests.test_iter46_partners_ecommerce.TestPartners" name="test_create_partner_with_rate_card" time="0.176" /><testcase classname="tests.test_iter46_partners_ecommerce.TestPartners" name="test_partner_appears_in_list" time="0.083" /><testcase classname="tests.test_iter46_partners_ecommerce.TestPartners" name="test_invalid_partner_id_400" time="0.090" /><testcase classname="tests.test_iter46_partners_ecommerce.TestAssignments" name="test_pick_project" time="0.173" /><testcase classname="tests.test_iter46_partners_ecommerce.TestAssignments" name="test_project_scope_hint" time="0.141" /><testcase classname="tests.test_iter46_partners_ecommerce.TestAssignments" name="test_create_assignment_pricing" time="0.089" /><testcase classname="tests.test_iter46_partners_ecommerce.TestAssignments" name="test_assignment_bad_activity_400" time="0.091" /><testcase classname="tests.test_iter46_partners_ecommerce.TestAssignments" name="test_by_project_endpoint" time="0.093" /><testcase classname="tests.test_iter46_partners_ecommerce.TestAssignments" name="test_by_project_unknown_project_returns_empty" time="0.098" /><testcase classname="tests.test_iter46_partners_ecommerce.TestAssignments" name="test_assignment_shows_on_partner_detail" time="0.092" /><testcase classname="tests.test_iter46_partners_ecommerce.TestPayments" name="test_record_advance_payment" time="0.173" /><testcase classname="tests.test_iter46_partners_ecommerce.TestPayments" name="test_payment_listed" time="0.085" /><testcase classname="tests.test_iter46_partners_ecommerce.TestPayments" name="test_payment_posts_into_account_entries" time="0.087" /><testcase classname="tests.test_iter46_partners_ecommerce.TestPayments" name="test_retention_release_blocked_without_commissioning" time="0.091" /><testcase classname="tests.test_iter46_partners_ecommerce.TestPayments" name="test_retention_payment_type_rejected_on_payments_endpoint" time="0.083" /><testcase classname="tests.test_iter46_partners_ecommerce.TestEcommerce" name="test_platforms_list" time="0.092" /><testcase classname="tests.test_iter46_partners_ecommerce.TestEcommerce" name="test_create_platform" time="0.087" /><testcase classname="tests.test_iter46_partners_ecommerce.TestEcommerce" name="test_pick_inventory_item" time="0.088" /><testcase classname="tests.test_iter46_partners_ecommerce.TestEcommerce" name="test_create_listing" time="0.170" /><testcase classname="tests.test_iter46_partners_ecommerce.TestEcommerce" name="test_create_order_computes_and_decrements_stock" time="0.185" /><testcase classname="tests.test_iter46_partners_ecommerce.TestEcommerce" name="test_order_listed" time="0.079" /><testcase classname="tests.test_iter46_partners_ecommerce.TestEcommerce" name="test_duplicate_platform_order_id_rejected" time="0.165" /><testcase classname="tests.test_iter46_partners_ecommerce.TestEcommerce" name="test_insufficient_stock_rejected" time="0.087" /><testcase classname="tests.test_iter46_partners_ecommerce.TestEcommerce" name="test_return_restores_stock" time="0.180" /><testcase classname="tests.test_iter46_partners_ecommerce.TestEcommerce" name="test_double_return_does_not_double_restore" time="0.179" /><testcase classname="tests.test_iter46_partners_ecommerce.TestEcommerce" name="test_reconciliation" time="0.084" /><testcase classname="tests.test_iter46_partners_ecommerce.TestReportsAndCeo" name="test_partner_performance_report" time="0.121" /><testcase classname="tests.test_iter46_partners_ecommerce.TestReportsAndCeo" name="test_ecommerce_report" time="0.096" /><testcase classname="tests.test_iter46_partners_ecommerce.TestReportsAndCeo" name="test_ceo_dashboard_ecommerce_section" time="0.106" /><testcase classname="tests.test_iter46_partners_ecommerce.TestReportsAndCeo" name="test_partner_performance_filters_by_speciality_and_district" time="0.228" /><testcase classname="tests.test_iter46_partners_ecommerce.TestReportsAndCeo" name="test_ecommerce_report_summary_is_flat" time="0.096" /><testcase classname="tests.test_iter46_partners_ecommerce.TestReportsAndCeo" name="test_ecommerce_report_has_monthly_and_platform_breakdown" time="0.094" /><testcase classname="tests.test_iter46_partners_ecommerce.TestReportsAndCeo" name="test_ecommerce_report_platform_filter" time="0.101" /><testcase classname="tests.test_iter46_partners_ecommerce.TestTerms" name="test_active_terms_per_category[quotation]" time="0.130" /><testcase classname="tests.test_iter46_partners_ecommerce.TestTerms" name="test_active_terms_per_category[invoice]" time="0.097" /><testcase classname="tests.test_iter46_partners_ecommerce.TestTerms" name="test_active_terms_per_category[amc]" time="0.089" /><testcase classname="tests.test_iter46_partners_ecommerce.TestTerms" name="test_terms_list_has_category" time="0.082" /><testcase classname="tests.test_iter46_partners_ecommerce.TestTerms" name="test_create_activate_invoice_template_changes_active" time="0.423" /><testcase classname="tests.test_iter46_partners_ecommerce.TestRbac" name="test_unauthenticated_blocked" time="0.423" /><testcase classname="tests.test_iter46_partners_ecommerce.TestRbac" name="test_staff_cannot_create_partner" time="1.174" /><testcase classname="tests.test_iter46_partners_ecommerce" name="test_zz_cleanup" time="0.437" /><testcase classname="tests.test_iter46_terms_categories.TestTermsCategorySeed" name="test_default_templates_seeded_per_category" time="0.652" /><testcase classname="tests.test_iter46_terms_categories.TestTermsCategorySeed" name="test_category_filter_excludes_other_categories" time="0.082" /><testcase classname="tests.test_iter46_terms_categories.TestTermsCategorySeed" name="test_active_endpoint_respects_category" time="0.156" /><testcase classname="tests.test_iter46_terms_categories.TestTermsVersioningPerCategory" name="test_version_numbering_scoped_to_category" time="0.330" /><testcase classname="tests.test_iter46_terms_categories.TestTermsVersioningPerCategory" name="test_activation_does_not_deactivate_other_category" time="0.564" /><testcase classname="tests.test_iter46_terms_categories.TestTermsById" name="test_get_by_id_includes_category" time="0.182" /><testcase classname="tests.test_iter48_api.TestInventoryItemDetail" name="test_detail_has_location_and_addon_group" time="0.673" /><testcase classname="tests.test_iter48_api.TestInventoryItemDetail" name="test_addon_group_persistence_bug" time="0.311" /><testcase classname="tests.test_iter48_api.TestPoDelete" name="test_delete_pending_po_succeeds" time="0.215" /><testcase classname="tests.test_iter48_api.TestPoDelete" name="test_delete_non_pending_po_returns_400" time="0.254" /><testcase classname="tests.test_iter48_api.TestPoDelete" name="test_delete_missing_po_returns_404" time="0.060" /><testcase classname="tests.test_iter48_api.TestDirectSaleLocationScoping" name="test_sale_uses_location_scoped_invoice_prefix" time="0.204" /><testcase classname="tests.test_iter48_api.TestAssetsReport" name="test_register_summary_increments_after_create" time="0.292" /><testcase classname="tests.test_iter47_api.TestCompanyProfileStateLocation" name="test_create_with_state_and_location_persists" time="1.057" /><testcase classname="tests.test_iter47_api.TestPurchaseOrderDelete" name="test_po_number_generated_with_location" time="0.204" /><testcase classname="tests.test_iter47_api.TestPurchaseOrderDelete" name="test_delete_pending_po_succeeds_and_removed" time="0.259" /><testcase classname="tests.test_iter47_api.TestPurchaseOrderDelete" name="test_delete_non_pending_po_returns_400" time="0.267" /><testcase classname="tests.test_iter47_api.TestPurchaseOrderDelete" name="test_delete_nonexistent_po_returns_404" time="0.089" /><testcase classname="tests.test_iter47_api.TestInventoryLocationScoping" name="test_item_location_roundtrip_and_filter" time="0.797" /><testcase classname="tests.test_iter47_api.TestInventoryLocationScoping" name="test_item_detail_endpoint_returns_location_id" time="0.277" /><testcase classname="tests.test_iter47_api.TestInventoryLocationScoping" name="test_non_admin_scoped_visibility" time="1.251" /><testcase classname="tests.test_iter47_api.TestInventoryLocationScoping" name="test_alerts_include_location_id" time="0.095" /><testcase classname="tests.test_iter47_api.TestSalesSummaryExcludesReturned" name="test_returned_sale_not_counted" time="0.513" /><testcase classname="tests.test_iter47_api.TestSanityRegression" name="test_endpoint_ok[/sales]" time="0.111" /><testcase classname="tests.test_iter47_api.TestSanityRegression" name="test_endpoint_ok[/sales/summary]" time="0.081" /><testcase classname="tests.test_iter47_api.TestSanityRegression" name="test_endpoint_ok[/deliveries]" time="0.089" /><testcase classname="tests.test_iter47_api.TestSanityRegression" name="test_endpoint_ok[/assets]" time="0.081" /><testcase classname="tests.test_iter47_api.TestSanityRegression" name="test_endpoint_ok[/amc/contracts]" time="0.091" /><testcase classname="tests.test_iter47_api.TestSanityRegression" name="test_endpoint_ok[/purchase-orders]" time="0.090" /><testcase classname="tests.test_iter47_api.TestSanityRegression" name="test_endpoint_ok[/inventory/items]" time="0.092" /><testcase classname="tests.test_iter47_api.TestSanityRegression" name="test_endpoint_ok[/locations]" time="0.094" /><testcase classname="tests.test_iter47_api.TestSanityRegression" name="test_endpoint_ok[/company]" time="0.100" /><testcase classname="tests.test_iter47_api.TestSanityRegression" name="test_endpoint_ok[/reports/amc]" time="0.111" /><testcase classname="tests.test_iter47_api.TestSanityRegression" name="test_endpoint_ok[/reports/assets]" time="0.111" /><testcase classname="tests.test_iter47_api.TestSanityRegression" name="test_endpoint_ok[/reports/tools]" time="0.098" /><testcase classname="tests.test_iter47_api.TestSanityRegression" name="test_endpoint_ok[/reports/expenses]" time="0.103" /></testsuite></testsuites>