<?xml version="1.0" encoding="utf-8"?><testsuites name="pytest tests"><testsuite name="pytest" errors="0" failures="1" skipped="0" tests="23" time="5.455" timestamp="2026-08-30T17:01:29.880529+00:00" hostname="agent-env-86a396a4-eee6-43cf-95a4-609aa1e6ecd9"><testcase classname="tests.test_iter47_api.TestCompanyProfileStateLocation" name="test_create_with_state_and_location_persists" time="1.800" /><testcase classname="tests.test_iter47_api.TestPurchaseOrderDelete" name="test_po_number_generated_with_location" time="0.122" /><testcase classname="tests.test_iter47_api.TestPurchaseOrderDelete" name="test_delete_pending_po_succeeds_and_removed" time="0.182" /><testcase classname="tests.test_iter47_api.TestPurchaseOrderDelete" name="test_delete_non_pending_po_returns_400" time="0.208" /><testcase classname="tests.test_iter47_api.TestPurchaseOrderDelete" name="test_delete_nonexistent_po_returns_404" time="0.061" /><testcase classname="tests.test_iter47_api.TestInventoryLocationScoping" name="test_item_location_roundtrip_and_filter" time="0.581" /><testcase classname="tests.test_iter47_api.TestInventoryLocationScoping" name="test_item_detail_endpoint_returns_location_id" time="0.178"><failure message="AssertionError: single-item GET does not return location_id&#10;assert None == '6a8dfd7a802363e4f7a04a44'&#10; +  where None = &lt;built-in method get of dict object at 0xf88dce4f3740&gt;('location_id')&#10; +    where &lt;built-in method get of dict object at 0xf88dce4f3740&gt; = {'active': True, 'aisle': '', 'bin_location': '', 'category': 'panels', ...}.get&#10; +      where {'active': True, 'aisle': '', 'bin_location': '', 'category': 'panels', ...} = json()&#10; +        where json = &lt;Response [200]&gt;.json">E   AssertionError: single-item GET does not return location_id
    assert None == '6a8dfd7a802363e4f7a04a44'
     +  where None = &lt;built-in method get of dict object at 0xf88dce4f3740&gt;('location_id')
     +    where &lt;built-in method get of dict object at 0xf88dce4f3740&gt; = {'active': True, 'aisle': '', 'bin_location': '', 'category': 'panels', ...}.get
     +      where {'active': True, 'aisle': '', 'bin_location': '', 'category': 'panels', ...} = json()
     +        where json = &lt;Response [200]&gt;.json</failure></testcase><testcase classname="tests.test_iter47_api.TestInventoryLocationScoping" name="test_non_admin_scoped_visibility" time="0.965" /><testcase classname="tests.test_iter47_api.TestInventoryLocationScoping" name="test_alerts_include_location_id" time="0.062" /><testcase classname="tests.test_iter47_api.TestSalesSummaryExcludesReturned" name="test_returned_sale_not_counted" time="0.358" /><testcase classname="tests.test_iter47_api.TestSanityRegression" name="test_endpoint_ok[/sales]" time="0.067" /><testcase classname="tests.test_iter47_api.TestSanityRegression" name="test_endpoint_ok[/sales/summary]" time="0.062" /><testcase classname="tests.test_iter47_api.TestSanityRegression" name="test_endpoint_ok[/deliveries]" time="0.057" /><testcase classname="tests.test_iter47_api.TestSanityRegression" name="test_endpoint_ok[/assets]" time="0.053" /><testcase classname="tests.test_iter47_api.TestSanityRegression" name="test_endpoint_ok[/amc/contracts]" time="0.068" /><testcase classname="tests.test_iter47_api.TestSanityRegression" name="test_endpoint_ok[/purchase-orders]" time="0.071" /><testcase classname="tests.test_iter47_api.TestSanityRegression" name="test_endpoint_ok[/inventory/items]" time="0.055" /><testcase classname="tests.test_iter47_api.TestSanityRegression" name="test_endpoint_ok[/locations]" time="0.063" /><testcase classname="tests.test_iter47_api.TestSanityRegression" name="test_endpoint_ok[/company]" time="0.054" /><testcase classname="tests.test_iter47_api.TestSanityRegression" name="test_endpoint_ok[/reports/amc]" time="0.073" /><testcase classname="tests.test_iter47_api.TestSanityRegression" name="test_endpoint_ok[/reports/assets]" time="0.070" /><testcase classname="tests.test_iter47_api.TestSanityRegression" name="test_endpoint_ok[/reports/tools]" time="0.070" /><testcase classname="tests.test_iter47_api.TestSanityRegression" name="test_endpoint_ok[/reports/expenses]" time="0.071" /></testsuite></testsuites>