<?xml version="1.0" encoding="utf-8"?><testsuites name="pytest tests"><testsuite name="pytest" errors="0" failures="0" skipped="0" tests="11" time="4.837" timestamp="2026-04-09T13:33:38.808506+00:00" hostname="agent-env-e0110833-59f8-4495-a175-30c9c4d6d9d1"><testcase classname="backend.tests.test_iteration5_features.TestAuth" name="test_admin_login" time="0.429" /><testcase classname="backend.tests.test_iteration5_features.TestInventoryCategories" name="test_get_categories_returns_seeded" time="0.394" /><testcase classname="backend.tests.test_iteration5_features.TestInventoryCategories" name="test_create_custom_category" time="0.163" /><testcase classname="backend.tests.test_iteration5_features.TestInventoryItems" name="test_create_item_with_image_url" time="0.495" /><testcase classname="backend.tests.test_iteration5_features.TestImageUpload" name="test_upload_image_endpoint_exists" time="0.393" /><testcase classname="backend.tests.test_iteration5_features.TestImageUpload" name="test_upload_image_with_valid_image" time="0.310" /><testcase classname="backend.tests.test_iteration5_features.TestMarginEndpoint" name="test_margin_update_as_admin" time="0.512" /><testcase classname="backend.tests.test_iteration5_features.TestMarginEndpoint" name="test_margin_update_recalculates_total" time="0.124" /><testcase classname="backend.tests.test_iteration5_features.TestStaffCannotUpdateMargin" name="test_staff_cannot_update_margin" time="0.895" /><testcase classname="backend.tests.test_iteration5_features.TestPricingConfigRemoved" name="test_pricing_endpoint_not_found" time="0.380" /><testcase classname="backend.tests.test_iteration5_features.TestRoofTypeTextField" name="test_roof_type_accepts_free_text" time="0.670" /></testsuite></testsuites>