<?xml version="1.0" encoding="utf-8"?><testsuites name="pytest tests"><testsuite name="pytest" errors="0" failures="0" skipped="0" tests="9" time="2.233" timestamp="2026-05-22T17:02:45.841955+00:00" hostname="agent-env-86a396a4-eee6-43cf-95a4-609aa1e6ecd9"><testcase classname="backend.tests.test_iteration35_reference.TestReferenceCandidates" name="test_list_returns_only_completed" time="0.466" /><testcase classname="backend.tests.test_iteration35_reference.TestReferenceCandidates" name="test_search_filter_by_q" time="0.151" /><testcase classname="backend.tests.test_iteration35_reference.TestReferenceCandidates" name="test_search_nonexistent_returns_empty" time="0.086" /><testcase classname="backend.tests.test_iteration35_reference.TestReferenceSummary" name="test_summary_for_first_candidate" time="0.152" /><testcase classname="backend.tests.test_iteration35_reference.TestReferenceSummary" name="test_summary_404_for_missing" time="0.076" /><testcase classname="backend.tests.test_iteration35_reference.TestProjectReferenceFieldRoundTrip" name="test_create_with_reference_id_persists" time="0.229" /><testcase classname="backend.tests.test_iteration35_reference.TestProjectReferenceFieldRoundTrip" name="test_update_clear_reference_via_empty_string" time="0.150" /><testcase classname="backend.tests.test_iteration35_reference.TestProjectReferenceFieldRoundTrip" name="test_update_set_reference_again" time="0.240" /><testcase classname="backend.tests.test_iteration35_reference.TestNotesOnlyOnCompleted" name="test_notes_only_update_on_completed_still_works" time="0.602" /></testsuite></testsuites>