<?xml version="1.0" encoding="utf-8"?><testsuites name="pytest tests"><testsuite name="pytest" errors="0" failures="0" skipped="0" tests="4" time="2.850" timestamp="2026-09-24T07:30:46.474187+00:00" hostname="agent-env-86a396a4-eee6-43cf-95a4-609aa1e6ecd9"><testcase classname="backend.tests.test_iter56_vault_rotation" name="test_rotation_state_pure" time="0.174" /><testcase classname="backend.tests.test_iter56_vault_rotation" name="test_service_flagged_once_interval_elapses_and_surfaces_in_bell" time="1.477" /><testcase classname="backend.tests.test_iter56_vault_rotation" name="test_two_fa_off_risk_list_and_reveal_logged" time="0.332" /><testcase classname="backend.tests.test_iter56_vault_rotation" name="test_staff_never_reaches_vault_or_its_alerts" time="0.806" /></testsuite></testsuites>