<?xml version="1.0" encoding="utf-8"?><testsuites name="pytest tests"><testsuite name="pytest" errors="0" failures="0" skipped="1" tests="16" time="3.341" timestamp="2026-09-07T09:00:30.249603+00:00" hostname="agent-env-86a396a4-eee6-43cf-95a4-609aa1e6ecd9"><testcase classname="backend.tests.test_iter50.TestAssetFilters" name="test_filter_options_include_every_seeded_category_and_status" time="0.745" /><testcase classname="backend.tests.test_iter50.TestAssetFilters" name="test_all_categories_returns_complete_set" time="0.144" /><testcase classname="backend.tests.test_iter50.TestAssetFilters" name="test_all_status_returns_complete_set" time="0.148" /><testcase classname="backend.tests.test_iter50.TestAssetFilters" name="test_specific_category_narrows" time="0.070" /><testcase classname="backend.tests.test_iter50.TestAssetFilters" name="test_specific_status_narrows" time="0.070" /><testcase classname="backend.tests.test_iter50.TestAssetFilters" name="test_category_and_status_combined" time="0.071" /><testcase classname="backend.tests.test_iter50.TestAssetFilters" name="test_filter_values_match_list_values_exactly" time="0.144" /><testcase classname="backend.tests.test_iter50.TestMonthlyTarget" name="test_shape_and_math" time="0.074" /><testcase classname="backend.tests.test_iter50.TestMonthlyTarget" name="test_target_is_the_health_score_target" time="0.152" /><testcase classname="backend.tests.test_iter50.TestMonthlyTarget" name="test_achieved_matches_ceo_current_month_revenue" time="0.188" /><testcase classname="backend.tests.test_iter50.TestMonthlyTarget" name="test_location_target_override_and_fallback" time="0.579" /><testcase classname="backend.tests.test_iter50.TestMonthlyTarget" name="test_staff_can_read" time="0.126"><skipped type="pytest.skip" message="no staff account">/app/backend/tests/test_iter50.py:157: no staff account</skipped></testcase><testcase classname="backend.tests.test_iter50.TestTopLocations" name="test_consolidated_has_ranking_single_location_does_not" time="0.238" /><testcase classname="backend.tests.test_iter50.TestTopLocations" name="test_ranking_math" time="0.236" /><testcase classname="backend.tests.test_iter50.TestReportUsageRemoved" name="test_routes_gone" time="0.146" /><testcase classname="backend.tests.test_iter50.TestReportUsageRemoved" name="test_no_logging_on_report_view" time="0.076" /></testsuite></testsuites>