<?xml version="1.0" encoding="utf-8"?><testsuites name="pytest tests"><testsuite name="pytest" errors="0" failures="0" skipped="0" tests="20" time="8.001" timestamp="2026-05-03T11:20:14.088952+00:00" hostname="agent-env-750e74f7-fe8f-41c5-8b3d-8678a6c32146"><testcase classname="backend.tests.test_iteration16_daily_updates.TestAuth" name="test_login_success" time="0.488" /><testcase classname="backend.tests.test_iteration16_daily_updates.TestDailyUpdates" name="test_create_progress_update" time="0.636" /><testcase classname="backend.tests.test_iteration16_daily_updates.TestDailyUpdates" name="test_create_payment_update" time="0.114" /><testcase classname="backend.tests.test_iteration16_daily_updates.TestDailyUpdates" name="test_create_material_update" time="0.105" /><testcase classname="backend.tests.test_iteration16_daily_updates.TestDailyUpdates" name="test_create_installation_update" time="0.139" /><testcase classname="backend.tests.test_iteration16_daily_updates.TestDailyUpdates" name="test_create_om_update" time="0.137" /><testcase classname="backend.tests.test_iteration16_daily_updates.TestDailyUpdates" name="test_get_project_updates" time="0.111" /><testcase classname="backend.tests.test_iteration16_daily_updates.TestDailyUpdates" name="test_list_all_updates" time="0.119" /><testcase classname="backend.tests.test_iteration16_daily_updates.TestDailyUpdates" name="test_delete_update" time="0.211" /><testcase classname="backend.tests.test_iteration16_daily_updates.TestPayments" name="test_create_payment" time="0.567" /><testcase classname="backend.tests.test_iteration16_daily_updates.TestPayments" name="test_get_project_payments" time="0.110" /><testcase classname="backend.tests.test_iteration16_daily_updates.TestMaterialUsage" name="test_create_material_usage" time="0.567" /><testcase classname="backend.tests.test_iteration16_daily_updates.TestMaterialUsage" name="test_get_project_material_usage" time="0.104" /><testcase classname="backend.tests.test_iteration16_daily_updates.TestDataCompleteness" name="test_get_completeness_score" time="0.582" /><testcase classname="backend.tests.test_iteration16_daily_updates.TestProjectReport" name="test_get_project_report" time="0.556" /><testcase classname="backend.tests.test_iteration16_daily_updates.TestNewReportTypes" name="test_customer_credit_report" time="0.444" /><testcase classname="backend.tests.test_iteration16_daily_updates.TestNewReportTypes" name="test_referral_report" time="0.129" /><testcase classname="backend.tests.test_iteration16_daily_updates.TestNewReportTypes" name="test_team_load_report" time="0.116" /><testcase classname="backend.tests.test_iteration16_daily_updates.TestNewReportTypes" name="test_excess_utilisation_report" time="0.120" /><testcase classname="backend.tests.test_iteration16_daily_updates.TestAllReportTypes" name="test_all_20_report_types" time="2.521" /></testsuite></testsuites>