<?xml version="1.0" encoding="utf-8"?><testsuites name="pytest tests"><testsuite name="pytest" errors="0" failures="0" skipped="0" tests="16" time="5.174" timestamp="2026-04-10T19:07:38.721064+00:00" hostname="agent-env-7126ba36-acad-4941-aa1b-53176fbc7370"><testcase classname="backend.tests.test_iteration6_features.TestAuth" name="test_admin_login" time="0.506" /><testcase classname="backend.tests.test_iteration6_features.TestServiceType" name="test_create_project_with_service_type_single_phase" time="0.470" /><testcase classname="backend.tests.test_iteration6_features.TestServiceType" name="test_create_project_with_service_type_three_phase" time="0.148" /><testcase classname="backend.tests.test_iteration6_features.TestServiceType" name="test_create_project_with_service_type_ht" time="0.144" /><testcase classname="backend.tests.test_iteration6_features.TestPerItemMargin" name="test_create_project_with_per_item_margin" time="0.440" /><testcase classname="backend.tests.test_iteration6_features.TestPerItemMargin" name="test_update_per_item_margins" time="0.052" /><testcase classname="backend.tests.test_iteration6_features.TestPerItemMargin" name="test_margin_calculation_accuracy" time="0.098" /><testcase classname="backend.tests.test_iteration6_features.TestCompletionMedia" name="test_complete_without_media_fails" time="0.629" /><testcase classname="backend.tests.test_iteration6_features.TestCompletionMedia" name="test_complete_with_empty_body_fails" time="0.050" /><testcase classname="backend.tests.test_iteration6_features.TestCompletionMedia" name="test_complete_with_media_succeeds" time="0.182" /><testcase classname="backend.tests.test_iteration6_features.TestAddCategory" name="test_get_existing_categories" time="0.402" /><testcase classname="backend.tests.test_iteration6_features.TestAddCategory" name="test_create_new_category" time="0.165" /><testcase classname="backend.tests.test_iteration6_features.TestAddCategory" name="test_create_duplicate_category_fails" time="0.109" /><testcase classname="backend.tests.test_iteration6_features.TestCompanyLogo" name="test_get_active_company_profile" time="0.543" /><testcase classname="backend.tests.test_iteration6_features.TestUploadMedia" name="test_upload_media_rejects_invalid_type" time="0.384" /><testcase classname="backend.tests.test_iteration6_features.TestFullProjectWorkflow" name="test_full_workflow" time="0.750" /></testsuite></testsuites>