<?xml version="1.0" encoding="utf-8"?><testsuites name="pytest tests"><testsuite name="pytest" errors="0" failures="0" skipped="0" tests="25" time="6.967" timestamp="2026-09-02T20:37:25.541024+00:00" hostname="agent-env-86a396a4-eee6-43cf-95a4-609aa1e6ecd9"><testcase classname="tests.test_iter44_batch_a_invoicing.TestInvoiceNumberSequence" name="test_generate_returns_sequential_numbers" time="1.164" /><testcase classname="tests.test_iter44_batch_a_invoicing.TestInvoiceNumberSequence" name="test_regenerate_is_idempotent" time="0.347" /><testcase classname="tests.test_iter44_batch_a_invoicing.TestInvoiceNumberSequence" name="test_settings_are_admin_configurable" time="0.417" /><testcase classname="tests.test_iter44_batch_a_invoicing.TestInvoiceNumberSequence" name="test_settings_put_is_admin_only" time="0.406" /><testcase classname="tests.test_iter44_batch_a_invoicing.TestGstSplitLogic" name="test_intra_state_uses_cgst_sgst" time="0.122" /><testcase classname="tests.test_iter44_batch_a_invoicing.TestGstSplitLogic" name="test_inter_state_uses_igst" time="0.250" /><testcase classname="tests.test_iter44_batch_a_invoicing.TestGstSplitLogic" name="test_grand_total_matches_taxable_plus_gst" time="0.131" /><testcase classname="tests.test_iter44_batch_a_invoicing.TestGstSplitLogic" name="test_amount_in_words_present" time="0.120" /><testcase classname="tests.test_iter44_batch_a_invoicing.TestBillingAccessRestriction" name="test_staff_cannot_view_invoice" time="0.522" /><testcase classname="tests.test_iter44_batch_a_invoicing.TestBillingAccessRestriction" name="test_manager_can_view_invoice" time="0.062" /><testcase classname="tests.test_iter44_batch_a_invoicing.TestProfitCalculatorRoleRestriction" name="test_admin_can_view_profit" time="0.079" /><testcase classname="tests.test_iter44_batch_a_invoicing.TestProfitCalculatorRoleRestriction" name="test_manager_cannot_view_profit" time="0.063" /><testcase classname="tests.test_iter44_batch_a_invoicing.TestProfitCalculatorRoleRestriction" name="test_staff_cannot_view_profit" time="0.179" /><testcase classname="tests.test_iter44_batch_a_invoicing.TestProfitCalculatorRoleRestriction" name="test_profit_reads_same_cost_data_as_estimation" time="0.217" /><testcase classname="tests.test_iter44_batch_a_ui_support.TestInvoiceSettings" name="test_admin_get" time="0.493" /><testcase classname="tests.test_iter44_batch_a_ui_support.TestInvoiceSettings" name="test_manager_can_view" time="0.472" /><testcase classname="tests.test_iter44_batch_a_ui_support.TestInvoiceSettings" name="test_manager_cannot_update" time="0.070" /><testcase classname="tests.test_iter44_batch_a_ui_support.TestInvoiceSettings" name="test_staff_cannot_view" time="0.551" /><testcase classname="tests.test_iter44_batch_a_ui_support.TestInvoiceSettings" name="test_admin_update_persists" time="0.250" /><testcase classname="tests.test_iter44_batch_a_ui_support.TestInvoiceGeneration" name="test_generate_and_idempotency_and_gst_split" time="0.335" /><testcase classname="tests.test_iter44_batch_a_ui_support.TestInvoiceGeneration" name="test_staff_cannot_generate" time="0.275" /><testcase classname="tests.test_iter44_batch_a_ui_support.TestInvoiceGeneration" name="test_manager_can_read_invoice" time="0.092" /><testcase classname="tests.test_iter44_batch_a_ui_support.TestProfit" name="test_admin_ok" time="0.094" /><testcase classname="tests.test_iter44_batch_a_ui_support.TestProfit" name="test_manager_forbidden" time="0.103" /><testcase classname="tests.test_iter44_batch_a_ui_support.TestProfit" name="test_staff_forbidden" time="0.077" /></testsuite></testsuites>