<?xml version="1.0" encoding="utf-8"?><testsuites name="pytest tests"><testsuite name="pytest" errors="0" failures="0" skipped="0" tests="15" time="5.702" timestamp="2026-09-20T04:51:10.863575+00:00" hostname="agent-env-86a396a4-eee6-43cf-95a4-609aa1e6ecd9"><testcase classname="backend.tests.test_iter54.TestTermsCategoryFilter" name="test_legacy_template_without_category_is_listed_for_quotation" time="0.827" /><testcase classname="backend.tests.test_iter54.TestTermsCategoryFilter" name="test_selected_terms_persist_on_project" time="0.260" /><testcase classname="backend.tests.test_iter54.TestCreditInterest" name="test_pure_math" time="0.001" /><testcase classname="backend.tests.test_iter54.TestCreditInterest" name="test_config_default_and_overrides_via_api" time="0.729" /><testcase classname="backend.tests.test_iter54.TestCreditInterest" name="test_staff_cannot_override_rate" time="0.694" /><testcase classname="backend.tests.test_iter54.TestPermissionNav" name="test_matrix_exposes_new_modules_and_staff_denied_where_expected" time="0.322" /><testcase classname="backend.tests.test_iter54.TestVault" name="test_admin_crud_reveal_logged_and_masked" time="0.612" /><testcase classname="backend.tests.test_iter54.TestVault" name="test_non_admin_blocked_everywhere" time="0.244" /><testcase classname="backend.tests.test_iter54.TestVault" name="test_validation" time="0.125" /><testcase classname="backend.tests.test_iter54.TestVendorGeo" name="test_reference_lists_and_checkbox_filters" time="0.537" /><testcase classname="backend.tests.test_iter54.TestVendorGeo" name="test_admin_can_extend_district_list" time="0.061" /><testcase classname="backend.tests.test_iter54.TestSensobrain" name="test_settings_admin_only_and_key_masked" time="0.245" /><testcase classname="backend.tests.test_iter54.TestSensobrain" name="test_chat_requires_configuration_or_returns_503" time="0.060" /><testcase classname="backend.tests.test_iter54.TestSensobrain" name="test_tool_dispatch_is_scoped_per_user_and_vault_blocked" time="0.557" /><testcase classname="backend.tests.test_iter54.TestSensobrain" name="test_conversation_visibility" time="0.354" /></testsuite></testsuites>