<?xml version="1.0" encoding="utf-8"?><testsuites name="pytest tests"><testsuite name="pytest" errors="0" failures="0" skipped="0" tests="7" time="1.779" timestamp="2026-05-03T17:36:55.399748+00:00" hostname="agent-env-86a396a4-eee6-43cf-95a4-609aa1e6ecd9"><testcase classname="backend.tests.test_iteration21_movement" name="test_login_ok" time="0.417" /><testcase classname="backend.tests.test_iteration21_movement" name="test_create_update_get_inventory_procurement" time="0.326" /><testcase classname="backend.tests.test_iteration21_movement" name="test_movement_tab_structure" time="0.073" /><testcase classname="backend.tests.test_iteration21_movement" name="test_fast_classification_after_seeding" time="0.712" /><testcase classname="backend.tests.test_iteration21_movement" name="test_other_inventory_tabs[stock_levels]" time="0.069" /><testcase classname="backend.tests.test_iteration21_movement" name="test_other_inventory_tabs[material_usage]" time="0.054" /><testcase classname="backend.tests.test_iteration21_movement" name="test_other_inventory_tabs[alerts]" time="0.050" /></testsuite></testsuites>