<?xml version="1.0" encoding="utf-8"?><testsuites name="pytest tests"><testsuite name="pytest" errors="0" failures="0" skipped="0" tests="34" time="3.095" timestamp="2026-09-03T06:03:41.627271+00:00" hostname="agent-env-86a396a4-eee6-43cf-95a4-609aa1e6ecd9"><testcase classname="tests.test_iter45_location_scope.TestLocations" name="test_list_locations" time="0.511" /><testcase classname="tests.test_iter45_location_scope.TestReportsLocationScope" name="test_report_consolidated[assets]" time="0.069" /><testcase classname="tests.test_iter45_location_scope.TestReportsLocationScope" name="test_report_consolidated[projects]" time="0.079" /><testcase classname="tests.test_iter45_location_scope.TestReportsLocationScope" name="test_report_consolidated[inventory]" time="0.087" /><testcase classname="tests.test_iter45_location_scope.TestReportsLocationScope" name="test_report_consolidated[financial]" time="0.066" /><testcase classname="tests.test_iter45_location_scope.TestReportsLocationScope" name="test_report_consolidated[amc]" time="0.069" /><testcase classname="tests.test_iter45_location_scope.TestReportsLocationScope" name="test_report_with_location_id[assets]" time="0.059" /><testcase classname="tests.test_iter45_location_scope.TestReportsLocationScope" name="test_report_with_location_id[projects]" time="0.059" /><testcase classname="tests.test_iter45_location_scope.TestReportsLocationScope" name="test_report_with_location_id[inventory]" time="0.059" /><testcase classname="tests.test_iter45_location_scope.TestReportsLocationScope" name="test_report_with_location_id[financial]" time="0.057" /><testcase classname="tests.test_iter45_location_scope.TestReportsLocationScope" name="test_report_with_location_id[amc]" time="0.060" /><testcase classname="tests.test_iter45_location_scope.TestReportsLocationScope" name="test_report_bogus_location_id" time="0.058" /><testcase classname="tests.test_iter45_location_scope.TestReportsLocationScope" name="test_reports_forbidden_for_staff" time="0.457" /><testcase classname="tests.test_iter45_location_scope.TestCeoDashboard" name="test_ceo_dashboard" time="0.080" /><testcase classname="tests.test_iter45_location_scope.TestCeoDashboard" name="test_ceo_dashboard_with_location" time="0.067" /><testcase classname="tests.test_iter45_location_scope.TestAssetReports" name="test_asset_report[register]" time="0.061" /><testcase classname="tests.test_iter45_location_scope.TestAssetReports" name="test_asset_report[utilization]" time="0.060" /><testcase classname="tests.test_iter45_location_scope.TestAssetReports" name="test_asset_report[maintenance]" time="0.060" /><testcase classname="tests.test_iter45_location_scope.TestAssetReports" name="test_asset_report[depreciation]" time="0.059" /><testcase classname="tests.test_iter45_location_scope.TestAssetReports" name="test_asset_report_with_location[register]" time="0.063" /><testcase classname="tests.test_iter45_location_scope.TestAssetReports" name="test_asset_report_with_location[utilization]" time="0.058" /><testcase classname="tests.test_iter45_location_scope.TestAssetReports" name="test_asset_report_with_location[maintenance]" time="0.061" /><testcase classname="tests.test_iter45_location_scope.TestAssetReports" name="test_asset_report_with_location[depreciation]" time="0.062" /><testcase classname="tests.test_iter45_location_scope.TestAssetReports" name="test_assets_list_and_categories" time="0.057" /><testcase classname="tests.test_iter45_location_scope.TestAMC" name="test_amc_dashboard" time="0.062" /><testcase classname="tests.test_iter45_location_scope.TestAMC" name="test_amc_dashboard_with_location" time="0.058" /><testcase classname="tests.test_iter45_location_scope.TestAMC" name="test_recurring_revenue_report" time="0.062" /><testcase classname="tests.test_iter45_location_scope.TestAMC" name="test_recurring_revenue_report_with_location" time="0.062" /><testcase classname="tests.test_iter45_location_scope.TestAMC" name="test_amc_contracts_with_location" time="0.059" /><testcase classname="tests.test_iter45_location_scope.TestExpansion" name="test_expansion_overview" time="0.082" /><testcase classname="tests.test_iter45_location_scope.TestCalculator" name="test_calc_config" time="0.058" /><testcase classname="tests.test_iter45_location_scope.TestCalculator" name="test_inventory_panels" time="0.057" /><testcase classname="tests.test_iter45_location_scope.TestCalculator" name="test_inventory_inverters" time="0.059" /><testcase classname="tests.test_iter45_location_scope.TestCalculator" name="test_pump_solution_calc" time="0.059" /></testsuite></testsuites>