<?xml version="1.0" encoding="utf-8"?><testsuites name="pytest tests"><testsuite name="pytest" errors="0" failures="0" skipped="0" tests="38" time="7.630" timestamp="2026-05-03T15:09:47.703820+00:00" hostname="agent-env-750e74f7-fe8f-41c5-8b3d-8678a6c32146"><testcase classname="backend.tests.test_iteration18_operational_modules.TestAuth" name="test_admin_login" time="0.457" /><testcase classname="backend.tests.test_iteration18_operational_modules.TestCustomerCredits" name="test_list_credits" time="0.429" /><testcase classname="backend.tests.test_iteration18_operational_modules.TestCustomerCredits" name="test_create_credit" time="0.066" /><testcase classname="backend.tests.test_iteration18_operational_modules.TestCustomerCredits" name="test_credit_appears_in_list" time="0.134" /><testcase classname="backend.tests.test_iteration18_operational_modules.TestCustomerCredits" name="test_record_payment" time="0.150" /><testcase classname="backend.tests.test_iteration18_operational_modules.TestCustomerCredits" name="test_balance_updates_after_payment" time="0.202" /><testcase classname="backend.tests.test_iteration18_operational_modules.TestCustomerCredits" name="test_filter_by_status" time="0.198" /><testcase classname="backend.tests.test_iteration18_operational_modules.TestCustomerCredits" name="test_credit_auto_closes_when_fully_paid" time="0.200" /><testcase classname="backend.tests.test_iteration18_operational_modules.TestPurchaseInbound" name="test_list_purchase_orders" time="0.415" /><testcase classname="backend.tests.test_iteration18_operational_modules.TestPurchaseInbound" name="test_create_purchase_order" time="0.057" /><testcase classname="backend.tests.test_iteration18_operational_modules.TestPurchaseInbound" name="test_po_appears_in_list" time="0.128" /><testcase classname="backend.tests.test_iteration18_operational_modules.TestPurchaseInbound" name="test_approve_po" time="0.182" /><testcase classname="backend.tests.test_iteration18_operational_modules.TestPurchaseInbound" name="test_record_arrival" time="0.233" /><testcase classname="backend.tests.test_iteration18_operational_modules.TestPurchaseInbound" name="test_complete_qc" time="0.293" /><testcase classname="backend.tests.test_iteration18_operational_modules.TestPurchaseInbound" name="test_complete_inbound" time="0.357" /><testcase classname="backend.tests.test_iteration18_operational_modules.TestPurchaseInbound" name="test_po_status_filter" time="0.174" /><testcase classname="backend.tests.test_iteration18_operational_modules.TestDeliveryOutbound" name="test_list_deliveries" time="0.409" /><testcase classname="backend.tests.test_iteration18_operational_modules.TestDeliveryOutbound" name="test_create_delivery" time="0.057" /><testcase classname="backend.tests.test_iteration18_operational_modules.TestDeliveryOutbound" name="test_delivery_appears_in_list" time="0.122" /><testcase classname="backend.tests.test_iteration18_operational_modules.TestDeliveryOutbound" name="test_complete_delivery" time="0.175" /><testcase classname="backend.tests.test_iteration18_operational_modules.TestBrandReturns" name="test_list_returns" time="0.438" /><testcase classname="backend.tests.test_iteration18_operational_modules.TestBrandReturns" name="test_create_return_damage" time="0.063" /><testcase classname="backend.tests.test_iteration18_operational_modules.TestBrandReturns" name="test_create_return_excess" time="0.060" /><testcase classname="backend.tests.test_iteration18_operational_modules.TestBrandReturns" name="test_create_return_defect" time="0.076" /><testcase classname="backend.tests.test_iteration18_operational_modules.TestBrandReturns" name="test_return_appears_in_list" time="0.124" /><testcase classname="backend.tests.test_iteration18_operational_modules.TestBrandReturns" name="test_complete_return" time="0.194" /><testcase classname="backend.tests.test_iteration18_operational_modules.TestWeeklyAudits" name="test_list_audits" time="0.430" /><testcase classname="backend.tests.test_iteration18_operational_modules.TestWeeklyAudits" name="test_create_audit_with_checklist" time="0.059" /><testcase classname="backend.tests.test_iteration18_operational_modules.TestWeeklyAudits" name="test_audit_appears_in_list" time="0.117" /><testcase classname="backend.tests.test_iteration18_operational_modules.TestWeeklyAudits" name="test_add_issue_to_audit" time="0.189" /><testcase classname="backend.tests.test_iteration18_operational_modules.TestWeeklyAudits" name="test_change_audit_status_to_in_progress" time="0.182" /><testcase classname="backend.tests.test_iteration18_operational_modules.TestWeeklyAudits" name="test_change_audit_status_to_resolved" time="0.233" /><testcase classname="backend.tests.test_iteration18_operational_modules.TestWeeklyAudits" name="test_audit_status_filter" time="0.177" /><testcase classname="backend.tests.test_iteration18_operational_modules.TestSidebarNavLinks" name="test_credits_endpoint_accessible" time="0.459" /><testcase classname="backend.tests.test_iteration18_operational_modules.TestSidebarNavLinks" name="test_purchase_orders_endpoint_accessible" time="0.067" /><testcase classname="backend.tests.test_iteration18_operational_modules.TestSidebarNavLinks" name="test_deliveries_endpoint_accessible" time="0.066" /><testcase classname="backend.tests.test_iteration18_operational_modules.TestSidebarNavLinks" name="test_returns_endpoint_accessible" time="0.067" /><testcase classname="backend.tests.test_iteration18_operational_modules.TestSidebarNavLinks" name="test_audits_endpoint_accessible" time="0.069" /></testsuite></testsuites>