<?xml version="1.0" encoding="utf-8"?><testsuites name="pytest tests"><testsuite name="pytest" errors="0" failures="1" skipped="0" tests="48" time="17.745" timestamp="2026-09-01T21:43:58.664928+00:00" hostname="agent-env-86a396a4-eee6-43cf-95a4-609aa1e6ecd9"><testcase classname="tests.test_iter47_api.TestCompanyProfileStateLocation" name="test_create_with_state_and_location_persists" time="1.066" /><testcase classname="tests.test_iter47_api.TestPurchaseOrderDelete" name="test_po_number_generated_with_location" time="0.157" /><testcase classname="tests.test_iter47_api.TestPurchaseOrderDelete" name="test_delete_pending_po_succeeds_and_removed" time="0.284" /><testcase classname="tests.test_iter47_api.TestPurchaseOrderDelete" name="test_delete_non_pending_po_returns_400" time="0.249" /><testcase classname="tests.test_iter47_api.TestPurchaseOrderDelete" name="test_delete_nonexistent_po_returns_404" time="0.090" /><testcase classname="tests.test_iter47_api.TestInventoryLocationScoping" name="test_item_location_roundtrip_and_filter" time="0.808" /><testcase classname="tests.test_iter47_api.TestInventoryLocationScoping" name="test_item_detail_endpoint_returns_location_id" time="0.238" /><testcase classname="tests.test_iter47_api.TestInventoryLocationScoping" name="test_non_admin_scoped_visibility" time="1.204" /><testcase classname="tests.test_iter47_api.TestInventoryLocationScoping" name="test_alerts_include_location_id" time="0.081" /><testcase classname="tests.test_iter47_api.TestSalesSummaryExcludesReturned" name="test_returned_sale_not_counted" time="0.499" /><testcase classname="tests.test_iter47_api.TestSanityRegression" name="test_endpoint_ok[/sales]" time="0.094" /><testcase classname="tests.test_iter47_api.TestSanityRegression" name="test_endpoint_ok[/sales/summary]" time="0.082" /><testcase classname="tests.test_iter47_api.TestSanityRegression" name="test_endpoint_ok[/deliveries]" time="0.091" /><testcase classname="tests.test_iter47_api.TestSanityRegression" name="test_endpoint_ok[/assets]" time="0.078" /><testcase classname="tests.test_iter47_api.TestSanityRegression" name="test_endpoint_ok[/amc/contracts]" time="0.093" /><testcase classname="tests.test_iter47_api.TestSanityRegression" name="test_endpoint_ok[/purchase-orders]" time="0.080" /><testcase classname="tests.test_iter47_api.TestSanityRegression" name="test_endpoint_ok[/inventory/items]" time="0.072" /><testcase classname="tests.test_iter47_api.TestSanityRegression" name="test_endpoint_ok[/locations]" time="0.079" /><testcase classname="tests.test_iter47_api.TestSanityRegression" name="test_endpoint_ok[/company]" time="0.083" /><testcase classname="tests.test_iter47_api.TestSanityRegression" name="test_endpoint_ok[/reports/amc]" time="0.089" /><testcase classname="tests.test_iter47_api.TestSanityRegression" name="test_endpoint_ok[/reports/assets]" time="0.086" /><testcase classname="tests.test_iter47_api.TestSanityRegression" name="test_endpoint_ok[/reports/tools]" time="0.087" /><testcase classname="tests.test_iter47_api.TestSanityRegression" name="test_endpoint_ok[/reports/expenses]" time="0.080" /><testcase classname="tests.test_iter46_iter43_features.TestDirectSalesLifecycle" name="test_sale_full_lifecycle_delta_stock" time="2.150" /><testcase classname="tests.test_iter46_iter43_features.TestDirectSalesLifecycle" name="test_edit_cancelled_sale_rejected" time="0.347" /><testcase classname="tests.test_iter46_iter43_features.TestDirectSalesLifecycle" name="test_negative_stock_guard_on_edit" time="0.594" /><testcase classname="tests.test_iter46_iter43_features.TestDirectSalesLifecycle" name="test_manager_cancel_creates_approval_request" time="1.672" /><testcase classname="tests.test_iter46_iter43_features.TestDeliveryEditCancel" name="test_edit_delivery_persists" time="0.403" /><testcase classname="tests.test_iter46_iter43_features.TestDeliveryEditCancel" name="test_admin_cancel_delivery" time="0.377" /><testcase classname="tests.test_iter46_iter43_features.TestDeliveryEditCancel" name="test_manager_cancel_delivery_pending_then_approve" time="0.494" /><testcase classname="tests.test_iter46_iter43_features.TestDeliveryEditCancel" name="test_manager_reject_delivery_cancel" time="0.567" /><testcase classname="tests.test_iter46_iter43_features.TestAssetsEditArchive" name="test_edit_asset" time="0.435" /><testcase classname="tests.test_iter46_iter43_features.TestAssetsEditArchive" name="test_admin_archive_asset" time="0.520" /><testcase classname="tests.test_iter46_iter43_features.TestAssetsEditArchive" name="test_manager_archive_pending_then_approve" time="0.472" /><testcase classname="tests.test_iter46_iter43_features.TestPONumbering" name="test_create_po_has_po_number" time="0.243" /><testcase classname="tests.test_iter46_iter43_features.TestCompanyProfileFields" name="test_profile_state_and_location_persist" time="0.587" /><testcase classname="tests.test_iter46_iter43_features.TestNewReports" name="test_report_returns_summary_and_rows[amc]" time="0.147" /><testcase classname="tests.test_iter46_iter43_features.TestNewReports" name="test_report_returns_summary_and_rows[assets]" time="0.115" /><testcase classname="tests.test_iter46_iter43_features.TestNewReports" name="test_report_returns_summary_and_rows[tools]" time="0.074" /><testcase classname="tests.test_iter46_iter43_features.TestNewReports" name="test_report_returns_summary_and_rows[expenses]" time="0.125" /><testcase classname="tests.test_iter46_iter43_features.TestNewReports" name="test_unknown_report_type" time="0.079" /><testcase classname="tests.test_iter48_api.TestInventoryItemDetail" name="test_detail_has_location_and_addon_group" time="0.765" /><testcase classname="tests.test_iter48_api.TestInventoryItemDetail" name="test_addon_group_persistence_bug" time="0.265"><failure message="AssertionError: addon_group not persisted on create (got None)&#10;assert None == 'TEST_I48_GROUP'">E   AssertionError: addon_group not persisted on create (got None)
    assert None == 'TEST_I48_GROUP'</failure></testcase><testcase classname="tests.test_iter48_api.TestPoDelete" name="test_delete_pending_po_succeeds" time="0.283" /><testcase classname="tests.test_iter48_api.TestPoDelete" name="test_delete_non_pending_po_returns_400" time="0.378" /><testcase classname="tests.test_iter48_api.TestPoDelete" name="test_delete_missing_po_returns_404" time="0.091" /><testcase classname="tests.test_iter48_api.TestDirectSaleLocationScoping" name="test_sale_uses_location_scoped_invoice_prefix" time="0.264" /><testcase classname="tests.test_iter48_api.TestAssetsReport" name="test_register_summary_increments_after_create" time="0.357" /></testsuite></testsuites>