<?xml version="1.0" encoding="utf-8"?><testsuites name="pytest tests"><testsuite name="pytest" errors="0" failures="0" skipped="0" tests="6" time="2.506" timestamp="2026-05-21T18:08:51.129685+00:00" hostname="agent-env-86a396a4-eee6-43cf-95a4-609aa1e6ecd9"><testcase classname="backend.tests.test_iteration29_complete_flow.TestCompleteValidation" name="test_missing_drive_link_returns_400" time="0.878" /><testcase classname="backend.tests.test_iteration29_complete_flow.TestCompleteValidation" name="test_invalid_url_returns_400" time="0.339" /><testcase classname="backend.tests.test_iteration29_complete_flow.TestCompleteValidation" name="test_valid_drive_link_and_inverter_login_completes" time="0.428" /><testcase classname="backend.tests.test_iteration29_complete_flow.TestCompleteBackwardCompat" name="test_legacy_completion_media_only" time="0.406" /><testcase classname="backend.tests.test_iteration29_complete_flow.TestProjectListResponseFields" name="test_get_project_has_completion_fields_with_defaults" time="0.195" /><testcase classname="backend.tests.test_iteration29_complete_flow.TestProposedSolutionPersistence" name="test_proposed_solution_round_trip" time="0.199" /></testsuite></testsuites>