<?xml version="1.0" encoding="utf-8"?><testsuites name="pytest tests"><testsuite name="pytest" errors="0" failures="0" skipped="0" tests="26" time="3.269" timestamp="2026-05-05T20:38:43.347048+00:00" hostname="agent-env-86a396a4-eee6-43cf-95a4-609aa1e6ecd9"><testcase classname="test_iteration23_accounts_readings.TestAccounts" name="test_create_cash_on_hand" time="0.469" /><testcase classname="test_iteration23_accounts_readings.TestAccounts" name="test_create_account_balance" time="0.056" /><testcase classname="test_iteration23_accounts_readings.TestAccounts" name="test_create_meter_reading" time="0.057" /><testcase classname="test_iteration23_accounts_readings.TestAccounts" name="test_invalid_entry_type_returns_400" time="0.090" /><testcase classname="test_iteration23_accounts_readings.TestAccounts" name="test_list_accounts_sorted_desc" time="0.067" /><testcase classname="test_iteration23_accounts_readings.TestAccounts" name="test_accounts_summary" time="0.057" /><testcase classname="test_iteration23_accounts_readings.TestAccounts" name="test_date_filters" time="0.051" /><testcase classname="test_iteration23_accounts_readings.TestAccounts" name="test_update_account" time="0.111" /><testcase classname="test_iteration23_accounts_readings.TestAccounts" name="test_staff_cannot_update_others_entry" time="0.599" /><testcase classname="test_iteration23_accounts_readings.TestAccounts" name="test_staff_cannot_delete" time="0.062" /><testcase classname="test_iteration23_accounts_readings.TestAccounts" name="test_staff_can_update_own" time="0.124" /><testcase classname="test_iteration23_accounts_readings.TestAccounts" name="test_admin_delete_success" time="0.168" /><testcase classname="test_iteration23_accounts_readings.TestReadings" name="test_create_reading_auto_overdue" time="0.056" /><testcase classname="test_iteration23_accounts_readings.TestReadings" name="test_create_reading_future_remains_active" time="0.052" /><testcase classname="test_iteration23_accounts_readings.TestReadings" name="test_list_readings" time="0.056" /><testcase classname="test_iteration23_accounts_readings.TestReadings" name="test_list_readings_status_overdue_filter" time="0.049" /><testcase classname="test_iteration23_accounts_readings.TestReadings" name="test_readings_summary" time="0.056" /><testcase classname="test_iteration23_accounts_readings.TestReadings" name="test_update_reading_status" time="0.054" /><testcase classname="test_iteration23_accounts_readings.TestReadings" name="test_staff_cannot_delete_reading" time="0.064" /><testcase classname="test_iteration23_accounts_readings.TestReadings" name="test_admin_delete_reading" time="0.110" /><testcase classname="test_iteration23_accounts_readings.TestCeoDashboard" name="test_ceo_dashboard_has_accounts_and_readings" time="0.111" /><testcase classname="test_iteration23_accounts_readings.TestPermissions" name="test_get_permissions_has_module_keys" time="0.051" /><testcase classname="test_iteration23_accounts_readings.TestPermissions" name="test_put_manager_permissions_persists" time="0.227" /><testcase classname="test_iteration23_accounts_readings.TestPwaAssets" name="test_manifest_json" time="0.109" /><testcase classname="test_iteration23_accounts_readings.TestPwaAssets" name="test_service_worker_js" time="0.128" /><testcase classname="test_iteration23_accounts_readings.TestPwaAssets" name="test_offline_html" time="0.132" /></testsuite></testsuites>