<?xml version="1.0" encoding="utf-8"?><testsuites name="pytest tests"><testsuite name="pytest" errors="94" failures="2" skipped="0" tests="117" time="6.709" timestamp="2026-09-02T21:51:46.754223+00:00" hostname="agent-env-86a396a4-eee6-43cf-95a4-609aa1e6ecd9"><testcase classname="tests.test_iter44_batch_cd.TestVendors" name="test_create_vendor" time="0.689" /><testcase classname="tests.test_iter44_batch_cd.TestVendors" name="test_search_filter" time="0.140" /><testcase classname="tests.test_iter44_batch_cd.TestVendors" name="test_update_vendor_persists" time="0.134" /><testcase classname="tests.test_iter44_batch_cd.TestVendors" name="test_po_history" time="0.067" /><testcase classname="tests.test_iter44_batch_cd.TestVendors" name="test_invalid_ids" time="0.216" /><testcase classname="tests.test_iter44_batch_cd.TestVendors" name="test_rbac_staff_cannot_write" time="0.585" /><testcase classname="tests.test_iter44_batch_cd.TestVendors" name="test_zz_archive_vendor" time="0.141" /><testcase classname="tests.test_iter44_batch_cd.TestReadingGeneration" name="test_create_reading_with_estimate" time="0.066" /><testcase classname="tests.test_iter44_batch_cd.TestReadingGeneration" name="test_log_generation_entries" time="0.275" /><testcase classname="tests.test_iter44_batch_cd.TestReadingGeneration" name="test_update_estimate_persists" time="0.078" /><testcase classname="tests.test_iter44_batch_cd.TestReadingGeneration" name="test_generation_invalid_reading" time="0.073" /><testcase classname="tests.test_iter44_batch_cd.TestReadingGeneration" name="test_reading_analysis_report" time="0.074" /><testcase classname="tests.test_iter44_batch_cd.TestReadingGeneration" name="test_zz_cleanup_reading" time="0.068" /><testcase classname="tests.test_iter44_batch_cd.TestAuditOwner" name="test_issue_with_owner" time="0.223" /><testcase classname="tests.test_iter44_batch_cd.TestEmployeeScores" name="test_create_score_and_report" time="0.305" /><testcase classname="tests.test_iter44_batch_cd.TestEmployeeScores" name="test_score_validation" time="0.203" /><testcase classname="tests.test_iter44_batch_cd.TestEmployeeScores" name="test_rbac_staff_forbidden" time="0.258" /><testcase classname="tests.test_iter44_batch_cd.TestOperationalExpenseReport" name="test_report_only_operational" time="0.237" /><testcase classname="tests.test_iter44_batch_cd.TestOperationalExpenseReport" name="test_date_filter" time="0.070" /><testcase classname="tests.test_iter44_batch_cd.TestRegression" name="test_customer_credit_report_no_cost_leak" time="0.115" /><testcase classname="tests.test_iter44_batch_cd.TestRegression" name="test_assets_list_and_filter" time="0.135" /><testcase classname="tests.test_iteration15_new_reports.TestAuth" name="test_login_success" time="0.000"><error message="failed on setup with &quot;requests.exceptions.MissingSchema: Invalid URL '/api/auth/login': No scheme supplied. Perhaps you meant https:///api/auth/login?&quot;">self = &lt;test_iteration15_new_reports.TestAuth object at 0xfd35c43e8850&gt;

    @pytest.fixture(scope="class")
    def auth_cookies(self):
        """Login and get auth cookies"""
&gt;       response = requests.post(f"{BASE_URL}/api/auth/login", json={
            "email": "admin@sensoper.com",
            "password": TEST_ADMIN_PASSWORD
        })

tests/test_iteration15_new_reports.py:24: 
_ _ _ _ _ _ _ _ _ _ _ _ _ _ _ _ _ _ _ _ _ _ _ _ _ _ _ _ _ _ _ _ _ _ _ _ _ _ _ _ 
/root/.venv/lib/python3.11/site-packages/requests/api.py:115: in post
    return request("post", url, data=data, json=json, **kwargs)
           ^^^^^^^^^^^^^^^^^^^^^^^^^^^^^^^^^^^^^^^^^^^^^^^^^^^^
/root/.venv/lib/python3.11/site-packages/requests/api.py:59: in request
    return session.request(method=method, url=url, **kwargs)
           ^^^^^^^^^^^^^^^^^^^^^^^^^^^^^^^^^^^^^^^^^^^^^^^^^
/root/.venv/lib/python3.11/site-packages/requests/sessions.py:575: in request
    prep = self.prepare_request(req)
           ^^^^^^^^^^^^^^^^^^^^^^^^^
/root/.venv/lib/python3.11/site-packages/requests/sessions.py:484: in prepare_request
    p.prepare(
/root/.venv/lib/python3.11/site-packages/requests/models.py:367: in prepare
    self.prepare_url(url, params)
_ _ _ _ _ _ _ _ _ _ _ _ _ _ _ _ _ _ _ _ _ _ _ _ _ _ _ _ _ _ _ _ _ _ _ _ _ _ _ _ 

self = &lt;PreparedRequest [POST]&gt;, url = '/api/auth/login', params = OrderedDict()

    def prepare_url(self, url, params):
        """Prepares the given HTTP URL."""
        #: Accept objects that have string representations.
        #: We're unable to blindly call unicode/str functions
        #: as this will include the bytestring indicator (b'')
        #: on python 3.x.
        #: https://github.com/psf/requests/pull/2238
        if isinstance(url, bytes):
            url = url.decode("utf8")
        else:
            url = str(url)
    
        # Remove leading whitespaces from url
        url = url.lstrip()
    
        # Don't do any URL preparation for non-HTTP schemes like `mailto`,
        # `data` etc to work around exceptions from `url_parse`, which
        # handles RFC 3986 only.
        if ":" in url and not url.lower().startswith("http"):
            self.url = url
            return
    
        # Support for unicode domain names and paths.
        try:
            scheme, auth, host, port, path, query, fragment = parse_url(url)
        except LocationParseError as e:
            raise InvalidURL(*e.args)
    
        if not scheme:
&gt;           raise MissingSchema(
                f"Invalid URL {url!r}: No scheme supplied. "
                f"Perhaps you meant https://{url}?"
            )
E           requests.exceptions.MissingSchema: Invalid URL '/api/auth/login': No scheme supplied. Perhaps you meant https:///api/auth/login?

/root/.venv/lib/python3.11/site-packages/requests/models.py:438: MissingSchema</error></testcase><testcase classname="tests.test_iteration15_new_reports.TestNewReportTypes" name="test_expense_report" time="0.000"><error message="failed on setup with &quot;requests.exceptions.MissingSchema: Invalid URL '/api/auth/login': No scheme supplied. Perhaps you meant https:///api/auth/login?&quot;">self = &lt;test_iteration15_new_reports.TestNewReportTypes object at 0xfd35c43e9250&gt;

    @pytest.fixture(scope="class")
    def auth_cookies(self):
        """Login and get auth cookies"""
&gt;       response = requests.post(f"{BASE_URL}/api/auth/login", json={
            "email": "admin@sensoper.com",
            "password": TEST_ADMIN_PASSWORD
        })

tests/test_iteration15_new_reports.py:43: 
_ _ _ _ _ _ _ _ _ _ _ _ _ _ _ _ _ _ _ _ _ _ _ _ _ _ _ _ _ _ _ _ _ _ _ _ _ _ _ _ 
/root/.venv/lib/python3.11/site-packages/requests/api.py:115: in post
    return request("post", url, data=data, json=json, **kwargs)
           ^^^^^^^^^^^^^^^^^^^^^^^^^^^^^^^^^^^^^^^^^^^^^^^^^^^^
/root/.venv/lib/python3.11/site-packages/requests/api.py:59: in request
    return session.request(method=method, url=url, **kwargs)
           ^^^^^^^^^^^^^^^^^^^^^^^^^^^^^^^^^^^^^^^^^^^^^^^^^
/root/.venv/lib/python3.11/site-packages/requests/sessions.py:575: in request
    prep = self.prepare_request(req)
           ^^^^^^^^^^^^^^^^^^^^^^^^^
/root/.venv/lib/python3.11/site-packages/requests/sessions.py:484: in prepare_request
    p.prepare(
/root/.venv/lib/python3.11/site-packages/requests/models.py:367: in prepare
    self.prepare_url(url, params)
_ _ _ _ _ _ _ _ _ _ _ _ _ _ _ _ _ _ _ _ _ _ _ _ _ _ _ _ _ _ _ _ _ _ _ _ _ _ _ _ 

self = &lt;PreparedRequest [POST]&gt;, url = '/api/auth/login', params = OrderedDict()

    def prepare_url(self, url, params):
        """Prepares the given HTTP URL."""
        #: Accept objects that have string representations.
        #: We're unable to blindly call unicode/str functions
        #: as this will include the bytestring indicator (b'')
        #: on python 3.x.
        #: https://github.com/psf/requests/pull/2238
        if isinstance(url, bytes):
            url = url.decode("utf8")
        else:
            url = str(url)
    
        # Remove leading whitespaces from url
        url = url.lstrip()
    
        # Don't do any URL preparation for non-HTTP schemes like `mailto`,
        # `data` etc to work around exceptions from `url_parse`, which
        # handles RFC 3986 only.
        if ":" in url and not url.lower().startswith("http"):
            self.url = url
            return
    
        # Support for unicode domain names and paths.
        try:
            scheme, auth, host, port, path, query, fragment = parse_url(url)
        except LocationParseError as e:
            raise InvalidURL(*e.args)
    
        if not scheme:
&gt;           raise MissingSchema(
                f"Invalid URL {url!r}: No scheme supplied. "
                f"Perhaps you meant https://{url}?"
            )
E           requests.exceptions.MissingSchema: Invalid URL '/api/auth/login': No scheme supplied. Perhaps you meant https:///api/auth/login?

/root/.venv/lib/python3.11/site-packages/requests/models.py:438: MissingSchema</error></testcase><testcase classname="tests.test_iteration15_new_reports.TestNewReportTypes" name="test_inbound_report" time="0.000"><error message="failed on setup with &quot;requests.exceptions.MissingSchema: Invalid URL '/api/auth/login': No scheme supplied. Perhaps you meant https:///api/auth/login?&quot;">self = &lt;test_iteration15_new_reports.TestNewReportTypes object at 0xfd35c43e9250&gt;

    @pytest.fixture(scope="class")
    def auth_cookies(self):
        """Login and get auth cookies"""
&gt;       response = requests.post(f"{BASE_URL}/api/auth/login", json={
            "email": "admin@sensoper.com",
            "password": TEST_ADMIN_PASSWORD
        })

tests/test_iteration15_new_reports.py:43: 
_ _ _ _ _ _ _ _ _ _ _ _ _ _ _ _ _ _ _ _ _ _ _ _ _ _ _ _ _ _ _ _ _ _ _ _ _ _ _ _ 
/root/.venv/lib/python3.11/site-packages/requests/api.py:115: in post
    return request("post", url, data=data, json=json, **kwargs)
           ^^^^^^^^^^^^^^^^^^^^^^^^^^^^^^^^^^^^^^^^^^^^^^^^^^^^
/root/.venv/lib/python3.11/site-packages/requests/api.py:59: in request
    return session.request(method=method, url=url, **kwargs)
           ^^^^^^^^^^^^^^^^^^^^^^^^^^^^^^^^^^^^^^^^^^^^^^^^^
/root/.venv/lib/python3.11/site-packages/requests/sessions.py:575: in request
    prep = self.prepare_request(req)
           ^^^^^^^^^^^^^^^^^^^^^^^^^
/root/.venv/lib/python3.11/site-packages/requests/sessions.py:484: in prepare_request
    p.prepare(
/root/.venv/lib/python3.11/site-packages/requests/models.py:367: in prepare
    self.prepare_url(url, params)
_ _ _ _ _ _ _ _ _ _ _ _ _ _ _ _ _ _ _ _ _ _ _ _ _ _ _ _ _ _ _ _ _ _ _ _ _ _ _ _ 

self = &lt;PreparedRequest [POST]&gt;, url = '/api/auth/login', params = OrderedDict()

    def prepare_url(self, url, params):
        """Prepares the given HTTP URL."""
        #: Accept objects that have string representations.
        #: We're unable to blindly call unicode/str functions
        #: as this will include the bytestring indicator (b'')
        #: on python 3.x.
        #: https://github.com/psf/requests/pull/2238
        if isinstance(url, bytes):
            url = url.decode("utf8")
        else:
            url = str(url)
    
        # Remove leading whitespaces from url
        url = url.lstrip()
    
        # Don't do any URL preparation for non-HTTP schemes like `mailto`,
        # `data` etc to work around exceptions from `url_parse`, which
        # handles RFC 3986 only.
        if ":" in url and not url.lower().startswith("http"):
            self.url = url
            return
    
        # Support for unicode domain names and paths.
        try:
            scheme, auth, host, port, path, query, fragment = parse_url(url)
        except LocationParseError as e:
            raise InvalidURL(*e.args)
    
        if not scheme:
&gt;           raise MissingSchema(
                f"Invalid URL {url!r}: No scheme supplied. "
                f"Perhaps you meant https://{url}?"
            )
E           requests.exceptions.MissingSchema: Invalid URL '/api/auth/login': No scheme supplied. Perhaps you meant https:///api/auth/login?

/root/.venv/lib/python3.11/site-packages/requests/models.py:438: MissingSchema</error></testcase><testcase classname="tests.test_iteration15_new_reports.TestNewReportTypes" name="test_outbound_report" time="0.000"><error message="failed on setup with &quot;requests.exceptions.MissingSchema: Invalid URL '/api/auth/login': No scheme supplied. Perhaps you meant https:///api/auth/login?&quot;">self = &lt;test_iteration15_new_reports.TestNewReportTypes object at 0xfd35c43e9250&gt;

    @pytest.fixture(scope="class")
    def auth_cookies(self):
        """Login and get auth cookies"""
&gt;       response = requests.post(f"{BASE_URL}/api/auth/login", json={
            "email": "admin@sensoper.com",
            "password": TEST_ADMIN_PASSWORD
        })

tests/test_iteration15_new_reports.py:43: 
_ _ _ _ _ _ _ _ _ _ _ _ _ _ _ _ _ _ _ _ _ _ _ _ _ _ _ _ _ _ _ _ _ _ _ _ _ _ _ _ 
/root/.venv/lib/python3.11/site-packages/requests/api.py:115: in post
    return request("post", url, data=data, json=json, **kwargs)
           ^^^^^^^^^^^^^^^^^^^^^^^^^^^^^^^^^^^^^^^^^^^^^^^^^^^^
/root/.venv/lib/python3.11/site-packages/requests/api.py:59: in request
    return session.request(method=method, url=url, **kwargs)
           ^^^^^^^^^^^^^^^^^^^^^^^^^^^^^^^^^^^^^^^^^^^^^^^^^
/root/.venv/lib/python3.11/site-packages/requests/sessions.py:575: in request
    prep = self.prepare_request(req)
           ^^^^^^^^^^^^^^^^^^^^^^^^^
/root/.venv/lib/python3.11/site-packages/requests/sessions.py:484: in prepare_request
    p.prepare(
/root/.venv/lib/python3.11/site-packages/requests/models.py:367: in prepare
    self.prepare_url(url, params)
_ _ _ _ _ _ _ _ _ _ _ _ _ _ _ _ _ _ _ _ _ _ _ _ _ _ _ _ _ _ _ _ _ _ _ _ _ _ _ _ 

self = &lt;PreparedRequest [POST]&gt;, url = '/api/auth/login', params = OrderedDict()

    def prepare_url(self, url, params):
        """Prepares the given HTTP URL."""
        #: Accept objects that have string representations.
        #: We're unable to blindly call unicode/str functions
        #: as this will include the bytestring indicator (b'')
        #: on python 3.x.
        #: https://github.com/psf/requests/pull/2238
        if isinstance(url, bytes):
            url = url.decode("utf8")
        else:
            url = str(url)
    
        # Remove leading whitespaces from url
        url = url.lstrip()
    
        # Don't do any URL preparation for non-HTTP schemes like `mailto`,
        # `data` etc to work around exceptions from `url_parse`, which
        # handles RFC 3986 only.
        if ":" in url and not url.lower().startswith("http"):
            self.url = url
            return
    
        # Support for unicode domain names and paths.
        try:
            scheme, auth, host, port, path, query, fragment = parse_url(url)
        except LocationParseError as e:
            raise InvalidURL(*e.args)
    
        if not scheme:
&gt;           raise MissingSchema(
                f"Invalid URL {url!r}: No scheme supplied. "
                f"Perhaps you meant https://{url}?"
            )
E           requests.exceptions.MissingSchema: Invalid URL '/api/auth/login': No scheme supplied. Perhaps you meant https:///api/auth/login?

/root/.venv/lib/python3.11/site-packages/requests/models.py:438: MissingSchema</error></testcase><testcase classname="tests.test_iteration15_new_reports.TestNewReportTypes" name="test_low_stock_report" time="0.000"><error message="failed on setup with &quot;requests.exceptions.MissingSchema: Invalid URL '/api/auth/login': No scheme supplied. Perhaps you meant https:///api/auth/login?&quot;">self = &lt;test_iteration15_new_reports.TestNewReportTypes object at 0xfd35c43e9250&gt;

    @pytest.fixture(scope="class")
    def auth_cookies(self):
        """Login and get auth cookies"""
&gt;       response = requests.post(f"{BASE_URL}/api/auth/login", json={
            "email": "admin@sensoper.com",
            "password": TEST_ADMIN_PASSWORD
        })

tests/test_iteration15_new_reports.py:43: 
_ _ _ _ _ _ _ _ _ _ _ _ _ _ _ _ _ _ _ _ _ _ _ _ _ _ _ _ _ _ _ _ _ _ _ _ _ _ _ _ 
/root/.venv/lib/python3.11/site-packages/requests/api.py:115: in post
    return request("post", url, data=data, json=json, **kwargs)
           ^^^^^^^^^^^^^^^^^^^^^^^^^^^^^^^^^^^^^^^^^^^^^^^^^^^^
/root/.venv/lib/python3.11/site-packages/requests/api.py:59: in request
    return session.request(method=method, url=url, **kwargs)
           ^^^^^^^^^^^^^^^^^^^^^^^^^^^^^^^^^^^^^^^^^^^^^^^^^
/root/.venv/lib/python3.11/site-packages/requests/sessions.py:575: in request
    prep = self.prepare_request(req)
           ^^^^^^^^^^^^^^^^^^^^^^^^^
/root/.venv/lib/python3.11/site-packages/requests/sessions.py:484: in prepare_request
    p.prepare(
/root/.venv/lib/python3.11/site-packages/requests/models.py:367: in prepare
    self.prepare_url(url, params)
_ _ _ _ _ _ _ _ _ _ _ _ _ _ _ _ _ _ _ _ _ _ _ _ _ _ _ _ _ _ _ _ _ _ _ _ _ _ _ _ 

self = &lt;PreparedRequest [POST]&gt;, url = '/api/auth/login', params = OrderedDict()

    def prepare_url(self, url, params):
        """Prepares the given HTTP URL."""
        #: Accept objects that have string representations.
        #: We're unable to blindly call unicode/str functions
        #: as this will include the bytestring indicator (b'')
        #: on python 3.x.
        #: https://github.com/psf/requests/pull/2238
        if isinstance(url, bytes):
            url = url.decode("utf8")
        else:
            url = str(url)
    
        # Remove leading whitespaces from url
        url = url.lstrip()
    
        # Don't do any URL preparation for non-HTTP schemes like `mailto`,
        # `data` etc to work around exceptions from `url_parse`, which
        # handles RFC 3986 only.
        if ":" in url and not url.lower().startswith("http"):
            self.url = url
            return
    
        # Support for unicode domain names and paths.
        try:
            scheme, auth, host, port, path, query, fragment = parse_url(url)
        except LocationParseError as e:
            raise InvalidURL(*e.args)
    
        if not scheme:
&gt;           raise MissingSchema(
                f"Invalid URL {url!r}: No scheme supplied. "
                f"Perhaps you meant https://{url}?"
            )
E           requests.exceptions.MissingSchema: Invalid URL '/api/auth/login': No scheme supplied. Perhaps you meant https:///api/auth/login?

/root/.venv/lib/python3.11/site-packages/requests/models.py:438: MissingSchema</error></testcase><testcase classname="tests.test_iteration15_new_reports.TestNewReportTypes" name="test_excess_materials_report" time="0.000"><error message="failed on setup with &quot;requests.exceptions.MissingSchema: Invalid URL '/api/auth/login': No scheme supplied. Perhaps you meant https:///api/auth/login?&quot;">self = &lt;test_iteration15_new_reports.TestNewReportTypes object at 0xfd35c43e9250&gt;

    @pytest.fixture(scope="class")
    def auth_cookies(self):
        """Login and get auth cookies"""
&gt;       response = requests.post(f"{BASE_URL}/api/auth/login", json={
            "email": "admin@sensoper.com",
            "password": TEST_ADMIN_PASSWORD
        })

tests/test_iteration15_new_reports.py:43: 
_ _ _ _ _ _ _ _ _ _ _ _ _ _ _ _ _ _ _ _ _ _ _ _ _ _ _ _ _ _ _ _ _ _ _ _ _ _ _ _ 
/root/.venv/lib/python3.11/site-packages/requests/api.py:115: in post
    return request("post", url, data=data, json=json, **kwargs)
           ^^^^^^^^^^^^^^^^^^^^^^^^^^^^^^^^^^^^^^^^^^^^^^^^^^^^
/root/.venv/lib/python3.11/site-packages/requests/api.py:59: in request
    return session.request(method=method, url=url, **kwargs)
           ^^^^^^^^^^^^^^^^^^^^^^^^^^^^^^^^^^^^^^^^^^^^^^^^^
/root/.venv/lib/python3.11/site-packages/requests/sessions.py:575: in request
    prep = self.prepare_request(req)
           ^^^^^^^^^^^^^^^^^^^^^^^^^
/root/.venv/lib/python3.11/site-packages/requests/sessions.py:484: in prepare_request
    p.prepare(
/root/.venv/lib/python3.11/site-packages/requests/models.py:367: in prepare
    self.prepare_url(url, params)
_ _ _ _ _ _ _ _ _ _ _ _ _ _ _ _ _ _ _ _ _ _ _ _ _ _ _ _ _ _ _ _ _ _ _ _ _ _ _ _ 

self = &lt;PreparedRequest [POST]&gt;, url = '/api/auth/login', params = OrderedDict()

    def prepare_url(self, url, params):
        """Prepares the given HTTP URL."""
        #: Accept objects that have string representations.
        #: We're unable to blindly call unicode/str functions
        #: as this will include the bytestring indicator (b'')
        #: on python 3.x.
        #: https://github.com/psf/requests/pull/2238
        if isinstance(url, bytes):
            url = url.decode("utf8")
        else:
            url = str(url)
    
        # Remove leading whitespaces from url
        url = url.lstrip()
    
        # Don't do any URL preparation for non-HTTP schemes like `mailto`,
        # `data` etc to work around exceptions from `url_parse`, which
        # handles RFC 3986 only.
        if ":" in url and not url.lower().startswith("http"):
            self.url = url
            return
    
        # Support for unicode domain names and paths.
        try:
            scheme, auth, host, port, path, query, fragment = parse_url(url)
        except LocationParseError as e:
            raise InvalidURL(*e.args)
    
        if not scheme:
&gt;           raise MissingSchema(
                f"Invalid URL {url!r}: No scheme supplied. "
                f"Perhaps you meant https://{url}?"
            )
E           requests.exceptions.MissingSchema: Invalid URL '/api/auth/login': No scheme supplied. Perhaps you meant https:///api/auth/login?

/root/.venv/lib/python3.11/site-packages/requests/models.py:438: MissingSchema</error></testcase><testcase classname="tests.test_iteration15_new_reports.TestNewReportTypes" name="test_scrap_report" time="0.000"><error message="failed on setup with &quot;requests.exceptions.MissingSchema: Invalid URL '/api/auth/login': No scheme supplied. Perhaps you meant https:///api/auth/login?&quot;">self = &lt;test_iteration15_new_reports.TestNewReportTypes object at 0xfd35c43e9250&gt;

    @pytest.fixture(scope="class")
    def auth_cookies(self):
        """Login and get auth cookies"""
&gt;       response = requests.post(f"{BASE_URL}/api/auth/login", json={
            "email": "admin@sensoper.com",
            "password": TEST_ADMIN_PASSWORD
        })

tests/test_iteration15_new_reports.py:43: 
_ _ _ _ _ _ _ _ _ _ _ _ _ _ _ _ _ _ _ _ _ _ _ _ _ _ _ _ _ _ _ _ _ _ _ _ _ _ _ _ 
/root/.venv/lib/python3.11/site-packages/requests/api.py:115: in post
    return request("post", url, data=data, json=json, **kwargs)
           ^^^^^^^^^^^^^^^^^^^^^^^^^^^^^^^^^^^^^^^^^^^^^^^^^^^^
/root/.venv/lib/python3.11/site-packages/requests/api.py:59: in request
    return session.request(method=method, url=url, **kwargs)
           ^^^^^^^^^^^^^^^^^^^^^^^^^^^^^^^^^^^^^^^^^^^^^^^^^
/root/.venv/lib/python3.11/site-packages/requests/sessions.py:575: in request
    prep = self.prepare_request(req)
           ^^^^^^^^^^^^^^^^^^^^^^^^^
/root/.venv/lib/python3.11/site-packages/requests/sessions.py:484: in prepare_request
    p.prepare(
/root/.venv/lib/python3.11/site-packages/requests/models.py:367: in prepare
    self.prepare_url(url, params)
_ _ _ _ _ _ _ _ _ _ _ _ _ _ _ _ _ _ _ _ _ _ _ _ _ _ _ _ _ _ _ _ _ _ _ _ _ _ _ _ 

self = &lt;PreparedRequest [POST]&gt;, url = '/api/auth/login', params = OrderedDict()

    def prepare_url(self, url, params):
        """Prepares the given HTTP URL."""
        #: Accept objects that have string representations.
        #: We're unable to blindly call unicode/str functions
        #: as this will include the bytestring indicator (b'')
        #: on python 3.x.
        #: https://github.com/psf/requests/pull/2238
        if isinstance(url, bytes):
            url = url.decode("utf8")
        else:
            url = str(url)
    
        # Remove leading whitespaces from url
        url = url.lstrip()
    
        # Don't do any URL preparation for non-HTTP schemes like `mailto`,
        # `data` etc to work around exceptions from `url_parse`, which
        # handles RFC 3986 only.
        if ":" in url and not url.lower().startswith("http"):
            self.url = url
            return
    
        # Support for unicode domain names and paths.
        try:
            scheme, auth, host, port, path, query, fragment = parse_url(url)
        except LocationParseError as e:
            raise InvalidURL(*e.args)
    
        if not scheme:
&gt;           raise MissingSchema(
                f"Invalid URL {url!r}: No scheme supplied. "
                f"Perhaps you meant https://{url}?"
            )
E           requests.exceptions.MissingSchema: Invalid URL '/api/auth/login': No scheme supplied. Perhaps you meant https:///api/auth/login?

/root/.venv/lib/python3.11/site-packages/requests/models.py:438: MissingSchema</error></testcase><testcase classname="tests.test_iteration15_new_reports.TestNewReportTypes" name="test_price_fluctuation_report" time="0.000"><error message="failed on setup with &quot;requests.exceptions.MissingSchema: Invalid URL '/api/auth/login': No scheme supplied. Perhaps you meant https:///api/auth/login?&quot;">self = &lt;test_iteration15_new_reports.TestNewReportTypes object at 0xfd35c43e9250&gt;

    @pytest.fixture(scope="class")
    def auth_cookies(self):
        """Login and get auth cookies"""
&gt;       response = requests.post(f"{BASE_URL}/api/auth/login", json={
            "email": "admin@sensoper.com",
            "password": TEST_ADMIN_PASSWORD
        })

tests/test_iteration15_new_reports.py:43: 
_ _ _ _ _ _ _ _ _ _ _ _ _ _ _ _ _ _ _ _ _ _ _ _ _ _ _ _ _ _ _ _ _ _ _ _ _ _ _ _ 
/root/.venv/lib/python3.11/site-packages/requests/api.py:115: in post
    return request("post", url, data=data, json=json, **kwargs)
           ^^^^^^^^^^^^^^^^^^^^^^^^^^^^^^^^^^^^^^^^^^^^^^^^^^^^
/root/.venv/lib/python3.11/site-packages/requests/api.py:59: in request
    return session.request(method=method, url=url, **kwargs)
           ^^^^^^^^^^^^^^^^^^^^^^^^^^^^^^^^^^^^^^^^^^^^^^^^^
/root/.venv/lib/python3.11/site-packages/requests/sessions.py:575: in request
    prep = self.prepare_request(req)
           ^^^^^^^^^^^^^^^^^^^^^^^^^
/root/.venv/lib/python3.11/site-packages/requests/sessions.py:484: in prepare_request
    p.prepare(
/root/.venv/lib/python3.11/site-packages/requests/models.py:367: in prepare
    self.prepare_url(url, params)
_ _ _ _ _ _ _ _ _ _ _ _ _ _ _ _ _ _ _ _ _ _ _ _ _ _ _ _ _ _ _ _ _ _ _ _ _ _ _ _ 

self = &lt;PreparedRequest [POST]&gt;, url = '/api/auth/login', params = OrderedDict()

    def prepare_url(self, url, params):
        """Prepares the given HTTP URL."""
        #: Accept objects that have string representations.
        #: We're unable to blindly call unicode/str functions
        #: as this will include the bytestring indicator (b'')
        #: on python 3.x.
        #: https://github.com/psf/requests/pull/2238
        if isinstance(url, bytes):
            url = url.decode("utf8")
        else:
            url = str(url)
    
        # Remove leading whitespaces from url
        url = url.lstrip()
    
        # Don't do any URL preparation for non-HTTP schemes like `mailto`,
        # `data` etc to work around exceptions from `url_parse`, which
        # handles RFC 3986 only.
        if ":" in url and not url.lower().startswith("http"):
            self.url = url
            return
    
        # Support for unicode domain names and paths.
        try:
            scheme, auth, host, port, path, query, fragment = parse_url(url)
        except LocationParseError as e:
            raise InvalidURL(*e.args)
    
        if not scheme:
&gt;           raise MissingSchema(
                f"Invalid URL {url!r}: No scheme supplied. "
                f"Perhaps you meant https://{url}?"
            )
E           requests.exceptions.MissingSchema: Invalid URL '/api/auth/login': No scheme supplied. Perhaps you meant https:///api/auth/login?

/root/.venv/lib/python3.11/site-packages/requests/models.py:438: MissingSchema</error></testcase><testcase classname="tests.test_iteration15_new_reports.TestNewReportTypes" name="test_technical_om_merged_report" time="0.000"><error message="failed on setup with &quot;requests.exceptions.MissingSchema: Invalid URL '/api/auth/login': No scheme supplied. Perhaps you meant https:///api/auth/login?&quot;">self = &lt;test_iteration15_new_reports.TestNewReportTypes object at 0xfd35c43e9250&gt;

    @pytest.fixture(scope="class")
    def auth_cookies(self):
        """Login and get auth cookies"""
&gt;       response = requests.post(f"{BASE_URL}/api/auth/login", json={
            "email": "admin@sensoper.com",
            "password": TEST_ADMIN_PASSWORD
        })

tests/test_iteration15_new_reports.py:43: 
_ _ _ _ _ _ _ _ _ _ _ _ _ _ _ _ _ _ _ _ _ _ _ _ _ _ _ _ _ _ _ _ _ _ _ _ _ _ _ _ 
/root/.venv/lib/python3.11/site-packages/requests/api.py:115: in post
    return request("post", url, data=data, json=json, **kwargs)
           ^^^^^^^^^^^^^^^^^^^^^^^^^^^^^^^^^^^^^^^^^^^^^^^^^^^^
/root/.venv/lib/python3.11/site-packages/requests/api.py:59: in request
    return session.request(method=method, url=url, **kwargs)
           ^^^^^^^^^^^^^^^^^^^^^^^^^^^^^^^^^^^^^^^^^^^^^^^^^
/root/.venv/lib/python3.11/site-packages/requests/sessions.py:575: in request
    prep = self.prepare_request(req)
           ^^^^^^^^^^^^^^^^^^^^^^^^^
/root/.venv/lib/python3.11/site-packages/requests/sessions.py:484: in prepare_request
    p.prepare(
/root/.venv/lib/python3.11/site-packages/requests/models.py:367: in prepare
    self.prepare_url(url, params)
_ _ _ _ _ _ _ _ _ _ _ _ _ _ _ _ _ _ _ _ _ _ _ _ _ _ _ _ _ _ _ _ _ _ _ _ _ _ _ _ 

self = &lt;PreparedRequest [POST]&gt;, url = '/api/auth/login', params = OrderedDict()

    def prepare_url(self, url, params):
        """Prepares the given HTTP URL."""
        #: Accept objects that have string representations.
        #: We're unable to blindly call unicode/str functions
        #: as this will include the bytestring indicator (b'')
        #: on python 3.x.
        #: https://github.com/psf/requests/pull/2238
        if isinstance(url, bytes):
            url = url.decode("utf8")
        else:
            url = str(url)
    
        # Remove leading whitespaces from url
        url = url.lstrip()
    
        # Don't do any URL preparation for non-HTTP schemes like `mailto`,
        # `data` etc to work around exceptions from `url_parse`, which
        # handles RFC 3986 only.
        if ":" in url and not url.lower().startswith("http"):
            self.url = url
            return
    
        # Support for unicode domain names and paths.
        try:
            scheme, auth, host, port, path, query, fragment = parse_url(url)
        except LocationParseError as e:
            raise InvalidURL(*e.args)
    
        if not scheme:
&gt;           raise MissingSchema(
                f"Invalid URL {url!r}: No scheme supplied. "
                f"Perhaps you meant https://{url}?"
            )
E           requests.exceptions.MissingSchema: Invalid URL '/api/auth/login': No scheme supplied. Perhaps you meant https:///api/auth/login?

/root/.venv/lib/python3.11/site-packages/requests/models.py:438: MissingSchema</error></testcase><testcase classname="tests.test_iteration15_new_reports.TestAllReportTypes" name="test_report_type_exists[sales]" time="0.001"><error message="failed on setup with &quot;requests.exceptions.MissingSchema: Invalid URL '/api/auth/login': No scheme supplied. Perhaps you meant https:///api/auth/login?&quot;">self = &lt;test_iteration15_new_reports.TestAllReportTypes object at 0xfd35c43eb5d0&gt;

    @pytest.fixture(scope="class")
    def auth_cookies(self):
        """Login and get auth cookies"""
&gt;       response = requests.post(f"{BASE_URL}/api/auth/login", json={
            "email": "admin@sensoper.com",
            "password": TEST_ADMIN_PASSWORD
        })

tests/test_iteration15_new_reports.py:187: 
_ _ _ _ _ _ _ _ _ _ _ _ _ _ _ _ _ _ _ _ _ _ _ _ _ _ _ _ _ _ _ _ _ _ _ _ _ _ _ _ 
/root/.venv/lib/python3.11/site-packages/requests/api.py:115: in post
    return request("post", url, data=data, json=json, **kwargs)
           ^^^^^^^^^^^^^^^^^^^^^^^^^^^^^^^^^^^^^^^^^^^^^^^^^^^^
/root/.venv/lib/python3.11/site-packages/requests/api.py:59: in request
    return session.request(method=method, url=url, **kwargs)
           ^^^^^^^^^^^^^^^^^^^^^^^^^^^^^^^^^^^^^^^^^^^^^^^^^
/root/.venv/lib/python3.11/site-packages/requests/sessions.py:575: in request
    prep = self.prepare_request(req)
           ^^^^^^^^^^^^^^^^^^^^^^^^^
/root/.venv/lib/python3.11/site-packages/requests/sessions.py:484: in prepare_request
    p.prepare(
/root/.venv/lib/python3.11/site-packages/requests/models.py:367: in prepare
    self.prepare_url(url, params)
_ _ _ _ _ _ _ _ _ _ _ _ _ _ _ _ _ _ _ _ _ _ _ _ _ _ _ _ _ _ _ _ _ _ _ _ _ _ _ _ 

self = &lt;PreparedRequest [POST]&gt;, url = '/api/auth/login', params = OrderedDict()

    def prepare_url(self, url, params):
        """Prepares the given HTTP URL."""
        #: Accept objects that have string representations.
        #: We're unable to blindly call unicode/str functions
        #: as this will include the bytestring indicator (b'')
        #: on python 3.x.
        #: https://github.com/psf/requests/pull/2238
        if isinstance(url, bytes):
            url = url.decode("utf8")
        else:
            url = str(url)
    
        # Remove leading whitespaces from url
        url = url.lstrip()
    
        # Don't do any URL preparation for non-HTTP schemes like `mailto`,
        # `data` etc to work around exceptions from `url_parse`, which
        # handles RFC 3986 only.
        if ":" in url and not url.lower().startswith("http"):
            self.url = url
            return
    
        # Support for unicode domain names and paths.
        try:
            scheme, auth, host, port, path, query, fragment = parse_url(url)
        except LocationParseError as e:
            raise InvalidURL(*e.args)
    
        if not scheme:
&gt;           raise MissingSchema(
                f"Invalid URL {url!r}: No scheme supplied. "
                f"Perhaps you meant https://{url}?"
            )
E           requests.exceptions.MissingSchema: Invalid URL '/api/auth/login': No scheme supplied. Perhaps you meant https:///api/auth/login?

/root/.venv/lib/python3.11/site-packages/requests/models.py:438: MissingSchema</error></testcase><testcase classname="tests.test_iteration15_new_reports.TestAllReportTypes" name="test_report_type_exists[profit]" time="0.000"><error message="failed on setup with &quot;requests.exceptions.MissingSchema: Invalid URL '/api/auth/login': No scheme supplied. Perhaps you meant https:///api/auth/login?&quot;">self = &lt;test_iteration15_new_reports.TestAllReportTypes object at 0xfd35c43eb5d0&gt;

    @pytest.fixture(scope="class")
    def auth_cookies(self):
        """Login and get auth cookies"""
&gt;       response = requests.post(f"{BASE_URL}/api/auth/login", json={
            "email": "admin@sensoper.com",
            "password": TEST_ADMIN_PASSWORD
        })

tests/test_iteration15_new_reports.py:187: 
_ _ _ _ _ _ _ _ _ _ _ _ _ _ _ _ _ _ _ _ _ _ _ _ _ _ _ _ _ _ _ _ _ _ _ _ _ _ _ _ 
/root/.venv/lib/python3.11/site-packages/requests/api.py:115: in post
    return request("post", url, data=data, json=json, **kwargs)
           ^^^^^^^^^^^^^^^^^^^^^^^^^^^^^^^^^^^^^^^^^^^^^^^^^^^^
/root/.venv/lib/python3.11/site-packages/requests/api.py:59: in request
    return session.request(method=method, url=url, **kwargs)
           ^^^^^^^^^^^^^^^^^^^^^^^^^^^^^^^^^^^^^^^^^^^^^^^^^
/root/.venv/lib/python3.11/site-packages/requests/sessions.py:575: in request
    prep = self.prepare_request(req)
           ^^^^^^^^^^^^^^^^^^^^^^^^^
/root/.venv/lib/python3.11/site-packages/requests/sessions.py:484: in prepare_request
    p.prepare(
/root/.venv/lib/python3.11/site-packages/requests/models.py:367: in prepare
    self.prepare_url(url, params)
_ _ _ _ _ _ _ _ _ _ _ _ _ _ _ _ _ _ _ _ _ _ _ _ _ _ _ _ _ _ _ _ _ _ _ _ _ _ _ _ 

self = &lt;PreparedRequest [POST]&gt;, url = '/api/auth/login', params = OrderedDict()

    def prepare_url(self, url, params):
        """Prepares the given HTTP URL."""
        #: Accept objects that have string representations.
        #: We're unable to blindly call unicode/str functions
        #: as this will include the bytestring indicator (b'')
        #: on python 3.x.
        #: https://github.com/psf/requests/pull/2238
        if isinstance(url, bytes):
            url = url.decode("utf8")
        else:
            url = str(url)
    
        # Remove leading whitespaces from url
        url = url.lstrip()
    
        # Don't do any URL preparation for non-HTTP schemes like `mailto`,
        # `data` etc to work around exceptions from `url_parse`, which
        # handles RFC 3986 only.
        if ":" in url and not url.lower().startswith("http"):
            self.url = url
            return
    
        # Support for unicode domain names and paths.
        try:
            scheme, auth, host, port, path, query, fragment = parse_url(url)
        except LocationParseError as e:
            raise InvalidURL(*e.args)
    
        if not scheme:
&gt;           raise MissingSchema(
                f"Invalid URL {url!r}: No scheme supplied. "
                f"Perhaps you meant https://{url}?"
            )
E           requests.exceptions.MissingSchema: Invalid URL '/api/auth/login': No scheme supplied. Perhaps you meant https:///api/auth/login?

/root/.venv/lib/python3.11/site-packages/requests/models.py:438: MissingSchema</error></testcase><testcase classname="tests.test_iteration15_new_reports.TestAllReportTypes" name="test_report_type_exists[expense]" time="0.000"><error message="failed on setup with &quot;requests.exceptions.MissingSchema: Invalid URL '/api/auth/login': No scheme supplied. Perhaps you meant https:///api/auth/login?&quot;">self = &lt;test_iteration15_new_reports.TestAllReportTypes object at 0xfd35c43eb5d0&gt;

    @pytest.fixture(scope="class")
    def auth_cookies(self):
        """Login and get auth cookies"""
&gt;       response = requests.post(f"{BASE_URL}/api/auth/login", json={
            "email": "admin@sensoper.com",
            "password": TEST_ADMIN_PASSWORD
        })

tests/test_iteration15_new_reports.py:187: 
_ _ _ _ _ _ _ _ _ _ _ _ _ _ _ _ _ _ _ _ _ _ _ _ _ _ _ _ _ _ _ _ _ _ _ _ _ _ _ _ 
/root/.venv/lib/python3.11/site-packages/requests/api.py:115: in post
    return request("post", url, data=data, json=json, **kwargs)
           ^^^^^^^^^^^^^^^^^^^^^^^^^^^^^^^^^^^^^^^^^^^^^^^^^^^^
/root/.venv/lib/python3.11/site-packages/requests/api.py:59: in request
    return session.request(method=method, url=url, **kwargs)
           ^^^^^^^^^^^^^^^^^^^^^^^^^^^^^^^^^^^^^^^^^^^^^^^^^
/root/.venv/lib/python3.11/site-packages/requests/sessions.py:575: in request
    prep = self.prepare_request(req)
           ^^^^^^^^^^^^^^^^^^^^^^^^^
/root/.venv/lib/python3.11/site-packages/requests/sessions.py:484: in prepare_request
    p.prepare(
/root/.venv/lib/python3.11/site-packages/requests/models.py:367: in prepare
    self.prepare_url(url, params)
_ _ _ _ _ _ _ _ _ _ _ _ _ _ _ _ _ _ _ _ _ _ _ _ _ _ _ _ _ _ _ _ _ _ _ _ _ _ _ _ 

self = &lt;PreparedRequest [POST]&gt;, url = '/api/auth/login', params = OrderedDict()

    def prepare_url(self, url, params):
        """Prepares the given HTTP URL."""
        #: Accept objects that have string representations.
        #: We're unable to blindly call unicode/str functions
        #: as this will include the bytestring indicator (b'')
        #: on python 3.x.
        #: https://github.com/psf/requests/pull/2238
        if isinstance(url, bytes):
            url = url.decode("utf8")
        else:
            url = str(url)
    
        # Remove leading whitespaces from url
        url = url.lstrip()
    
        # Don't do any URL preparation for non-HTTP schemes like `mailto`,
        # `data` etc to work around exceptions from `url_parse`, which
        # handles RFC 3986 only.
        if ":" in url and not url.lower().startswith("http"):
            self.url = url
            return
    
        # Support for unicode domain names and paths.
        try:
            scheme, auth, host, port, path, query, fragment = parse_url(url)
        except LocationParseError as e:
            raise InvalidURL(*e.args)
    
        if not scheme:
&gt;           raise MissingSchema(
                f"Invalid URL {url!r}: No scheme supplied. "
                f"Perhaps you meant https://{url}?"
            )
E           requests.exceptions.MissingSchema: Invalid URL '/api/auth/login': No scheme supplied. Perhaps you meant https:///api/auth/login?

/root/.venv/lib/python3.11/site-packages/requests/models.py:438: MissingSchema</error></testcase><testcase classname="tests.test_iteration15_new_reports.TestAllReportTypes" name="test_report_type_exists[execution]" time="0.000"><error message="failed on setup with &quot;requests.exceptions.MissingSchema: Invalid URL '/api/auth/login': No scheme supplied. Perhaps you meant https:///api/auth/login?&quot;">self = &lt;test_iteration15_new_reports.TestAllReportTypes object at 0xfd35c43eb5d0&gt;

    @pytest.fixture(scope="class")
    def auth_cookies(self):
        """Login and get auth cookies"""
&gt;       response = requests.post(f"{BASE_URL}/api/auth/login", json={
            "email": "admin@sensoper.com",
            "password": TEST_ADMIN_PASSWORD
        })

tests/test_iteration15_new_reports.py:187: 
_ _ _ _ _ _ _ _ _ _ _ _ _ _ _ _ _ _ _ _ _ _ _ _ _ _ _ _ _ _ _ _ _ _ _ _ _ _ _ _ 
/root/.venv/lib/python3.11/site-packages/requests/api.py:115: in post
    return request("post", url, data=data, json=json, **kwargs)
           ^^^^^^^^^^^^^^^^^^^^^^^^^^^^^^^^^^^^^^^^^^^^^^^^^^^^
/root/.venv/lib/python3.11/site-packages/requests/api.py:59: in request
    return session.request(method=method, url=url, **kwargs)
           ^^^^^^^^^^^^^^^^^^^^^^^^^^^^^^^^^^^^^^^^^^^^^^^^^
/root/.venv/lib/python3.11/site-packages/requests/sessions.py:575: in request
    prep = self.prepare_request(req)
           ^^^^^^^^^^^^^^^^^^^^^^^^^
/root/.venv/lib/python3.11/site-packages/requests/sessions.py:484: in prepare_request
    p.prepare(
/root/.venv/lib/python3.11/site-packages/requests/models.py:367: in prepare
    self.prepare_url(url, params)
_ _ _ _ _ _ _ _ _ _ _ _ _ _ _ _ _ _ _ _ _ _ _ _ _ _ _ _ _ _ _ _ _ _ _ _ _ _ _ _ 

self = &lt;PreparedRequest [POST]&gt;, url = '/api/auth/login', params = OrderedDict()

    def prepare_url(self, url, params):
        """Prepares the given HTTP URL."""
        #: Accept objects that have string representations.
        #: We're unable to blindly call unicode/str functions
        #: as this will include the bytestring indicator (b'')
        #: on python 3.x.
        #: https://github.com/psf/requests/pull/2238
        if isinstance(url, bytes):
            url = url.decode("utf8")
        else:
            url = str(url)
    
        # Remove leading whitespaces from url
        url = url.lstrip()
    
        # Don't do any URL preparation for non-HTTP schemes like `mailto`,
        # `data` etc to work around exceptions from `url_parse`, which
        # handles RFC 3986 only.
        if ":" in url and not url.lower().startswith("http"):
            self.url = url
            return
    
        # Support for unicode domain names and paths.
        try:
            scheme, auth, host, port, path, query, fragment = parse_url(url)
        except LocationParseError as e:
            raise InvalidURL(*e.args)
    
        if not scheme:
&gt;           raise MissingSchema(
                f"Invalid URL {url!r}: No scheme supplied. "
                f"Perhaps you meant https://{url}?"
            )
E           requests.exceptions.MissingSchema: Invalid URL '/api/auth/login': No scheme supplied. Perhaps you meant https:///api/auth/login?

/root/.venv/lib/python3.11/site-packages/requests/models.py:438: MissingSchema</error></testcase><testcase classname="tests.test_iteration15_new_reports.TestAllReportTypes" name="test_report_type_exists[inventory]" time="0.000"><error message="failed on setup with &quot;requests.exceptions.MissingSchema: Invalid URL '/api/auth/login': No scheme supplied. Perhaps you meant https:///api/auth/login?&quot;">self = &lt;test_iteration15_new_reports.TestAllReportTypes object at 0xfd35c43eb5d0&gt;

    @pytest.fixture(scope="class")
    def auth_cookies(self):
        """Login and get auth cookies"""
&gt;       response = requests.post(f"{BASE_URL}/api/auth/login", json={
            "email": "admin@sensoper.com",
            "password": TEST_ADMIN_PASSWORD
        })

tests/test_iteration15_new_reports.py:187: 
_ _ _ _ _ _ _ _ _ _ _ _ _ _ _ _ _ _ _ _ _ _ _ _ _ _ _ _ _ _ _ _ _ _ _ _ _ _ _ _ 
/root/.venv/lib/python3.11/site-packages/requests/api.py:115: in post
    return request("post", url, data=data, json=json, **kwargs)
           ^^^^^^^^^^^^^^^^^^^^^^^^^^^^^^^^^^^^^^^^^^^^^^^^^^^^
/root/.venv/lib/python3.11/site-packages/requests/api.py:59: in request
    return session.request(method=method, url=url, **kwargs)
           ^^^^^^^^^^^^^^^^^^^^^^^^^^^^^^^^^^^^^^^^^^^^^^^^^
/root/.venv/lib/python3.11/site-packages/requests/sessions.py:575: in request
    prep = self.prepare_request(req)
           ^^^^^^^^^^^^^^^^^^^^^^^^^
/root/.venv/lib/python3.11/site-packages/requests/sessions.py:484: in prepare_request
    p.prepare(
/root/.venv/lib/python3.11/site-packages/requests/models.py:367: in prepare
    self.prepare_url(url, params)
_ _ _ _ _ _ _ _ _ _ _ _ _ _ _ _ _ _ _ _ _ _ _ _ _ _ _ _ _ _ _ _ _ _ _ _ _ _ _ _ 

self = &lt;PreparedRequest [POST]&gt;, url = '/api/auth/login', params = OrderedDict()

    def prepare_url(self, url, params):
        """Prepares the given HTTP URL."""
        #: Accept objects that have string representations.
        #: We're unable to blindly call unicode/str functions
        #: as this will include the bytestring indicator (b'')
        #: on python 3.x.
        #: https://github.com/psf/requests/pull/2238
        if isinstance(url, bytes):
            url = url.decode("utf8")
        else:
            url = str(url)
    
        # Remove leading whitespaces from url
        url = url.lstrip()
    
        # Don't do any URL preparation for non-HTTP schemes like `mailto`,
        # `data` etc to work around exceptions from `url_parse`, which
        # handles RFC 3986 only.
        if ":" in url and not url.lower().startswith("http"):
            self.url = url
            return
    
        # Support for unicode domain names and paths.
        try:
            scheme, auth, host, port, path, query, fragment = parse_url(url)
        except LocationParseError as e:
            raise InvalidURL(*e.args)
    
        if not scheme:
&gt;           raise MissingSchema(
                f"Invalid URL {url!r}: No scheme supplied. "
                f"Perhaps you meant https://{url}?"
            )
E           requests.exceptions.MissingSchema: Invalid URL '/api/auth/login': No scheme supplied. Perhaps you meant https:///api/auth/login?

/root/.venv/lib/python3.11/site-packages/requests/models.py:438: MissingSchema</error></testcase><testcase classname="tests.test_iteration15_new_reports.TestAllReportTypes" name="test_report_type_exists[inbound]" time="0.000"><error message="failed on setup with &quot;requests.exceptions.MissingSchema: Invalid URL '/api/auth/login': No scheme supplied. Perhaps you meant https:///api/auth/login?&quot;">self = &lt;test_iteration15_new_reports.TestAllReportTypes object at 0xfd35c43eb5d0&gt;

    @pytest.fixture(scope="class")
    def auth_cookies(self):
        """Login and get auth cookies"""
&gt;       response = requests.post(f"{BASE_URL}/api/auth/login", json={
            "email": "admin@sensoper.com",
            "password": TEST_ADMIN_PASSWORD
        })

tests/test_iteration15_new_reports.py:187: 
_ _ _ _ _ _ _ _ _ _ _ _ _ _ _ _ _ _ _ _ _ _ _ _ _ _ _ _ _ _ _ _ _ _ _ _ _ _ _ _ 
/root/.venv/lib/python3.11/site-packages/requests/api.py:115: in post
    return request("post", url, data=data, json=json, **kwargs)
           ^^^^^^^^^^^^^^^^^^^^^^^^^^^^^^^^^^^^^^^^^^^^^^^^^^^^
/root/.venv/lib/python3.11/site-packages/requests/api.py:59: in request
    return session.request(method=method, url=url, **kwargs)
           ^^^^^^^^^^^^^^^^^^^^^^^^^^^^^^^^^^^^^^^^^^^^^^^^^
/root/.venv/lib/python3.11/site-packages/requests/sessions.py:575: in request
    prep = self.prepare_request(req)
           ^^^^^^^^^^^^^^^^^^^^^^^^^
/root/.venv/lib/python3.11/site-packages/requests/sessions.py:484: in prepare_request
    p.prepare(
/root/.venv/lib/python3.11/site-packages/requests/models.py:367: in prepare
    self.prepare_url(url, params)
_ _ _ _ _ _ _ _ _ _ _ _ _ _ _ _ _ _ _ _ _ _ _ _ _ _ _ _ _ _ _ _ _ _ _ _ _ _ _ _ 

self = &lt;PreparedRequest [POST]&gt;, url = '/api/auth/login', params = OrderedDict()

    def prepare_url(self, url, params):
        """Prepares the given HTTP URL."""
        #: Accept objects that have string representations.
        #: We're unable to blindly call unicode/str functions
        #: as this will include the bytestring indicator (b'')
        #: on python 3.x.
        #: https://github.com/psf/requests/pull/2238
        if isinstance(url, bytes):
            url = url.decode("utf8")
        else:
            url = str(url)
    
        # Remove leading whitespaces from url
        url = url.lstrip()
    
        # Don't do any URL preparation for non-HTTP schemes like `mailto`,
        # `data` etc to work around exceptions from `url_parse`, which
        # handles RFC 3986 only.
        if ":" in url and not url.lower().startswith("http"):
            self.url = url
            return
    
        # Support for unicode domain names and paths.
        try:
            scheme, auth, host, port, path, query, fragment = parse_url(url)
        except LocationParseError as e:
            raise InvalidURL(*e.args)
    
        if not scheme:
&gt;           raise MissingSchema(
                f"Invalid URL {url!r}: No scheme supplied. "
                f"Perhaps you meant https://{url}?"
            )
E           requests.exceptions.MissingSchema: Invalid URL '/api/auth/login': No scheme supplied. Perhaps you meant https:///api/auth/login?

/root/.venv/lib/python3.11/site-packages/requests/models.py:438: MissingSchema</error></testcase><testcase classname="tests.test_iteration15_new_reports.TestAllReportTypes" name="test_report_type_exists[outbound]" time="0.000"><error message="failed on setup with &quot;requests.exceptions.MissingSchema: Invalid URL '/api/auth/login': No scheme supplied. Perhaps you meant https:///api/auth/login?&quot;">self = &lt;test_iteration15_new_reports.TestAllReportTypes object at 0xfd35c43eb5d0&gt;

    @pytest.fixture(scope="class")
    def auth_cookies(self):
        """Login and get auth cookies"""
&gt;       response = requests.post(f"{BASE_URL}/api/auth/login", json={
            "email": "admin@sensoper.com",
            "password": TEST_ADMIN_PASSWORD
        })

tests/test_iteration15_new_reports.py:187: 
_ _ _ _ _ _ _ _ _ _ _ _ _ _ _ _ _ _ _ _ _ _ _ _ _ _ _ _ _ _ _ _ _ _ _ _ _ _ _ _ 
/root/.venv/lib/python3.11/site-packages/requests/api.py:115: in post
    return request("post", url, data=data, json=json, **kwargs)
           ^^^^^^^^^^^^^^^^^^^^^^^^^^^^^^^^^^^^^^^^^^^^^^^^^^^^
/root/.venv/lib/python3.11/site-packages/requests/api.py:59: in request
    return session.request(method=method, url=url, **kwargs)
           ^^^^^^^^^^^^^^^^^^^^^^^^^^^^^^^^^^^^^^^^^^^^^^^^^
/root/.venv/lib/python3.11/site-packages/requests/sessions.py:575: in request
    prep = self.prepare_request(req)
           ^^^^^^^^^^^^^^^^^^^^^^^^^
/root/.venv/lib/python3.11/site-packages/requests/sessions.py:484: in prepare_request
    p.prepare(
/root/.venv/lib/python3.11/site-packages/requests/models.py:367: in prepare
    self.prepare_url(url, params)
_ _ _ _ _ _ _ _ _ _ _ _ _ _ _ _ _ _ _ _ _ _ _ _ _ _ _ _ _ _ _ _ _ _ _ _ _ _ _ _ 

self = &lt;PreparedRequest [POST]&gt;, url = '/api/auth/login', params = OrderedDict()

    def prepare_url(self, url, params):
        """Prepares the given HTTP URL."""
        #: Accept objects that have string representations.
        #: We're unable to blindly call unicode/str functions
        #: as this will include the bytestring indicator (b'')
        #: on python 3.x.
        #: https://github.com/psf/requests/pull/2238
        if isinstance(url, bytes):
            url = url.decode("utf8")
        else:
            url = str(url)
    
        # Remove leading whitespaces from url
        url = url.lstrip()
    
        # Don't do any URL preparation for non-HTTP schemes like `mailto`,
        # `data` etc to work around exceptions from `url_parse`, which
        # handles RFC 3986 only.
        if ":" in url and not url.lower().startswith("http"):
            self.url = url
            return
    
        # Support for unicode domain names and paths.
        try:
            scheme, auth, host, port, path, query, fragment = parse_url(url)
        except LocationParseError as e:
            raise InvalidURL(*e.args)
    
        if not scheme:
&gt;           raise MissingSchema(
                f"Invalid URL {url!r}: No scheme supplied. "
                f"Perhaps you meant https://{url}?"
            )
E           requests.exceptions.MissingSchema: Invalid URL '/api/auth/login': No scheme supplied. Perhaps you meant https:///api/auth/login?

/root/.venv/lib/python3.11/site-packages/requests/models.py:438: MissingSchema</error></testcase><testcase classname="tests.test_iteration15_new_reports.TestAllReportTypes" name="test_report_type_exists[low_stock]" time="0.000"><error message="failed on setup with &quot;requests.exceptions.MissingSchema: Invalid URL '/api/auth/login': No scheme supplied. Perhaps you meant https:///api/auth/login?&quot;">self = &lt;test_iteration15_new_reports.TestAllReportTypes object at 0xfd35c43eb5d0&gt;

    @pytest.fixture(scope="class")
    def auth_cookies(self):
        """Login and get auth cookies"""
&gt;       response = requests.post(f"{BASE_URL}/api/auth/login", json={
            "email": "admin@sensoper.com",
            "password": TEST_ADMIN_PASSWORD
        })

tests/test_iteration15_new_reports.py:187: 
_ _ _ _ _ _ _ _ _ _ _ _ _ _ _ _ _ _ _ _ _ _ _ _ _ _ _ _ _ _ _ _ _ _ _ _ _ _ _ _ 
/root/.venv/lib/python3.11/site-packages/requests/api.py:115: in post
    return request("post", url, data=data, json=json, **kwargs)
           ^^^^^^^^^^^^^^^^^^^^^^^^^^^^^^^^^^^^^^^^^^^^^^^^^^^^
/root/.venv/lib/python3.11/site-packages/requests/api.py:59: in request
    return session.request(method=method, url=url, **kwargs)
           ^^^^^^^^^^^^^^^^^^^^^^^^^^^^^^^^^^^^^^^^^^^^^^^^^
/root/.venv/lib/python3.11/site-packages/requests/sessions.py:575: in request
    prep = self.prepare_request(req)
           ^^^^^^^^^^^^^^^^^^^^^^^^^
/root/.venv/lib/python3.11/site-packages/requests/sessions.py:484: in prepare_request
    p.prepare(
/root/.venv/lib/python3.11/site-packages/requests/models.py:367: in prepare
    self.prepare_url(url, params)
_ _ _ _ _ _ _ _ _ _ _ _ _ _ _ _ _ _ _ _ _ _ _ _ _ _ _ _ _ _ _ _ _ _ _ _ _ _ _ _ 

self = &lt;PreparedRequest [POST]&gt;, url = '/api/auth/login', params = OrderedDict()

    def prepare_url(self, url, params):
        """Prepares the given HTTP URL."""
        #: Accept objects that have string representations.
        #: We're unable to blindly call unicode/str functions
        #: as this will include the bytestring indicator (b'')
        #: on python 3.x.
        #: https://github.com/psf/requests/pull/2238
        if isinstance(url, bytes):
            url = url.decode("utf8")
        else:
            url = str(url)
    
        # Remove leading whitespaces from url
        url = url.lstrip()
    
        # Don't do any URL preparation for non-HTTP schemes like `mailto`,
        # `data` etc to work around exceptions from `url_parse`, which
        # handles RFC 3986 only.
        if ":" in url and not url.lower().startswith("http"):
            self.url = url
            return
    
        # Support for unicode domain names and paths.
        try:
            scheme, auth, host, port, path, query, fragment = parse_url(url)
        except LocationParseError as e:
            raise InvalidURL(*e.args)
    
        if not scheme:
&gt;           raise MissingSchema(
                f"Invalid URL {url!r}: No scheme supplied. "
                f"Perhaps you meant https://{url}?"
            )
E           requests.exceptions.MissingSchema: Invalid URL '/api/auth/login': No scheme supplied. Perhaps you meant https:///api/auth/login?

/root/.venv/lib/python3.11/site-packages/requests/models.py:438: MissingSchema</error></testcase><testcase classname="tests.test_iteration15_new_reports.TestAllReportTypes" name="test_report_type_exists[excess]" time="0.000"><error message="failed on setup with &quot;requests.exceptions.MissingSchema: Invalid URL '/api/auth/login': No scheme supplied. Perhaps you meant https:///api/auth/login?&quot;">self = &lt;test_iteration15_new_reports.TestAllReportTypes object at 0xfd35c43eb5d0&gt;

    @pytest.fixture(scope="class")
    def auth_cookies(self):
        """Login and get auth cookies"""
&gt;       response = requests.post(f"{BASE_URL}/api/auth/login", json={
            "email": "admin@sensoper.com",
            "password": TEST_ADMIN_PASSWORD
        })

tests/test_iteration15_new_reports.py:187: 
_ _ _ _ _ _ _ _ _ _ _ _ _ _ _ _ _ _ _ _ _ _ _ _ _ _ _ _ _ _ _ _ _ _ _ _ _ _ _ _ 
/root/.venv/lib/python3.11/site-packages/requests/api.py:115: in post
    return request("post", url, data=data, json=json, **kwargs)
           ^^^^^^^^^^^^^^^^^^^^^^^^^^^^^^^^^^^^^^^^^^^^^^^^^^^^
/root/.venv/lib/python3.11/site-packages/requests/api.py:59: in request
    return session.request(method=method, url=url, **kwargs)
           ^^^^^^^^^^^^^^^^^^^^^^^^^^^^^^^^^^^^^^^^^^^^^^^^^
/root/.venv/lib/python3.11/site-packages/requests/sessions.py:575: in request
    prep = self.prepare_request(req)
           ^^^^^^^^^^^^^^^^^^^^^^^^^
/root/.venv/lib/python3.11/site-packages/requests/sessions.py:484: in prepare_request
    p.prepare(
/root/.venv/lib/python3.11/site-packages/requests/models.py:367: in prepare
    self.prepare_url(url, params)
_ _ _ _ _ _ _ _ _ _ _ _ _ _ _ _ _ _ _ _ _ _ _ _ _ _ _ _ _ _ _ _ _ _ _ _ _ _ _ _ 

self = &lt;PreparedRequest [POST]&gt;, url = '/api/auth/login', params = OrderedDict()

    def prepare_url(self, url, params):
        """Prepares the given HTTP URL."""
        #: Accept objects that have string representations.
        #: We're unable to blindly call unicode/str functions
        #: as this will include the bytestring indicator (b'')
        #: on python 3.x.
        #: https://github.com/psf/requests/pull/2238
        if isinstance(url, bytes):
            url = url.decode("utf8")
        else:
            url = str(url)
    
        # Remove leading whitespaces from url
        url = url.lstrip()
    
        # Don't do any URL preparation for non-HTTP schemes like `mailto`,
        # `data` etc to work around exceptions from `url_parse`, which
        # handles RFC 3986 only.
        if ":" in url and not url.lower().startswith("http"):
            self.url = url
            return
    
        # Support for unicode domain names and paths.
        try:
            scheme, auth, host, port, path, query, fragment = parse_url(url)
        except LocationParseError as e:
            raise InvalidURL(*e.args)
    
        if not scheme:
&gt;           raise MissingSchema(
                f"Invalid URL {url!r}: No scheme supplied. "
                f"Perhaps you meant https://{url}?"
            )
E           requests.exceptions.MissingSchema: Invalid URL '/api/auth/login': No scheme supplied. Perhaps you meant https:///api/auth/login?

/root/.venv/lib/python3.11/site-packages/requests/models.py:438: MissingSchema</error></testcase><testcase classname="tests.test_iteration15_new_reports.TestAllReportTypes" name="test_report_type_exists[scrap]" time="0.000"><error message="failed on setup with &quot;requests.exceptions.MissingSchema: Invalid URL '/api/auth/login': No scheme supplied. Perhaps you meant https:///api/auth/login?&quot;">self = &lt;test_iteration15_new_reports.TestAllReportTypes object at 0xfd35c43eb5d0&gt;

    @pytest.fixture(scope="class")
    def auth_cookies(self):
        """Login and get auth cookies"""
&gt;       response = requests.post(f"{BASE_URL}/api/auth/login", json={
            "email": "admin@sensoper.com",
            "password": TEST_ADMIN_PASSWORD
        })

tests/test_iteration15_new_reports.py:187: 
_ _ _ _ _ _ _ _ _ _ _ _ _ _ _ _ _ _ _ _ _ _ _ _ _ _ _ _ _ _ _ _ _ _ _ _ _ _ _ _ 
/root/.venv/lib/python3.11/site-packages/requests/api.py:115: in post
    return request("post", url, data=data, json=json, **kwargs)
           ^^^^^^^^^^^^^^^^^^^^^^^^^^^^^^^^^^^^^^^^^^^^^^^^^^^^
/root/.venv/lib/python3.11/site-packages/requests/api.py:59: in request
    return session.request(method=method, url=url, **kwargs)
           ^^^^^^^^^^^^^^^^^^^^^^^^^^^^^^^^^^^^^^^^^^^^^^^^^
/root/.venv/lib/python3.11/site-packages/requests/sessions.py:575: in request
    prep = self.prepare_request(req)
           ^^^^^^^^^^^^^^^^^^^^^^^^^
/root/.venv/lib/python3.11/site-packages/requests/sessions.py:484: in prepare_request
    p.prepare(
/root/.venv/lib/python3.11/site-packages/requests/models.py:367: in prepare
    self.prepare_url(url, params)
_ _ _ _ _ _ _ _ _ _ _ _ _ _ _ _ _ _ _ _ _ _ _ _ _ _ _ _ _ _ _ _ _ _ _ _ _ _ _ _ 

self = &lt;PreparedRequest [POST]&gt;, url = '/api/auth/login', params = OrderedDict()

    def prepare_url(self, url, params):
        """Prepares the given HTTP URL."""
        #: Accept objects that have string representations.
        #: We're unable to blindly call unicode/str functions
        #: as this will include the bytestring indicator (b'')
        #: on python 3.x.
        #: https://github.com/psf/requests/pull/2238
        if isinstance(url, bytes):
            url = url.decode("utf8")
        else:
            url = str(url)
    
        # Remove leading whitespaces from url
        url = url.lstrip()
    
        # Don't do any URL preparation for non-HTTP schemes like `mailto`,
        # `data` etc to work around exceptions from `url_parse`, which
        # handles RFC 3986 only.
        if ":" in url and not url.lower().startswith("http"):
            self.url = url
            return
    
        # Support for unicode domain names and paths.
        try:
            scheme, auth, host, port, path, query, fragment = parse_url(url)
        except LocationParseError as e:
            raise InvalidURL(*e.args)
    
        if not scheme:
&gt;           raise MissingSchema(
                f"Invalid URL {url!r}: No scheme supplied. "
                f"Perhaps you meant https://{url}?"
            )
E           requests.exceptions.MissingSchema: Invalid URL '/api/auth/login': No scheme supplied. Perhaps you meant https:///api/auth/login?

/root/.venv/lib/python3.11/site-packages/requests/models.py:438: MissingSchema</error></testcase><testcase classname="tests.test_iteration15_new_reports.TestAllReportTypes" name="test_report_type_exists[price_fluctuation]" time="0.000"><error message="failed on setup with &quot;requests.exceptions.MissingSchema: Invalid URL '/api/auth/login': No scheme supplied. Perhaps you meant https:///api/auth/login?&quot;">self = &lt;test_iteration15_new_reports.TestAllReportTypes object at 0xfd35c43eb5d0&gt;

    @pytest.fixture(scope="class")
    def auth_cookies(self):
        """Login and get auth cookies"""
&gt;       response = requests.post(f"{BASE_URL}/api/auth/login", json={
            "email": "admin@sensoper.com",
            "password": TEST_ADMIN_PASSWORD
        })

tests/test_iteration15_new_reports.py:187: 
_ _ _ _ _ _ _ _ _ _ _ _ _ _ _ _ _ _ _ _ _ _ _ _ _ _ _ _ _ _ _ _ _ _ _ _ _ _ _ _ 
/root/.venv/lib/python3.11/site-packages/requests/api.py:115: in post
    return request("post", url, data=data, json=json, **kwargs)
           ^^^^^^^^^^^^^^^^^^^^^^^^^^^^^^^^^^^^^^^^^^^^^^^^^^^^
/root/.venv/lib/python3.11/site-packages/requests/api.py:59: in request
    return session.request(method=method, url=url, **kwargs)
           ^^^^^^^^^^^^^^^^^^^^^^^^^^^^^^^^^^^^^^^^^^^^^^^^^
/root/.venv/lib/python3.11/site-packages/requests/sessions.py:575: in request
    prep = self.prepare_request(req)
           ^^^^^^^^^^^^^^^^^^^^^^^^^
/root/.venv/lib/python3.11/site-packages/requests/sessions.py:484: in prepare_request
    p.prepare(
/root/.venv/lib/python3.11/site-packages/requests/models.py:367: in prepare
    self.prepare_url(url, params)
_ _ _ _ _ _ _ _ _ _ _ _ _ _ _ _ _ _ _ _ _ _ _ _ _ _ _ _ _ _ _ _ _ _ _ _ _ _ _ _ 

self = &lt;PreparedRequest [POST]&gt;, url = '/api/auth/login', params = OrderedDict()

    def prepare_url(self, url, params):
        """Prepares the given HTTP URL."""
        #: Accept objects that have string representations.
        #: We're unable to blindly call unicode/str functions
        #: as this will include the bytestring indicator (b'')
        #: on python 3.x.
        #: https://github.com/psf/requests/pull/2238
        if isinstance(url, bytes):
            url = url.decode("utf8")
        else:
            url = str(url)
    
        # Remove leading whitespaces from url
        url = url.lstrip()
    
        # Don't do any URL preparation for non-HTTP schemes like `mailto`,
        # `data` etc to work around exceptions from `url_parse`, which
        # handles RFC 3986 only.
        if ":" in url and not url.lower().startswith("http"):
            self.url = url
            return
    
        # Support for unicode domain names and paths.
        try:
            scheme, auth, host, port, path, query, fragment = parse_url(url)
        except LocationParseError as e:
            raise InvalidURL(*e.args)
    
        if not scheme:
&gt;           raise MissingSchema(
                f"Invalid URL {url!r}: No scheme supplied. "
                f"Perhaps you meant https://{url}?"
            )
E           requests.exceptions.MissingSchema: Invalid URL '/api/auth/login': No scheme supplied. Perhaps you meant https:///api/auth/login?

/root/.venv/lib/python3.11/site-packages/requests/models.py:438: MissingSchema</error></testcase><testcase classname="tests.test_iteration15_new_reports.TestAllReportTypes" name="test_report_type_exists[technical_om]" time="0.000"><error message="failed on setup with &quot;requests.exceptions.MissingSchema: Invalid URL '/api/auth/login': No scheme supplied. Perhaps you meant https:///api/auth/login?&quot;">self = &lt;test_iteration15_new_reports.TestAllReportTypes object at 0xfd35c43eb5d0&gt;

    @pytest.fixture(scope="class")
    def auth_cookies(self):
        """Login and get auth cookies"""
&gt;       response = requests.post(f"{BASE_URL}/api/auth/login", json={
            "email": "admin@sensoper.com",
            "password": TEST_ADMIN_PASSWORD
        })

tests/test_iteration15_new_reports.py:187: 
_ _ _ _ _ _ _ _ _ _ _ _ _ _ _ _ _ _ _ _ _ _ _ _ _ _ _ _ _ _ _ _ _ _ _ _ _ _ _ _ 
/root/.venv/lib/python3.11/site-packages/requests/api.py:115: in post
    return request("post", url, data=data, json=json, **kwargs)
           ^^^^^^^^^^^^^^^^^^^^^^^^^^^^^^^^^^^^^^^^^^^^^^^^^^^^
/root/.venv/lib/python3.11/site-packages/requests/api.py:59: in request
    return session.request(method=method, url=url, **kwargs)
           ^^^^^^^^^^^^^^^^^^^^^^^^^^^^^^^^^^^^^^^^^^^^^^^^^
/root/.venv/lib/python3.11/site-packages/requests/sessions.py:575: in request
    prep = self.prepare_request(req)
           ^^^^^^^^^^^^^^^^^^^^^^^^^
/root/.venv/lib/python3.11/site-packages/requests/sessions.py:484: in prepare_request
    p.prepare(
/root/.venv/lib/python3.11/site-packages/requests/models.py:367: in prepare
    self.prepare_url(url, params)
_ _ _ _ _ _ _ _ _ _ _ _ _ _ _ _ _ _ _ _ _ _ _ _ _ _ _ _ _ _ _ _ _ _ _ _ _ _ _ _ 

self = &lt;PreparedRequest [POST]&gt;, url = '/api/auth/login', params = OrderedDict()

    def prepare_url(self, url, params):
        """Prepares the given HTTP URL."""
        #: Accept objects that have string representations.
        #: We're unable to blindly call unicode/str functions
        #: as this will include the bytestring indicator (b'')
        #: on python 3.x.
        #: https://github.com/psf/requests/pull/2238
        if isinstance(url, bytes):
            url = url.decode("utf8")
        else:
            url = str(url)
    
        # Remove leading whitespaces from url
        url = url.lstrip()
    
        # Don't do any URL preparation for non-HTTP schemes like `mailto`,
        # `data` etc to work around exceptions from `url_parse`, which
        # handles RFC 3986 only.
        if ":" in url and not url.lower().startswith("http"):
            self.url = url
            return
    
        # Support for unicode domain names and paths.
        try:
            scheme, auth, host, port, path, query, fragment = parse_url(url)
        except LocationParseError as e:
            raise InvalidURL(*e.args)
    
        if not scheme:
&gt;           raise MissingSchema(
                f"Invalid URL {url!r}: No scheme supplied. "
                f"Perhaps you meant https://{url}?"
            )
E           requests.exceptions.MissingSchema: Invalid URL '/api/auth/login': No scheme supplied. Perhaps you meant https:///api/auth/login?

/root/.venv/lib/python3.11/site-packages/requests/models.py:438: MissingSchema</error></testcase><testcase classname="tests.test_iteration15_new_reports.TestAllReportTypes" name="test_report_type_exists[compliance]" time="0.000"><error message="failed on setup with &quot;requests.exceptions.MissingSchema: Invalid URL '/api/auth/login': No scheme supplied. Perhaps you meant https:///api/auth/login?&quot;">self = &lt;test_iteration15_new_reports.TestAllReportTypes object at 0xfd35c43eb5d0&gt;

    @pytest.fixture(scope="class")
    def auth_cookies(self):
        """Login and get auth cookies"""
&gt;       response = requests.post(f"{BASE_URL}/api/auth/login", json={
            "email": "admin@sensoper.com",
            "password": TEST_ADMIN_PASSWORD
        })

tests/test_iteration15_new_reports.py:187: 
_ _ _ _ _ _ _ _ _ _ _ _ _ _ _ _ _ _ _ _ _ _ _ _ _ _ _ _ _ _ _ _ _ _ _ _ _ _ _ _ 
/root/.venv/lib/python3.11/site-packages/requests/api.py:115: in post
    return request("post", url, data=data, json=json, **kwargs)
           ^^^^^^^^^^^^^^^^^^^^^^^^^^^^^^^^^^^^^^^^^^^^^^^^^^^^
/root/.venv/lib/python3.11/site-packages/requests/api.py:59: in request
    return session.request(method=method, url=url, **kwargs)
           ^^^^^^^^^^^^^^^^^^^^^^^^^^^^^^^^^^^^^^^^^^^^^^^^^
/root/.venv/lib/python3.11/site-packages/requests/sessions.py:575: in request
    prep = self.prepare_request(req)
           ^^^^^^^^^^^^^^^^^^^^^^^^^
/root/.venv/lib/python3.11/site-packages/requests/sessions.py:484: in prepare_request
    p.prepare(
/root/.venv/lib/python3.11/site-packages/requests/models.py:367: in prepare
    self.prepare_url(url, params)
_ _ _ _ _ _ _ _ _ _ _ _ _ _ _ _ _ _ _ _ _ _ _ _ _ _ _ _ _ _ _ _ _ _ _ _ _ _ _ _ 

self = &lt;PreparedRequest [POST]&gt;, url = '/api/auth/login', params = OrderedDict()

    def prepare_url(self, url, params):
        """Prepares the given HTTP URL."""
        #: Accept objects that have string representations.
        #: We're unable to blindly call unicode/str functions
        #: as this will include the bytestring indicator (b'')
        #: on python 3.x.
        #: https://github.com/psf/requests/pull/2238
        if isinstance(url, bytes):
            url = url.decode("utf8")
        else:
            url = str(url)
    
        # Remove leading whitespaces from url
        url = url.lstrip()
    
        # Don't do any URL preparation for non-HTTP schemes like `mailto`,
        # `data` etc to work around exceptions from `url_parse`, which
        # handles RFC 3986 only.
        if ":" in url and not url.lower().startswith("http"):
            self.url = url
            return
    
        # Support for unicode domain names and paths.
        try:
            scheme, auth, host, port, path, query, fragment = parse_url(url)
        except LocationParseError as e:
            raise InvalidURL(*e.args)
    
        if not scheme:
&gt;           raise MissingSchema(
                f"Invalid URL {url!r}: No scheme supplied. "
                f"Perhaps you meant https://{url}?"
            )
E           requests.exceptions.MissingSchema: Invalid URL '/api/auth/login': No scheme supplied. Perhaps you meant https:///api/auth/login?

/root/.venv/lib/python3.11/site-packages/requests/models.py:438: MissingSchema</error></testcase><testcase classname="tests.test_iteration15_new_reports.TestAllReportTypes" name="test_report_type_exists[hr]" time="0.000"><error message="failed on setup with &quot;requests.exceptions.MissingSchema: Invalid URL '/api/auth/login': No scheme supplied. Perhaps you meant https:///api/auth/login?&quot;">self = &lt;test_iteration15_new_reports.TestAllReportTypes object at 0xfd35c43eb5d0&gt;

    @pytest.fixture(scope="class")
    def auth_cookies(self):
        """Login and get auth cookies"""
&gt;       response = requests.post(f"{BASE_URL}/api/auth/login", json={
            "email": "admin@sensoper.com",
            "password": TEST_ADMIN_PASSWORD
        })

tests/test_iteration15_new_reports.py:187: 
_ _ _ _ _ _ _ _ _ _ _ _ _ _ _ _ _ _ _ _ _ _ _ _ _ _ _ _ _ _ _ _ _ _ _ _ _ _ _ _ 
/root/.venv/lib/python3.11/site-packages/requests/api.py:115: in post
    return request("post", url, data=data, json=json, **kwargs)
           ^^^^^^^^^^^^^^^^^^^^^^^^^^^^^^^^^^^^^^^^^^^^^^^^^^^^
/root/.venv/lib/python3.11/site-packages/requests/api.py:59: in request
    return session.request(method=method, url=url, **kwargs)
           ^^^^^^^^^^^^^^^^^^^^^^^^^^^^^^^^^^^^^^^^^^^^^^^^^
/root/.venv/lib/python3.11/site-packages/requests/sessions.py:575: in request
    prep = self.prepare_request(req)
           ^^^^^^^^^^^^^^^^^^^^^^^^^
/root/.venv/lib/python3.11/site-packages/requests/sessions.py:484: in prepare_request
    p.prepare(
/root/.venv/lib/python3.11/site-packages/requests/models.py:367: in prepare
    self.prepare_url(url, params)
_ _ _ _ _ _ _ _ _ _ _ _ _ _ _ _ _ _ _ _ _ _ _ _ _ _ _ _ _ _ _ _ _ _ _ _ _ _ _ _ 

self = &lt;PreparedRequest [POST]&gt;, url = '/api/auth/login', params = OrderedDict()

    def prepare_url(self, url, params):
        """Prepares the given HTTP URL."""
        #: Accept objects that have string representations.
        #: We're unable to blindly call unicode/str functions
        #: as this will include the bytestring indicator (b'')
        #: on python 3.x.
        #: https://github.com/psf/requests/pull/2238
        if isinstance(url, bytes):
            url = url.decode("utf8")
        else:
            url = str(url)
    
        # Remove leading whitespaces from url
        url = url.lstrip()
    
        # Don't do any URL preparation for non-HTTP schemes like `mailto`,
        # `data` etc to work around exceptions from `url_parse`, which
        # handles RFC 3986 only.
        if ":" in url and not url.lower().startswith("http"):
            self.url = url
            return
    
        # Support for unicode domain names and paths.
        try:
            scheme, auth, host, port, path, query, fragment = parse_url(url)
        except LocationParseError as e:
            raise InvalidURL(*e.args)
    
        if not scheme:
&gt;           raise MissingSchema(
                f"Invalid URL {url!r}: No scheme supplied. "
                f"Perhaps you meant https://{url}?"
            )
E           requests.exceptions.MissingSchema: Invalid URL '/api/auth/login': No scheme supplied. Perhaps you meant https:///api/auth/login?

/root/.venv/lib/python3.11/site-packages/requests/models.py:438: MissingSchema</error></testcase><testcase classname="tests.test_iteration15_new_reports.TestAllReportTypes" name="test_report_type_exists[marketing]" time="0.000"><error message="failed on setup with &quot;requests.exceptions.MissingSchema: Invalid URL '/api/auth/login': No scheme supplied. Perhaps you meant https:///api/auth/login?&quot;">self = &lt;test_iteration15_new_reports.TestAllReportTypes object at 0xfd35c43eb5d0&gt;

    @pytest.fixture(scope="class")
    def auth_cookies(self):
        """Login and get auth cookies"""
&gt;       response = requests.post(f"{BASE_URL}/api/auth/login", json={
            "email": "admin@sensoper.com",
            "password": TEST_ADMIN_PASSWORD
        })

tests/test_iteration15_new_reports.py:187: 
_ _ _ _ _ _ _ _ _ _ _ _ _ _ _ _ _ _ _ _ _ _ _ _ _ _ _ _ _ _ _ _ _ _ _ _ _ _ _ _ 
/root/.venv/lib/python3.11/site-packages/requests/api.py:115: in post
    return request("post", url, data=data, json=json, **kwargs)
           ^^^^^^^^^^^^^^^^^^^^^^^^^^^^^^^^^^^^^^^^^^^^^^^^^^^^
/root/.venv/lib/python3.11/site-packages/requests/api.py:59: in request
    return session.request(method=method, url=url, **kwargs)
           ^^^^^^^^^^^^^^^^^^^^^^^^^^^^^^^^^^^^^^^^^^^^^^^^^
/root/.venv/lib/python3.11/site-packages/requests/sessions.py:575: in request
    prep = self.prepare_request(req)
           ^^^^^^^^^^^^^^^^^^^^^^^^^
/root/.venv/lib/python3.11/site-packages/requests/sessions.py:484: in prepare_request
    p.prepare(
/root/.venv/lib/python3.11/site-packages/requests/models.py:367: in prepare
    self.prepare_url(url, params)
_ _ _ _ _ _ _ _ _ _ _ _ _ _ _ _ _ _ _ _ _ _ _ _ _ _ _ _ _ _ _ _ _ _ _ _ _ _ _ _ 

self = &lt;PreparedRequest [POST]&gt;, url = '/api/auth/login', params = OrderedDict()

    def prepare_url(self, url, params):
        """Prepares the given HTTP URL."""
        #: Accept objects that have string representations.
        #: We're unable to blindly call unicode/str functions
        #: as this will include the bytestring indicator (b'')
        #: on python 3.x.
        #: https://github.com/psf/requests/pull/2238
        if isinstance(url, bytes):
            url = url.decode("utf8")
        else:
            url = str(url)
    
        # Remove leading whitespaces from url
        url = url.lstrip()
    
        # Don't do any URL preparation for non-HTTP schemes like `mailto`,
        # `data` etc to work around exceptions from `url_parse`, which
        # handles RFC 3986 only.
        if ":" in url and not url.lower().startswith("http"):
            self.url = url
            return
    
        # Support for unicode domain names and paths.
        try:
            scheme, auth, host, port, path, query, fragment = parse_url(url)
        except LocationParseError as e:
            raise InvalidURL(*e.args)
    
        if not scheme:
&gt;           raise MissingSchema(
                f"Invalid URL {url!r}: No scheme supplied. "
                f"Perhaps you meant https://{url}?"
            )
E           requests.exceptions.MissingSchema: Invalid URL '/api/auth/login': No scheme supplied. Perhaps you meant https:///api/auth/login?

[...]
_ _ _ _ _ _ _ _ _ _ _ _ _ _ _ _ _ _ _ _ _ _ _ _ _ _ _ _ _ _ _ _ _ _ _ _ _ _ _ _ 

self = &lt;PreparedRequest [POST]&gt;, url = '/api/auth/login', params = OrderedDict()

    def prepare_url(self, url, params):
        """Prepares the given HTTP URL."""
        #: Accept objects that have string representations.
        #: We're unable to blindly call unicode/str functions
        #: as this will include the bytestring indicator (b'')
        #: on python 3.x.
        #: https://github.com/psf/requests/pull/2238
        if isinstance(url, bytes):
            url = url.decode("utf8")
        else:
            url = str(url)
    
        # Remove leading whitespaces from url
        url = url.lstrip()
    
        # Don't do any URL preparation for non-HTTP schemes like `mailto`,
        # `data` etc to work around exceptions from `url_parse`, which
        # handles RFC 3986 only.
        if ":" in url and not url.lower().startswith("http"):
            self.url = url
            return
    
        # Support for unicode domain names and paths.
        try:
            scheme, auth, host, port, path, query, fragment = parse_url(url)
        except LocationParseError as e:
            raise InvalidURL(*e.args)
    
        if not scheme:
&gt;           raise MissingSchema(
                f"Invalid URL {url!r}: No scheme supplied. "
                f"Perhaps you meant https://{url}?"
            )
E           requests.exceptions.MissingSchema: Invalid URL '/api/auth/login': No scheme supplied. Perhaps you meant https:///api/auth/login?

/root/.venv/lib/python3.11/site-packages/requests/models.py:438: MissingSchema</error></testcase><testcase classname="tests.test_iteration18_operational_modules.TestWeeklyAudits" name="test_audit_status_filter" time="0.000"><error message="failed on setup with &quot;requests.exceptions.MissingSchema: Invalid URL '/api/auth/login': No scheme supplied. Perhaps you meant https:///api/auth/login?&quot;">self = &lt;test_iteration18_operational_modules.TestWeeklyAudits object at 0xfd35c55deb10&gt;

    @pytest.fixture(scope="class")
    def auth_session(self):
        session = requests.Session()
&gt;       response = session.post(f"{BASE_URL}/api/auth/login", json={
            "email": "admin@sensoper.com",
            "password": TEST_ADMIN_PASSWORD
        })

tests/test_iteration18_operational_modules.py:549: 
_ _ _ _ _ _ _ _ _ _ _ _ _ _ _ _ _ _ _ _ _ _ _ _ _ _ _ _ _ _ _ _ _ _ _ _ _ _ _ _ 
/root/.venv/lib/python3.11/site-packages/requests/sessions.py:637: in post
    return self.request("POST", url, data=data, json=json, **kwargs)
           ^^^^^^^^^^^^^^^^^^^^^^^^^^^^^^^^^^^^^^^^^^^^^^^^^^^^^^^^^
/root/.venv/lib/python3.11/site-packages/requests/sessions.py:575: in request
    prep = self.prepare_request(req)
           ^^^^^^^^^^^^^^^^^^^^^^^^^
/root/.venv/lib/python3.11/site-packages/requests/sessions.py:484: in prepare_request
    p.prepare(
/root/.venv/lib/python3.11/site-packages/requests/models.py:367: in prepare
    self.prepare_url(url, params)
_ _ _ _ _ _ _ _ _ _ _ _ _ _ _ _ _ _ _ _ _ _ _ _ _ _ _ _ _ _ _ _ _ _ _ _ _ _ _ _ 

self = &lt;PreparedRequest [POST]&gt;, url = '/api/auth/login', params = OrderedDict()

    def prepare_url(self, url, params):
        """Prepares the given HTTP URL."""
        #: Accept objects that have string representations.
        #: We're unable to blindly call unicode/str functions
        #: as this will include the bytestring indicator (b'')
        #: on python 3.x.
        #: https://github.com/psf/requests/pull/2238
        if isinstance(url, bytes):
            url = url.decode("utf8")
        else:
            url = str(url)
    
        # Remove leading whitespaces from url
        url = url.lstrip()
    
        # Don't do any URL preparation for non-HTTP schemes like `mailto`,
        # `data` etc to work around exceptions from `url_parse`, which
        # handles RFC 3986 only.
        if ":" in url and not url.lower().startswith("http"):
            self.url = url
            return
    
        # Support for unicode domain names and paths.
        try:
            scheme, auth, host, port, path, query, fragment = parse_url(url)
        except LocationParseError as e:
            raise InvalidURL(*e.args)
    
        if not scheme:
&gt;           raise MissingSchema(
                f"Invalid URL {url!r}: No scheme supplied. "
                f"Perhaps you meant https://{url}?"
            )
E           requests.exceptions.MissingSchema: Invalid URL '/api/auth/login': No scheme supplied. Perhaps you meant https:///api/auth/login?

/root/.venv/lib/python3.11/site-packages/requests/models.py:438: MissingSchema</error></testcase><testcase classname="tests.test_iteration18_operational_modules.TestSidebarNavLinks" name="test_credits_endpoint_accessible" time="0.000"><error message="failed on setup with &quot;requests.exceptions.MissingSchema: Invalid URL '/api/auth/login': No scheme supplied. Perhaps you meant https:///api/auth/login?&quot;">self = &lt;test_iteration18_operational_modules.TestSidebarNavLinks object at 0xfd35c42494d0&gt;

    @pytest.fixture(scope="class")
    def auth_session(self):
        session = requests.Session()
&gt;       response = session.post(f"{BASE_URL}/api/auth/login", json={
            "email": "admin@sensoper.com",
            "password": TEST_ADMIN_PASSWORD
        })

tests/test_iteration18_operational_modules.py:695: 
_ _ _ _ _ _ _ _ _ _ _ _ _ _ _ _ _ _ _ _ _ _ _ _ _ _ _ _ _ _ _ _ _ _ _ _ _ _ _ _ 
/root/.venv/lib/python3.11/site-packages/requests/sessions.py:637: in post
    return self.request("POST", url, data=data, json=json, **kwargs)
           ^^^^^^^^^^^^^^^^^^^^^^^^^^^^^^^^^^^^^^^^^^^^^^^^^^^^^^^^^
/root/.venv/lib/python3.11/site-packages/requests/sessions.py:575: in request
    prep = self.prepare_request(req)
           ^^^^^^^^^^^^^^^^^^^^^^^^^
/root/.venv/lib/python3.11/site-packages/requests/sessions.py:484: in prepare_request
    p.prepare(
/root/.venv/lib/python3.11/site-packages/requests/models.py:367: in prepare
    self.prepare_url(url, params)
_ _ _ _ _ _ _ _ _ _ _ _ _ _ _ _ _ _ _ _ _ _ _ _ _ _ _ _ _ _ _ _ _ _ _ _ _ _ _ _ 

self = &lt;PreparedRequest [POST]&gt;, url = '/api/auth/login', params = OrderedDict()

    def prepare_url(self, url, params):
        """Prepares the given HTTP URL."""
        #: Accept objects that have string representations.
        #: We're unable to blindly call unicode/str functions
        #: as this will include the bytestring indicator (b'')
        #: on python 3.x.
        #: https://github.com/psf/requests/pull/2238
        if isinstance(url, bytes):
            url = url.decode("utf8")
        else:
            url = str(url)
    
        # Remove leading whitespaces from url
        url = url.lstrip()
    
        # Don't do any URL preparation for non-HTTP schemes like `mailto`,
        # `data` etc to work around exceptions from `url_parse`, which
        # handles RFC 3986 only.
        if ":" in url and not url.lower().startswith("http"):
            self.url = url
            return
    
        # Support for unicode domain names and paths.
        try:
            scheme, auth, host, port, path, query, fragment = parse_url(url)
        except LocationParseError as e:
            raise InvalidURL(*e.args)
    
        if not scheme:
&gt;           raise MissingSchema(
                f"Invalid URL {url!r}: No scheme supplied. "
                f"Perhaps you meant https://{url}?"
            )
E           requests.exceptions.MissingSchema: Invalid URL '/api/auth/login': No scheme supplied. Perhaps you meant https:///api/auth/login?

/root/.venv/lib/python3.11/site-packages/requests/models.py:438: MissingSchema</error></testcase><testcase classname="tests.test_iteration18_operational_modules.TestSidebarNavLinks" name="test_purchase_orders_endpoint_accessible" time="0.000"><error message="failed on setup with &quot;requests.exceptions.MissingSchema: Invalid URL '/api/auth/login': No scheme supplied. Perhaps you meant https:///api/auth/login?&quot;">self = &lt;test_iteration18_operational_modules.TestSidebarNavLinks object at 0xfd35c42494d0&gt;

    @pytest.fixture(scope="class")
    def auth_session(self):
        session = requests.Session()
&gt;       response = session.post(f"{BASE_URL}/api/auth/login", json={
            "email": "admin@sensoper.com",
            "password": TEST_ADMIN_PASSWORD
        })

tests/test_iteration18_operational_modules.py:695: 
_ _ _ _ _ _ _ _ _ _ _ _ _ _ _ _ _ _ _ _ _ _ _ _ _ _ _ _ _ _ _ _ _ _ _ _ _ _ _ _ 
/root/.venv/lib/python3.11/site-packages/requests/sessions.py:637: in post
    return self.request("POST", url, data=data, json=json, **kwargs)
           ^^^^^^^^^^^^^^^^^^^^^^^^^^^^^^^^^^^^^^^^^^^^^^^^^^^^^^^^^
/root/.venv/lib/python3.11/site-packages/requests/sessions.py:575: in request
    prep = self.prepare_request(req)
           ^^^^^^^^^^^^^^^^^^^^^^^^^
/root/.venv/lib/python3.11/site-packages/requests/sessions.py:484: in prepare_request
    p.prepare(
/root/.venv/lib/python3.11/site-packages/requests/models.py:367: in prepare
    self.prepare_url(url, params)
_ _ _ _ _ _ _ _ _ _ _ _ _ _ _ _ _ _ _ _ _ _ _ _ _ _ _ _ _ _ _ _ _ _ _ _ _ _ _ _ 

self = &lt;PreparedRequest [POST]&gt;, url = '/api/auth/login', params = OrderedDict()

    def prepare_url(self, url, params):
        """Prepares the given HTTP URL."""
        #: Accept objects that have string representations.
        #: We're unable to blindly call unicode/str functions
        #: as this will include the bytestring indicator (b'')
        #: on python 3.x.
        #: https://github.com/psf/requests/pull/2238
        if isinstance(url, bytes):
            url = url.decode("utf8")
        else:
            url = str(url)
    
        # Remove leading whitespaces from url
        url = url.lstrip()
    
        # Don't do any URL preparation for non-HTTP schemes like `mailto`,
        # `data` etc to work around exceptions from `url_parse`, which
        # handles RFC 3986 only.
        if ":" in url and not url.lower().startswith("http"):
            self.url = url
            return
    
        # Support for unicode domain names and paths.
        try:
            scheme, auth, host, port, path, query, fragment = parse_url(url)
        except LocationParseError as e:
            raise InvalidURL(*e.args)
    
        if not scheme:
&gt;           raise MissingSchema(
                f"Invalid URL {url!r}: No scheme supplied. "
                f"Perhaps you meant https://{url}?"
            )
E           requests.exceptions.MissingSchema: Invalid URL '/api/auth/login': No scheme supplied. Perhaps you meant https:///api/auth/login?

/root/.venv/lib/python3.11/site-packages/requests/models.py:438: MissingSchema</error></testcase><testcase classname="tests.test_iteration18_operational_modules.TestSidebarNavLinks" name="test_deliveries_endpoint_accessible" time="0.000"><error message="failed on setup with &quot;requests.exceptions.MissingSchema: Invalid URL '/api/auth/login': No scheme supplied. Perhaps you meant https:///api/auth/login?&quot;">self = &lt;test_iteration18_operational_modules.TestSidebarNavLinks object at 0xfd35c42494d0&gt;

    @pytest.fixture(scope="class")
    def auth_session(self):
        session = requests.Session()
&gt;       response = session.post(f"{BASE_URL}/api/auth/login", json={
            "email": "admin@sensoper.com",
            "password": TEST_ADMIN_PASSWORD
        })

tests/test_iteration18_operational_modules.py:695: 
_ _ _ _ _ _ _ _ _ _ _ _ _ _ _ _ _ _ _ _ _ _ _ _ _ _ _ _ _ _ _ _ _ _ _ _ _ _ _ _ 
/root/.venv/lib/python3.11/site-packages/requests/sessions.py:637: in post
    return self.request("POST", url, data=data, json=json, **kwargs)
           ^^^^^^^^^^^^^^^^^^^^^^^^^^^^^^^^^^^^^^^^^^^^^^^^^^^^^^^^^
/root/.venv/lib/python3.11/site-packages/requests/sessions.py:575: in request
    prep = self.prepare_request(req)
           ^^^^^^^^^^^^^^^^^^^^^^^^^
/root/.venv/lib/python3.11/site-packages/requests/sessions.py:484: in prepare_request
    p.prepare(
/root/.venv/lib/python3.11/site-packages/requests/models.py:367: in prepare
    self.prepare_url(url, params)
_ _ _ _ _ _ _ _ _ _ _ _ _ _ _ _ _ _ _ _ _ _ _ _ _ _ _ _ _ _ _ _ _ _ _ _ _ _ _ _ 

self = &lt;PreparedRequest [POST]&gt;, url = '/api/auth/login', params = OrderedDict()

    def prepare_url(self, url, params):
        """Prepares the given HTTP URL."""
        #: Accept objects that have string representations.
        #: We're unable to blindly call unicode/str functions
        #: as this will include the bytestring indicator (b'')
        #: on python 3.x.
        #: https://github.com/psf/requests/pull/2238
        if isinstance(url, bytes):
            url = url.decode("utf8")
        else:
            url = str(url)
    
        # Remove leading whitespaces from url
        url = url.lstrip()
    
        # Don't do any URL preparation for non-HTTP schemes like `mailto`,
        # `data` etc to work around exceptions from `url_parse`, which
        # handles RFC 3986 only.
        if ":" in url and not url.lower().startswith("http"):
            self.url = url
            return
    
        # Support for unicode domain names and paths.
        try:
            scheme, auth, host, port, path, query, fragment = parse_url(url)
        except LocationParseError as e:
            raise InvalidURL(*e.args)
    
        if not scheme:
&gt;           raise MissingSchema(
                f"Invalid URL {url!r}: No scheme supplied. "
                f"Perhaps you meant https://{url}?"
            )
E           requests.exceptions.MissingSchema: Invalid URL '/api/auth/login': No scheme supplied. Perhaps you meant https:///api/auth/login?

/root/.venv/lib/python3.11/site-packages/requests/models.py:438: MissingSchema</error></testcase><testcase classname="tests.test_iteration18_operational_modules.TestSidebarNavLinks" name="test_returns_endpoint_accessible" time="0.000"><error message="failed on setup with &quot;requests.exceptions.MissingSchema: Invalid URL '/api/auth/login': No scheme supplied. Perhaps you meant https:///api/auth/login?&quot;">self = &lt;test_iteration18_operational_modules.TestSidebarNavLinks object at 0xfd35c42494d0&gt;

    @pytest.fixture(scope="class")
    def auth_session(self):
        session = requests.Session()
&gt;       response = session.post(f"{BASE_URL}/api/auth/login", json={
            "email": "admin@sensoper.com",
            "password": TEST_ADMIN_PASSWORD
        })

tests/test_iteration18_operational_modules.py:695: 
_ _ _ _ _ _ _ _ _ _ _ _ _ _ _ _ _ _ _ _ _ _ _ _ _ _ _ _ _ _ _ _ _ _ _ _ _ _ _ _ 
/root/.venv/lib/python3.11/site-packages/requests/sessions.py:637: in post
    return self.request("POST", url, data=data, json=json, **kwargs)
           ^^^^^^^^^^^^^^^^^^^^^^^^^^^^^^^^^^^^^^^^^^^^^^^^^^^^^^^^^
/root/.venv/lib/python3.11/site-packages/requests/sessions.py:575: in request
    prep = self.prepare_request(req)
           ^^^^^^^^^^^^^^^^^^^^^^^^^
/root/.venv/lib/python3.11/site-packages/requests/sessions.py:484: in prepare_request
    p.prepare(
/root/.venv/lib/python3.11/site-packages/requests/models.py:367: in prepare
    self.prepare_url(url, params)
_ _ _ _ _ _ _ _ _ _ _ _ _ _ _ _ _ _ _ _ _ _ _ _ _ _ _ _ _ _ _ _ _ _ _ _ _ _ _ _ 

self = &lt;PreparedRequest [POST]&gt;, url = '/api/auth/login', params = OrderedDict()

    def prepare_url(self, url, params):
        """Prepares the given HTTP URL."""
        #: Accept objects that have string representations.
        #: We're unable to blindly call unicode/str functions
        #: as this will include the bytestring indicator (b'')
        #: on python 3.x.
        #: https://github.com/psf/requests/pull/2238
        if isinstance(url, bytes):
            url = url.decode("utf8")
        else:
            url = str(url)
    
        # Remove leading whitespaces from url
        url = url.lstrip()
    
        # Don't do any URL preparation for non-HTTP schemes like `mailto`,
        # `data` etc to work around exceptions from `url_parse`, which
        # handles RFC 3986 only.
        if ":" in url and not url.lower().startswith("http"):
            self.url = url
            return
    
        # Support for unicode domain names and paths.
        try:
            scheme, auth, host, port, path, query, fragment = parse_url(url)
        except LocationParseError as e:
            raise InvalidURL(*e.args)
    
        if not scheme:
&gt;           raise MissingSchema(
                f"Invalid URL {url!r}: No scheme supplied. "
                f"Perhaps you meant https://{url}?"
            )
E           requests.exceptions.MissingSchema: Invalid URL '/api/auth/login': No scheme supplied. Perhaps you meant https:///api/auth/login?

/root/.venv/lib/python3.11/site-packages/requests/models.py:438: MissingSchema</error></testcase><testcase classname="tests.test_iteration18_operational_modules.TestSidebarNavLinks" name="test_audits_endpoint_accessible" time="0.002"><error message="failed on setup with &quot;requests.exceptions.MissingSchema: Invalid URL '/api/auth/login': No scheme supplied. Perhaps you meant https:///api/auth/login?&quot;">self = &lt;test_iteration18_operational_modules.TestSidebarNavLinks object at 0xfd35c42494d0&gt;

    @pytest.fixture(scope="class")
    def auth_session(self):
        session = requests.Session()
&gt;       response = session.post(f"{BASE_URL}/api/auth/login", json={
            "email": "admin@sensoper.com",
            "password": TEST_ADMIN_PASSWORD
        })

tests/test_iteration18_operational_modules.py:695: 
_ _ _ _ _ _ _ _ _ _ _ _ _ _ _ _ _ _ _ _ _ _ _ _ _ _ _ _ _ _ _ _ _ _ _ _ _ _ _ _ 
/root/.venv/lib/python3.11/site-packages/requests/sessions.py:637: in post
    return self.request("POST", url, data=data, json=json, **kwargs)
           ^^^^^^^^^^^^^^^^^^^^^^^^^^^^^^^^^^^^^^^^^^^^^^^^^^^^^^^^^
/root/.venv/lib/python3.11/site-packages/requests/sessions.py:575: in request
    prep = self.prepare_request(req)
           ^^^^^^^^^^^^^^^^^^^^^^^^^
/root/.venv/lib/python3.11/site-packages/requests/sessions.py:484: in prepare_request
    p.prepare(
/root/.venv/lib/python3.11/site-packages/requests/models.py:367: in prepare
    self.prepare_url(url, params)
_ _ _ _ _ _ _ _ _ _ _ _ _ _ _ _ _ _ _ _ _ _ _ _ _ _ _ _ _ _ _ _ _ _ _ _ _ _ _ _ 

self = &lt;PreparedRequest [POST]&gt;, url = '/api/auth/login', params = OrderedDict()

    def prepare_url(self, url, params):
        """Prepares the given HTTP URL."""
        #: Accept objects that have string representations.
        #: We're unable to blindly call unicode/str functions
        #: as this will include the bytestring indicator (b'')
        #: on python 3.x.
        #: https://github.com/psf/requests/pull/2238
        if isinstance(url, bytes):
            url = url.decode("utf8")
        else:
            url = str(url)
    
        # Remove leading whitespaces from url
        url = url.lstrip()
    
        # Don't do any URL preparation for non-HTTP schemes like `mailto`,
        # `data` etc to work around exceptions from `url_parse`, which
        # handles RFC 3986 only.
        if ":" in url and not url.lower().startswith("http"):
            self.url = url
            return
    
        # Support for unicode domain names and paths.
        try:
            scheme, auth, host, port, path, query, fragment = parse_url(url)
        except LocationParseError as e:
            raise InvalidURL(*e.args)
    
        if not scheme:
&gt;           raise MissingSchema(
                f"Invalid URL {url!r}: No scheme supplied. "
                f"Perhaps you meant https://{url}?"
            )
E           requests.exceptions.MissingSchema: Invalid URL '/api/auth/login': No scheme supplied. Perhaps you meant https:///api/auth/login?

/root/.venv/lib/python3.11/site-packages/requests/models.py:438: MissingSchema</error></testcase></testsuite></testsuites>