<?xml version="1.0" encoding="utf-8"?><testsuites name="pytest tests"><testsuite name="pytest" errors="0" failures="0" skipped="0" tests="8" time="3.829" timestamp="2026-04-11T15:36:47.916505+00:00" hostname="agent-env-750e74f7-fe8f-41c5-8b3d-8678a6c32146"><testcase classname="backend.tests.test_iteration12_system_tabs.TestSystemTabs" name="test_01_get_form_tabs_returns_all_tabs_with_system_flag" time="0.561" /><testcase classname="backend.tests.test_iteration12_system_tabs.TestSystemTabs" name="test_02_tabs_ordered_correctly" time="0.375" /><testcase classname="backend.tests.test_iteration12_system_tabs.TestSystemTabs" name="test_03_system_tab_update_returns_403" time="0.418" /><testcase classname="backend.tests.test_iteration12_system_tabs.TestSystemTabs" name="test_04_system_tab_delete_returns_403" time="0.475" /><testcase classname="backend.tests.test_iteration12_system_tabs.TestSystemTabs" name="test_05_reorder_tabs_with_system_and_custom" time="0.521" /><testcase classname="backend.tests.test_iteration12_system_tabs.TestSystemTabs" name="test_06_create_new_tab_inserts_before_site_docs" time="0.487" /><testcase classname="backend.tests.test_iteration12_system_tabs.TestSystemTabs" name="test_07_custom_tab_can_be_edited" time="0.509" /><testcase classname="backend.tests.test_iteration12_system_tabs.TestSystemTabs" name="test_08_all_system_tabs_have_correct_properties" time="0.398" /></testsuite></testsuites>