<?xml version="1.0" encoding="utf-8"?><testsuites name="pytest tests"><testsuite name="pytest" errors="0" failures="0" skipped="0" tests="23" time="4.668" timestamp="2026-04-10T19:56:51.493325+00:00" hostname="agent-env-7126ba36-acad-4941-aa1b-53176fbc7370"><testcase classname="backend.tests.test_iteration8_approvals_permissions.TestAuth" name="test_admin_login" time="0.531" /><testcase classname="backend.tests.test_iteration8_approvals_permissions.TestPermissionsAPI" name="test_get_all_permissions" time="0.422" /><testcase classname="backend.tests.test_iteration8_approvals_permissions.TestPermissionsAPI" name="test_get_single_role_permissions" time="0.049" /><testcase classname="backend.tests.test_iteration8_approvals_permissions.TestPermissionsAPI" name="test_update_manager_permissions" time="0.202" /><testcase classname="backend.tests.test_iteration8_approvals_permissions.TestPermissionsAPI" name="test_update_staff_permissions" time="0.149" /><testcase classname="backend.tests.test_iteration8_approvals_permissions.TestPermissionsAPI" name="test_update_invalid_role_permissions" time="0.048" /><testcase classname="backend.tests.test_iteration8_approvals_permissions.TestApprovalsAPI" name="test_create_approval_deletion" time="0.397" /><testcase classname="backend.tests.test_iteration8_approvals_permissions.TestApprovalsAPI" name="test_create_approval_margin_change" time="0.056" /><testcase classname="backend.tests.test_iteration8_approvals_permissions.TestApprovalsAPI" name="test_create_approval_quotation" time="0.058" /><testcase classname="backend.tests.test_iteration8_approvals_permissions.TestApprovalsAPI" name="test_create_approval_inventory_edit" time="0.054" /><testcase classname="backend.tests.test_iteration8_approvals_permissions.TestApprovalsAPI" name="test_create_approval_user_access" time="0.055" /><testcase classname="backend.tests.test_iteration8_approvals_permissions.TestApprovalsAPI" name="test_create_approval_invalid_type" time="0.057" /><testcase classname="backend.tests.test_iteration8_approvals_permissions.TestApprovalsAPI" name="test_get_all_approvals" time="0.061" /><testcase classname="backend.tests.test_iteration8_approvals_permissions.TestApprovalsAPI" name="test_get_approvals_filter_by_status" time="0.062" /><testcase classname="backend.tests.test_iteration8_approvals_permissions.TestApprovalsAPI" name="test_get_approvals_filter_by_type" time="0.055" /><testcase classname="backend.tests.test_iteration8_approvals_permissions.TestApprovalsAPI" name="test_get_pending_count" time="0.057" /><testcase classname="backend.tests.test_iteration8_approvals_permissions.TestApprovalsAPI" name="test_approve_request" time="0.166" /><testcase classname="backend.tests.test_iteration8_approvals_permissions.TestApprovalsAPI" name="test_reject_request" time="0.170" /><testcase classname="backend.tests.test_iteration8_approvals_permissions.TestApprovalsAPI" name="test_approve_already_resolved" time="0.163" /><testcase classname="backend.tests.test_iteration8_approvals_permissions.TestApprovalsAPI" name="test_reject_already_resolved" time="0.167" /><testcase classname="backend.tests.test_iteration8_approvals_permissions.TestDashboardStats" name="test_dashboard_stats_includes_pending_approvals" time="0.448" /><testcase classname="backend.tests.test_iteration8_approvals_permissions.TestApprovalWorkflow" name="test_full_approval_workflow" time="0.543" /><testcase classname="backend.tests.test_iteration8_approvals_permissions.TestApprovalWorkflow" name="test_full_rejection_workflow" time="0.586" /></testsuite></testsuites>