<?xml version="1.0" encoding="utf-8"?><testsuites name="pytest tests"><testsuite name="pytest" errors="0" failures="0" skipped="0" tests="24" time="9.547" timestamp="2026-05-02T17:31:07.681585+00:00" hostname="agent-env-750e74f7-fe8f-41c5-8b3d-8678a6c32146"><testcase classname="backend.tests.test_iteration14_ceo_reports.TestCeoDashboard" name="test_ceo_dashboard_returns_200" time="0.632" /><testcase classname="backend.tests.test_iteration14_ceo_reports.TestCeoDashboard" name="test_ceo_dashboard_kpis_structure" time="0.434" /><testcase classname="backend.tests.test_iteration14_ceo_reports.TestCeoDashboard" name="test_ceo_dashboard_status_distribution" time="0.405" /><testcase classname="backend.tests.test_iteration14_ceo_reports.TestCeoDashboard" name="test_ceo_dashboard_revenue_trend" time="0.407" /><testcase classname="backend.tests.test_iteration14_ceo_reports.TestCeoDashboard" name="test_ceo_dashboard_sales_funnel" time="0.384" /><testcase classname="backend.tests.test_iteration14_ceo_reports.TestCeoDashboard" name="test_ceo_dashboard_top_staff" time="0.390" /><testcase classname="backend.tests.test_iteration14_ceo_reports.TestReportsEngine" name="test_sales_report" time="0.389" /><testcase classname="backend.tests.test_iteration14_ceo_reports.TestReportsEngine" name="test_profit_report" time="0.379" /><testcase classname="backend.tests.test_iteration14_ceo_reports.TestReportsEngine" name="test_execution_report" time="0.391" /><testcase classname="backend.tests.test_iteration14_ceo_reports.TestReportsEngine" name="test_inventory_report" time="0.375" /><testcase classname="backend.tests.test_iteration14_ceo_reports.TestReportsEngine" name="test_technical_report" time="0.414" /><testcase classname="backend.tests.test_iteration14_ceo_reports.TestReportsEngine" name="test_compliance_report" time="0.369" /><testcase classname="backend.tests.test_iteration14_ceo_reports.TestReportsEngine" name="test_hr_report" time="0.371" /><testcase classname="backend.tests.test_iteration14_ceo_reports.TestReportsEngine" name="test_customer_report" time="0.409" /><testcase classname="backend.tests.test_iteration14_ceo_reports.TestReportsEngine" name="test_marketing_report" time="0.402" /><testcase classname="backend.tests.test_iteration14_ceo_reports.TestReportsEngine" name="test_om_report" time="0.390" /><testcase classname="backend.tests.test_iteration14_ceo_reports.TestReportsFilters" name="test_date_from_filter" time="0.380" /><testcase classname="backend.tests.test_iteration14_ceo_reports.TestReportsFilters" name="test_date_to_filter" time="0.709" /><testcase classname="backend.tests.test_iteration14_ceo_reports.TestReportsFilters" name="test_system_type_filter" time="0.389" /><testcase classname="backend.tests.test_iteration14_ceo_reports.TestReportsFilters" name="test_status_filter" time="0.404" /><testcase classname="backend.tests.test_iteration14_ceo_reports.TestReportsFilters" name="test_combined_filters" time="0.402" /><testcase classname="backend.tests.test_iteration14_ceo_reports.TestReportsFilters" name="test_unknown_report_type_returns_404" time="0.382" /><testcase classname="backend.tests.test_iteration14_ceo_reports.TestAccessControl" name="test_ceo_dashboard_requires_auth" time="0.104" /><testcase classname="backend.tests.test_iteration14_ceo_reports.TestAccessControl" name="test_reports_require_auth" time="0.138" /></testsuite></testsuites>