<?xml version="1.0" encoding="utf-8"?><testsuites name="pytest tests"><testsuite name="pytest" errors="0" failures="1" skipped="0" tests="19" time="6.061" timestamp="2026-04-10T19:37:50.182976+00:00" hostname="agent-env-7126ba36-acad-4941-aa1b-53176fbc7370"><testcase classname="backend.tests.test_iteration7_features.TestAuth" name="test_admin_login" time="0.359" /><testcase classname="backend.tests.test_iteration7_features.TestReferenceNumberEndpoint" name="test_update_reference_number_success" time="0.508" /><testcase classname="backend.tests.test_iteration7_features.TestReferenceNumberEndpoint" name="test_update_reference_number_empty_fails" time="0.048" /><testcase classname="backend.tests.test_iteration7_features.TestReferenceNumberEndpoint" name="test_update_reference_number_whitespace_fails" time="0.090" /><testcase classname="backend.tests.test_iteration7_features.TestStatusEndpoint" name="test_update_status_to_submitted" time="0.486" /><testcase classname="backend.tests.test_iteration7_features.TestStatusEndpoint" name="test_update_status_to_approved" time="0.049" /><testcase classname="backend.tests.test_iteration7_features.TestStatusEndpoint" name="test_update_status_invalid_fails" time="0.048" /><testcase classname="backend.tests.test_iteration7_features.TestStatusEndpoint" name="test_update_status_all_valid_statuses" time="0.324" /><testcase classname="backend.tests.test_iteration7_features.TestGalleryEndpoint" name="test_gallery_returns_html" time="0.519"><failure message="KeyError: 'customer'">backend/tests/test_iteration7_features.py:231: in test_gallery_returns_html
    assert test_project["customer"]["name"] in response.text
           ^^^^^^^^^^^^^^^^^^^^^^^^
E   KeyError: 'customer'</failure></testcase><testcase classname="backend.tests.test_iteration7_features.TestGalleryEndpoint" name="test_gallery_contains_site_images" time="0.125" /><testcase classname="backend.tests.test_iteration7_features.TestGalleryEndpoint" name="test_gallery_invalid_project_404" time="0.160" /><testcase classname="backend.tests.test_iteration7_features.TestCompleteEndpointWithFeedback" name="test_complete_without_media_fails" time="0.661" /><testcase classname="backend.tests.test_iteration7_features.TestCompleteEndpointWithFeedback" name="test_complete_with_media_and_feedback" time="0.324" /><testcase classname="backend.tests.test_iteration7_features.TestProjectEditing" name="test_edit_draft_project" time="0.558" /><testcase classname="backend.tests.test_iteration7_features.TestProjectEditing" name="test_edit_approved_project_reverts_to_submitted" time="0.410" /><testcase classname="backend.tests.test_iteration7_features.TestTypeableDropdowns" name="test_create_project_with_custom_service_type" time="0.516" /><testcase classname="backend.tests.test_iteration7_features.TestTypeableDropdowns" name="test_create_project_with_custom_system_type" time="0.144" /><testcase classname="backend.tests.test_iteration7_features.TestTypeableDropdowns" name="test_create_project_with_custom_complexity" time="0.153" /><testcase classname="backend.tests.test_iteration7_features.TestExistingProjectReference" name="test_existing_project_gallery" time="0.459" /></testsuite></testsuites>