<?xml version="1.0" encoding="utf-8"?><testsuites name="pytest tests"><testsuite name="pytest" errors="0" failures="0" skipped="0" tests="10" time="10.522" timestamp="2026-05-21T16:30:14.475344+00:00" hostname="agent-env-86a396a4-eee6-43cf-95a4-609aa1e6ecd9"><testcase classname="backend.tests.test_iteration27_project_solar_report.TestProjectWithSolarReport" name="test_create_project_without_solar_report" time="2.028" /><testcase classname="backend.tests.test_iteration27_project_solar_report.TestProjectWithSolarReport" name="test_create_project_with_solar_report_dict" time="0.147" /><testcase classname="backend.tests.test_iteration27_project_solar_report.TestProjectWithSolarReport" name="test_put_project_updates_solar_report" time="0.624" /><testcase classname="backend.tests.test_iteration27_project_solar_report.TestProjectWithSolarReport" name="test_put_project_solar_report_null_does_not_clear" time="1.048" /><testcase classname="backend.tests.test_iteration27_project_solar_report.TestRegressionIter26" name="test_tneb_fetch_manual_fallback" time="4.045" /><testcase classname="backend.tests.test_iteration27_project_solar_report.TestRegressionIter26" name="test_irradiation_endpoint" time="0.990" /><testcase classname="backend.tests.test_iteration27_project_solar_report.TestRegressionIter26" name="test_sizing_residential" time="0.070" /><testcase classname="backend.tests.test_iteration27_project_solar_report.TestRegressionIter26" name="test_merge_pdf_route_exists" time="0.927" /><testcase classname="backend.tests.test_iteration27_project_solar_report.TestRegressionIter25" name="test_auth_me" time="0.062" /><testcase classname="backend.tests.test_iteration27_project_solar_report.TestRegressionIter25" name="test_accounts_list" time="0.502" /></testsuite></testsuites>