<?xml version="1.0" encoding="utf-8"?><testsuites name="pytest tests"><testsuite name="pytest" errors="0" failures="0" skipped="1" tests="15" time="3.405" timestamp="2026-09-07T18:37:54.696748+00:00" hostname="agent-env-86a396a4-eee6-43cf-95a4-609aa1e6ecd9"><testcase classname="backend.tests.test_iter51_pricelist.TestPricelistView" name="test_shape_and_every_item_visible" time="0.807" /><testcase classname="backend.tests.test_iter51_pricelist.TestPricelistView" name="test_stray_category_surfaces_as_uncategorised" time="0.156" /><testcase classname="backend.tests.test_iter51_pricelist.TestPricelistView" name="test_default_margin_and_math" time="0.080" /><testcase classname="backend.tests.test_iter51_pricelist.TestPricelistView" name="test_filters" time="0.146" /><testcase classname="backend.tests.test_iter51_pricelist.TestPricelistEdits" name="test_margin_saves_and_returns_computed_row" time="0.240" /><testcase classname="backend.tests.test_iter51_pricelist.TestPricelistEdits" name="test_legacy_inventory_put_returns_item" time="0.076" /><testcase classname="backend.tests.test_iter51_pricelist.TestPricelistEdits" name="test_cost_gst_hsn_edits" time="0.078" /><testcase classname="backend.tests.test_iter51_pricelist.TestPricelistEdits" name="test_validation" time="0.218" /><testcase classname="backend.tests.test_iter51_pricelist.TestPricelistEdits" name="test_history_recorded" time="0.147" /><testcase classname="backend.tests.test_iter51_pricelist.TestPricelistEdits" name="test_archive_and_restore" time="0.294" /><testcase classname="backend.tests.test_iter51_pricelist.TestPricelistEdits" name="test_bulk_actions" time="0.372" /><testcase classname="backend.tests.test_iter51_pricelist.TestPricelistEdits" name="test_staff_cannot_write" time="0.161"><skipped type="pytest.skip" message="no staff account">/app/backend/tests/test_iter51_pricelist.py:140: no staff account</skipped></testcase><testcase classname="backend.tests.test_iter51_pricelist.TestCategoryNormalise" name="test_preview_maps_stray_names" time="0.076" /><testcase classname="backend.tests.test_iter51_pricelist.TestCategoryNormalise" name="test_manual_move" time="0.245" /><testcase classname="backend.tests.test_iter51_pricelist.TestCalculatorConsistency" name="test_quick_calc_uses_pricelist_default_margin" time="0.168" /></testsuite></testsuites>