<?xml version="1.0" encoding="utf-8"?><testsuites name="pytest tests"><testsuite name="pytest" errors="0" failures="0" skipped="0" tests="8" time="1.597" timestamp="2026-05-21T19:15:19.492431+00:00" hostname="agent-env-86a396a4-eee6-43cf-95a4-609aa1e6ecd9"><testcase classname="backend.tests.test_iteration32.TestDashboardConversion" name="test_stats_excludes_drafts" time="0.569" /><testcase classname="backend.tests.test_iteration32.TestDashboardConversion" name="test_ceo_excludes_drafts" time="0.108" /><testcase classname="backend.tests.test_iteration32.TestTerms" name="test_terms_list" time="0.049" /><testcase classname="backend.tests.test_iteration32.TestTerms" name="test_get_terms_by_id" time="0.101" /><testcase classname="backend.tests.test_iteration32.TestTerms" name="test_get_terms_invalid_id" time="0.047" /><testcase classname="backend.tests.test_iteration32.TestTerms" name="test_delete_active_terms_allowed" time="0.150" /><testcase classname="backend.tests.test_iteration32.TestProjectTermsId" name="test_create_project_with_terms_id" time="0.401" /><testcase classname="backend.tests.test_iteration32.TestSiteElectricalRegression" name="test_create_and_update_project_without_load_kwargs" time="0.100" /></testsuite></testsuites>