<?xml version="1.0" encoding="utf-8"?><testsuites name="pytest tests"><testsuite name="pytest" errors="0" failures="1" skipped="0" tests="25" time="1.397" timestamp="2026-08-16T11:59:56.911034+00:00" hostname="agent-env-86a396a4-eee6-43cf-95a4-609aa1e6ecd9"><testcase classname="tests.test_iter41_api" name="test_seed_defaults_idempotent" time="0.476" /><testcase classname="tests.test_iter41_api" name="test_lookup_641001_tangedco" time="0.044" /><testcase classname="tests.test_iter41_api" name="test_lookup_682001_kseb" time="0.047" /><testcase classname="tests.test_iter41_api" name="test_lookup_999999_fallback" time="0.049" /><testcase classname="tests.test_iter41_api" name="test_solution_tn_vs_kl_payback_differs" time="0.091" /><testcase classname="tests.test_iter41_api" name="test_solution_agricultural_no_divzero" time="0.046" /><testcase classname="tests.test_iter41_api" name="test_solution_pump_dc" time="0.047" /><testcase classname="tests.test_iter41_api" name="test_bill_savings_endpoint" time="0.045" /><testcase classname="tests.test_iter41_api" name="test_config_get_and_put" time="0.087" /><testcase classname="tests.test_iter41_api" name="test_discoms_crud" time="0.219" /><testcase classname="tests.test_iter41_api" name="test_pincodes_add" time="0.087" /><testcase classname="tests.test_iter41_api" name="test_project_persists_location_and_snapshot" time="0.089"><failure message="AssertionError: snapshot not persisted: {}&#10;assert None == 5.2&#10; +  where None = &lt;built-in method get of dict object at 0xfd81608c0500&gt;('payback_years')&#10; +    where &lt;built-in method get of dict object at 0xfd81608c0500&gt; = {}.get">E   AssertionError: snapshot not persisted: {}
    assert None == 5.2
     +  where None = &lt;built-in method get of dict object at 0xfd81608c0500&gt;('payback_years')
     +    where &lt;built-in method get of dict object at 0xfd81608c0500&gt; = {}.get</failure></testcase><testcase classname="tests.test_calculators" name="test_slab_bill_telescopic_500_units" time="0.000" /><testcase classname="tests.test_calculators" name="test_slab_zero_units" time="0.000" /><testcase classname="tests.test_calculators" name="test_back_solve_units_round_trip" time="0.000" /><testcase classname="tests.test_calculators" name="test_savings_top_slab_first" time="0.000" /><testcase classname="tests.test_calculators" name="test_savings_export_credit_when_gen_exceeds_use" time="0.000" /><testcase classname="tests.test_calculators" name="test_pm_surya_ghar_slabs" time="0.000" /><testcase classname="tests.test_calculators" name="test_pm_kusum_split_shares" time="0.000" /><testcase classname="tests.test_calculators" name="test_ongrid_zero_tariff_no_crash" time="0.000" /><testcase classname="tests.test_calculators" name="test_ongrid_tn_vs_kl_produces_different_paybacks" time="0.001" /><testcase classname="tests.test_calculators" name="test_pump_dc_sizing_reasonable" time="0.001" /><testcase classname="tests.test_calculators" name="test_pump_bore_casing_warning" time="0.000" /><testcase classname="tests.test_calculators" name="test_pump_ac_uses_vfd_efficiency" time="0.000" /><testcase classname="tests.test_calculators" name="test_override_wins" time="0.000" /></testsuite></testsuites>