<?xml version="1.0" encoding="utf-8"?><testsuites name="pytest tests"><testsuite name="pytest" errors="0" failures="0" skipped="0" tests="8" time="2.913" timestamp="2026-04-06T05:41:06.692000+00:00" hostname="agent-env-e0110833-59f8-4495-a175-30c9c4d6d9d1"><testcase classname="backend.tests.test_refactor_features.TestAuth" name="test_admin_login" time="0.442" /><testcase classname="backend.tests.test_refactor_features.TestInventoryWarehouseFields" name="test_get_inventory_items_has_warehouse_fields" time="0.373" /><testcase classname="backend.tests.test_refactor_features.TestInventoryWarehouseFields" name="test_create_inventory_item_with_warehouse_fields" time="0.142" /><testcase classname="backend.tests.test_refactor_features.TestProjectWithSelectedItems" name="test_create_project_with_selected_items_and_manual_costs" time="0.553" /><testcase classname="backend.tests.test_refactor_features.TestProjectWithSelectedItems" name="test_project_has_what3words_field" time="0.174" /><testcase classname="backend.tests.test_refactor_features.TestPricingConfigRemoved" name="test_pricing_config_endpoint_not_found" time="0.407" /><testcase classname="backend.tests.test_refactor_features.TestExistingInventoryItems" name="test_seeded_inventory_items_exist" time="0.371" /><testcase classname="backend.tests.test_refactor_features.TestDashboardNavigation" name="test_dashboard_stats_endpoint" time="0.379" /></testsuite></testsuites>